2020-06-30 11:25:34.3974 ERROR Exception: 'Incorrect syntax near '，'.' happened in Class 'ValuationDao', Method 'InitComponents', Arguments: None 
    在 System.Data.SqlClient.SqlConnection.OnError(SqlException exception, Boolean breakConnection, Action`1 wrapCloseInAction)
   在 System.Data.SqlClient.SqlInternalConnection.OnError(SqlException exception, Boolean breakConnection, Action`1 wrapCloseInAction)
   在 System.Data.SqlClient.TdsParser.ThrowExceptionAndWarning(TdsParserStateObject stateObj, Boolean callerHasConnectionLock, Boolean asyncClose)
   在 System.Data.SqlClient.TdsParser.TryRun(RunBehavior runBehavior, SqlCommand cmdHandler, SqlDataReader dataStream, BulkCopySimpleResultSet bulkCopyHandler, TdsParserStateObject stateObj, Boolean& dataReady)
   在 System.Data.SqlClient.SqlCommand.RunExecuteNonQueryTds(String methodName, Boolean async, Int32 timeout, Boolean asyncWrite)
   在 System.Data.SqlClient.SqlCommand.InternalExecuteNonQuery(TaskCompletionSource`1 completion, String methodName, Boolean sendToPipe, Int32 timeout, Boolean& usedCache, Boolean asyncWrite, Boolean inRetry)
   在 System.Data.SqlClient.SqlCommand.ExecuteNonQuery()
   在 BusinessObjects.DataAccess.ValuationDao.InitComponents() 位置 d:\Projects\FujiFilm-MEMS\TeamCode\Code\MedicalEquipmentHostingSystem\BusinessObjects\DataAccess\ValuationDao.cs:行号 543
2020-06-30 11:25:34.5404 ERROR Exception: 'Incorrect syntax near '，'.' happened in Class 'ValuationManager', Method 'InitComponents', Arguments: None 
    在 System.Data.SqlClient.SqlConnection.OnError(SqlException exception, Boolean breakConnection, Action`1 wrapCloseInAction)
   在 System.Data.SqlClient.SqlInternalConnection.OnError(SqlException exception, Boolean breakConnection, Action`1 wrapCloseInAction)
   在 System.Data.SqlClient.TdsParser.ThrowExceptionAndWarning(TdsParserStateObject stateObj, Boolean callerHasConnectionLock, Boolean asyncClose)
   在 System.Data.SqlClient.TdsParser.TryRun(RunBehavior runBehavior, SqlCommand cmdHandler, SqlDataReader dataStream, BulkCopySimpleResultSet bulkCopyHandler, TdsParserStateObject stateObj, Boolean& dataReady)
   在 System.Data.SqlClient.SqlCommand.RunExecuteNonQueryTds(String methodName, Boolean async, Int32 timeout, Boolean asyncWrite)
   在 System.Data.SqlClient.SqlCommand.InternalExecuteNonQuery(TaskCompletionSource`1 completion, String methodName, Boolean sendToPipe, Int32 timeout, Boolean& usedCache, Boolean asyncWrite, Boolean inRetry)
   在 System.Data.SqlClient.SqlCommand.ExecuteNonQuery()
   在 BusinessObjects.DataAccess.ValuationDao.InitComponents() 位置 d:\Projects\FujiFilm-MEMS\TeamCode\Code\MedicalEquipmentHostingSystem\BusinessObjects\DataAccess\ValuationDao.cs:行号 545
   在 BusinessObjects.Manager.ValuationManager.InitComponents() 位置 d:\Projects\FujiFilm-MEMS\TeamCode\Code\MedicalEquipmentHostingSystem\BusinessObjects\Manager\ValuationManager.cs:行号 217
2020-06-30 11:25:34.5913 ERROR Incorrect syntax near '，'. 
    在 System.Data.SqlClient.SqlConnection.OnError(SqlException exception, Boolean breakConnection, Action`1 wrapCloseInAction)
   在 System.Data.SqlClient.SqlInternalConnection.OnError(SqlException exception, Boolean breakConnection, Action`1 wrapCloseInAction)
   在 System.Data.SqlClient.TdsParser.ThrowExceptionAndWarning(TdsParserStateObject stateObj, Boolean callerHasConnectionLock, Boolean asyncClose)
   在 System.Data.SqlClient.TdsParser.TryRun(RunBehavior runBehavior, SqlCommand cmdHandler, SqlDataReader dataStream, BulkCopySimpleResultSet bulkCopyHandler, TdsParserStateObject stateObj, Boolean& dataReady)
   在 System.Data.SqlClient.SqlCommand.RunExecuteNonQueryTds(String methodName, Boolean async, Int32 timeout, Boolean asyncWrite)
   在 System.Data.SqlClient.SqlCommand.InternalExecuteNonQuery(TaskCompletionSource`1 completion, String methodName, Boolean sendToPipe, Int32 timeout, Boolean& usedCache, Boolean asyncWrite, Boolean inRetry)
   在 System.Data.SqlClient.SqlCommand.ExecuteNonQuery()
   在 BusinessObjects.DataAccess.ValuationDao.InitComponents() 位置 d:\Projects\FujiFilm-MEMS\TeamCode\Code\MedicalEquipmentHostingSystem\BusinessObjects\DataAccess\ValuationDao.cs:行号 545
   在 BusinessObjects.Manager.ValuationManager.InitComponents() 位置 d:\Projects\FujiFilm-MEMS\TeamCode\Code\MedicalEquipmentHostingSystem\BusinessObjects\Manager\ValuationManager.cs:行号 218
   在 MedicalEquipmentHostingSystem.Controllers.ValuationController.InitValComponents() 位置 d:\Projects\FujiFilm-MEMS\TeamCode\Code\MedicalEquipmentHostingSystem\MedicalEquipmentHostingSystem\Controllers\ValuationController.cs:行号 515
2020-06-30 11:49:51.3580 ERROR 该字符串未被识别为有效的 DateTime。 
    在 System.DateTimeParse.Parse(String s, DateTimeFormatInfo dtfi, DateTimeStyles styles)
   在 System.Convert.ToDateTime(String value, IFormatProvider provider)
   在 System.String.System.IConvertible.ToDateTime(IFormatProvider provider)
   在 System.Convert.ToDateTime(Object value)
   在 BusinessObjects.Util.SQLUtil.ConvertDateTime(Object obj)
   在 BusinessObjects.Manager.ValuationManager.ParseImportFile(Byte[] fileBytes, String& message, List`1& importEquipments, List`1& updateEquipments)
   在 MedicalEquipmentHostingSystem.Controllers.ValuationController.ImportValEquipment(String base64String) 位置 d:\Projects\FujiFilm-MEMS\TeamCode\Code\MedicalEquipmentHostingSystem\MedicalEquipmentHostingSystem\Controllers\ValuationController.cs:行号 417
2020-06-30 11:51:47.8219 ERROR 该字符串未被识别为有效的 DateTime。 
    在 System.DateTimeParse.Parse(String s, DateTimeFormatInfo dtfi, DateTimeStyles styles)
   在 System.Convert.ToDateTime(String value, IFormatProvider provider)
   在 System.String.System.IConvertible.ToDateTime(IFormatProvider provider)
   在 System.Convert.ToDateTime(Object value)
   在 BusinessObjects.Util.SQLUtil.ConvertDateTime(Object obj)
   在 BusinessObjects.Manager.ValuationManager.ParseImportFile(Byte[] fileBytes, String& message, List`1& importEquipments, List`1& updateEquipments)
   在 MedicalEquipmentHostingSystem.Controllers.ValuationController.ImportValEquipment(String base64String) 位置 d:\Projects\FujiFilm-MEMS\TeamCode\Code\MedicalEquipmentHostingSystem\MedicalEquipmentHostingSystem\Controllers\ValuationController.cs:行号 417
2020-06-30 11:55:58.4203 ERROR 该字符串未被识别为有效的 DateTime。 
    在 System.DateTimeParse.Parse(String s, DateTimeFormatInfo dtfi, DateTimeStyles styles)
   在 System.Convert.ToDateTime(String value, IFormatProvider provider)
   在 System.String.System.IConvertible.ToDateTime(IFormatProvider provider)
   在 System.Convert.ToDateTime(Object value)
   在 BusinessObjects.Util.SQLUtil.ConvertDateTime(Object obj)
   在 BusinessObjects.Manager.ValuationManager.ParseImportFile(Byte[] fileBytes, String& message, List`1& importEquipments, List`1& updateEquipments)
   在 MedicalEquipmentHostingSystem.Controllers.ValuationController.ImportValEquipment(String base64String) 位置 d:\Projects\FujiFilm-MEMS\TeamCode\Code\MedicalEquipmentHostingSystem\MedicalEquipmentHostingSystem\Controllers\ValuationController.cs:行号 417
2020-06-30 13:36:51.6548 ERROR Exception: '调用的目标发生了异常。' happened in Class 'ValuationDao', Method 'QueryComponentList', Arguments: Int32 = -1, Int32 = 0, String = c.Name, String = , Int32 = 0, Int32 = 10 
    在 System.RuntimeMethodHandle.InvokeMethod(Object target, Object[] arguments, Signature sig, Boolean constructor)
   在 System.Reflection.RuntimeConstructorInfo.Invoke(BindingFlags invokeAttr, Binder binder, Object[] parameters, CultureInfo culture)
   在 System.Reflection.ConstructorInfo.Invoke(Object[] parameters)
   在 BusinessObjects.DataAccess.BaseDao.DataRowInstantiation[T](List`1 infos, DataTable dt) 位置 d:\Projects\FujiFilm-MEMS\TeamCode\Code\MedicalEquipmentHostingSystem\BusinessObjects\DataAccess\BaseDao.cs:行号 334
   在 BusinessObjects.DataAccess.BaseDao.GetList[T](SqlCommand command) 位置 d:\Projects\FujiFilm-MEMS\TeamCode\Code\MedicalEquipmentHostingSystem\BusinessObjects\DataAccess\BaseDao.cs:行号 312
   在 BusinessObjects.DataAccess.ValuationDao.QueryComponentList(Int32 componentType, Int32 equipmentType, String filterField, String filterText, Int32 curRowNum, Int32 pageSize) 位置 d:\Projects\FujiFilm-MEMS\TeamCode\Code\MedicalEquipmentHostingSystem\BusinessObjects\DataAccess\ValuationDao.cs:行号 624
2020-06-30 13:36:51.7398 ERROR 调用的目标发生了异常。 
    在 System.RuntimeMethodHandle.InvokeMethod(Object target, Object[] arguments, Signature sig, Boolean constructor)
   在 System.Reflection.RuntimeConstructorInfo.Invoke(BindingFlags invokeAttr, Binder binder, Object[] parameters, CultureInfo culture)
   在 System.Reflection.ConstructorInfo.Invoke(Object[] parameters)
   在 BusinessObjects.DataAccess.BaseDao.DataRowInstantiation[T](List`1 infos, DataTable dt) 位置 d:\Projects\FujiFilm-MEMS\TeamCode\Code\MedicalEquipmentHostingSystem\BusinessObjects\DataAccess\BaseDao.cs:行号 334
   在 BusinessObjects.DataAccess.BaseDao.GetList[T](SqlCommand command) 位置 d:\Projects\FujiFilm-MEMS\TeamCode\Code\MedicalEquipmentHostingSystem\BusinessObjects\DataAccess\BaseDao.cs:行号 312
   在 BusinessObjects.DataAccess.ValuationDao.QueryComponentList(Int32 componentType, Int32 equipmentType, String filterField, String filterText, Int32 curRowNum, Int32 pageSize) 位置 d:\Projects\FujiFilm-MEMS\TeamCode\Code\MedicalEquipmentHostingSystem\BusinessObjects\DataAccess\ValuationDao.cs:行号 626
   在 MedicalEquipmentHostingSystem.Controllers.ValuationController.QueryValComponents(List`1 infos, Int32 componentType, Int32 equipmentType, String filterField, String filterText, Int32 currentPage) 位置 d:\Projects\FujiFilm-MEMS\TeamCode\Code\MedicalEquipmentHostingSystem\MedicalEquipmentHostingSystem\Controllers\ValuationController.cs:行号 564
2020-06-30 13:54:33.0682 ERROR Exception: '输入字符串的格式不正确。' happened in Class 'ValuationManager', Method 'ParseImportFile', Arguments: Byte[] = System.Byte[], String = , List`1 = System.Collections.Generic.List`1[BusinessObjects.Domain.ValEquipmentInfo], List`1 = System.Collections.Generic.List`1[BusinessObjects.Domain.ValEquipmentInfo] 
    在 System.Number.ParseDouble(String value, NumberStyles options, NumberFormatInfo numfmt)
   在 System.String.System.IConvertible.ToDouble(IFormatProvider provider)
   在 System.Convert.ToDouble(Object value)
   在 BusinessObjects.Util.SQLUtil.ConvertDouble(Object obj) 位置 d:\Projects\FujiFilm-MEMS\TeamCode\Code\MedicalEquipmentHostingSystem\BusinessObjects\Util\SQLUtil.cs:行号 71
   在 BusinessObjects.Manager.ValuationManager.ParseImportFile(Byte[] fileBytes, String& message, List`1& importEquipments, List`1& updateEquipments) 位置 d:\Projects\FujiFilm-MEMS\TeamCode\Code\MedicalEquipmentHostingSystem\BusinessObjects\Manager\ValuationManager.cs:行号 128
2020-06-30 13:54:33.2031 ERROR 输入字符串的格式不正确。 
    在 System.Number.ParseDouble(String value, NumberStyles options, NumberFormatInfo numfmt)
   在 System.String.System.IConvertible.ToDouble(IFormatProvider provider)
   在 System.Convert.ToDouble(Object value)
   在 BusinessObjects.Util.SQLUtil.ConvertDouble(Object obj) 位置 d:\Projects\FujiFilm-MEMS\TeamCode\Code\MedicalEquipmentHostingSystem\BusinessObjects\Util\SQLUtil.cs:行号 71
   在 BusinessObjects.Manager.ValuationManager.ParseImportFile(Byte[] fileBytes, String& message, List`1& importEquipments, List`1& updateEquipments) 位置 d:\Projects\FujiFilm-MEMS\TeamCode\Code\MedicalEquipmentHostingSystem\BusinessObjects\Manager\ValuationManager.cs:行号 196
   在 MedicalEquipmentHostingSystem.Controllers.ValuationController.ImportValEquipment(String base64String) 位置 d:\Projects\FujiFilm-MEMS\TeamCode\Code\MedicalEquipmentHostingSystem\MedicalEquipmentHostingSystem\Controllers\ValuationController.cs:行号 417
2020-06-30 13:55:31.5636 ERROR Exception: '输入字符串的格式不正确。' happened in Class 'ValuationManager', Method 'ParseImportFile', Arguments: Byte[] = System.Byte[], String = , List`1 = System.Collections.Generic.List`1[BusinessObjects.Domain.ValEquipmentInfo], List`1 = System.Collections.Generic.List`1[BusinessObjects.Domain.ValEquipmentInfo] 
    在 System.Number.ParseDouble(String value, NumberStyles options, NumberFormatInfo numfmt)
   在 System.String.System.IConvertible.ToDouble(IFormatProvider provider)
   在 System.Convert.ToDouble(Object value)
   在 BusinessObjects.Util.SQLUtil.ConvertDouble(Object obj) 位置 d:\Projects\FujiFilm-MEMS\TeamCode\Code\MedicalEquipmentHostingSystem\BusinessObjects\Util\SQLUtil.cs:行号 71
   在 BusinessObjects.Manager.ValuationManager.ParseImportFile(Byte[] fileBytes, String& message, List`1& importEquipments, List`1& updateEquipments) 位置 d:\Projects\FujiFilm-MEMS\TeamCode\Code\MedicalEquipmentHostingSystem\BusinessObjects\Manager\ValuationManager.cs:行号 128
2020-06-30 13:56:10.6706 ERROR 输入字符串的格式不正确。 
    在 System.Number.ParseDouble(String value, NumberStyles options, NumberFormatInfo numfmt)
   在 System.String.System.IConvertible.ToDouble(IFormatProvider provider)
   在 System.Convert.ToDouble(Object value)
   在 BusinessObjects.Util.SQLUtil.ConvertDouble(Object obj)
   在 BusinessObjects.Manager.ValuationManager.ParseImportFile(Byte[] fileBytes, String& message, List`1& importEquipments, List`1& updateEquipments)
   在 MedicalEquipmentHostingSystem.Controllers.ValuationController.ImportValEquipment(String base64String) 位置 d:\Projects\FujiFilm-MEMS\TeamCode\Code\MedicalEquipmentHostingSystem\MedicalEquipmentHostingSystem\Controllers\ValuationController.cs:行号 417
2020-06-30 13:56:13.2262 ERROR 签名不是 IMAGE_CEE_CS_CALLCONV_LOCAL_SIG。 
    在 BusinessObjects.Manager.ValuationManager.ParseImportFile(Byte[] fileBytes, String& message, List`1& importEquipments, List`1& updateEquipments)
   在 MedicalEquipmentHostingSystem.Controllers.ValuationController.ImportValEquipment(String base64String) 位置 d:\Projects\FujiFilm-MEMS\TeamCode\Code\MedicalEquipmentHostingSystem\MedicalEquipmentHostingSystem\Controllers\ValuationController.cs:行号 417
2020-06-30 13:56:20.5310 ERROR 签名不是 IMAGE_CEE_CS_CALLCONV_LOCAL_SIG。 
    在 BusinessObjects.Manager.ValuationManager.ParseImportFile(Byte[] fileBytes, String& message, List`1& importEquipments, List`1& updateEquipments)
   在 MedicalEquipmentHostingSystem.Controllers.ValuationController.ImportValEquipment(String base64String) 位置 d:\Projects\FujiFilm-MEMS\TeamCode\Code\MedicalEquipmentHostingSystem\MedicalEquipmentHostingSystem\Controllers\ValuationController.cs:行号 417
2020-06-30 13:56:26.9773 ERROR 签名不是 IMAGE_CEE_CS_CALLCONV_LOCAL_SIG。 
    在 BusinessObjects.Manager.ValuationManager.ParseImportFile(Byte[] fileBytes, String& message, List`1& importEquipments, List`1& updateEquipments)
   在 MedicalEquipmentHostingSystem.Controllers.ValuationController.ImportValEquipment(String base64String) 位置 d:\Projects\FujiFilm-MEMS\TeamCode\Code\MedicalEquipmentHostingSystem\MedicalEquipmentHostingSystem\Controllers\ValuationController.cs:行号 417
2020-06-30 13:58:14.6569 ERROR Exception: '输入字符串的格式不正确。' happened in Class 'ValuationManager', Method 'ParseImportFile', Arguments: Byte[] = System.Byte[], String = , List`1 = System.Collections.Generic.List`1[BusinessObjects.Domain.ValEquipmentInfo], List`1 = System.Collections.Generic.List`1[BusinessObjects.Domain.ValEquipmentInfo] 
    在 System.Number.ParseDouble(String value, NumberStyles options, NumberFormatInfo numfmt)
   在 System.String.System.IConvertible.ToDouble(IFormatProvider provider)
   在 System.Convert.ToDouble(Object value)
   在 BusinessObjects.Util.SQLUtil.ConvertDouble(Object obj) 位置 d:\Projects\FujiFilm-MEMS\TeamCode\Code\MedicalEquipmentHostingSystem\BusinessObjects\Util\SQLUtil.cs:行号 71
   在 BusinessObjects.Manager.ValuationManager.ParseImportFile(Byte[] fileBytes, String& message, List`1& importEquipments, List`1& updateEquipments) 位置 d:\Projects\FujiFilm-MEMS\TeamCode\Code\MedicalEquipmentHostingSystem\BusinessObjects\Manager\ValuationManager.cs:行号 129
2020-06-30 13:58:48.1204 ERROR 输入字符串的格式不正确。 
    在 System.Number.ParseDouble(String value, NumberStyles options, NumberFormatInfo numfmt)
   在 System.String.System.IConvertible.ToDouble(IFormatProvider provider)
   在 System.Convert.ToDouble(Object value)
   在 BusinessObjects.Util.SQLUtil.ConvertDouble(Object obj)
   在 BusinessObjects.Manager.ValuationManager.ParseImportFile(Byte[] fileBytes, String& message, List`1& importEquipments, List`1& updateEquipments)
   在 MedicalEquipmentHostingSystem.Controllers.ValuationController.ImportValEquipment(String base64String) 位置 d:\Projects\FujiFilm-MEMS\TeamCode\Code\MedicalEquipmentHostingSystem\MedicalEquipmentHostingSystem\Controllers\ValuationController.cs:行号 417
2020-06-30 13:59:17.2309 ERROR 输入字符串的格式不正确。 
    在 System.Number.ParseDouble(String value, NumberStyles options, NumberFormatInfo numfmt)
   在 System.String.System.IConvertible.ToDouble(IFormatProvider provider)
   在 System.Convert.ToDouble(Object value)
   在 BusinessObjects.Util.SQLUtil.ConvertDouble(Object obj)
   在 BusinessObjects.Manager.ValuationManager.ParseImportFile(Byte[] fileBytes, String& message, List`1& importEquipments, List`1& updateEquipments)
   在 MedicalEquipmentHostingSystem.Controllers.ValuationController.ImportValEquipment(String base64String) 位置 d:\Projects\FujiFilm-MEMS\TeamCode\Code\MedicalEquipmentHostingSystem\MedicalEquipmentHostingSystem\Controllers\ValuationController.cs:行号 417
2020-06-30 13:59:45.3254 ERROR 输入字符串的格式不正确。 
    在 System.Number.ParseDouble(String value, NumberStyles options, NumberFormatInfo numfmt)
   在 System.String.System.IConvertible.ToDouble(IFormatProvider provider)
   在 System.Convert.ToDouble(Object value)
   在 BusinessObjects.Util.SQLUtil.ConvertDouble(Object obj)
   在 BusinessObjects.Manager.ValuationManager.ParseImportFile(Byte[] fileBytes, String& message, List`1& importEquipments, List`1& updateEquipments)
   在 MedicalEquipmentHostingSystem.Controllers.ValuationController.ImportValEquipment(String base64String) 位置 d:\Projects\FujiFilm-MEMS\TeamCode\Code\MedicalEquipmentHostingSystem\MedicalEquipmentHostingSystem\Controllers\ValuationController.cs:行号 417
2020-06-30 14:00:43.4539 ERROR 输入字符串的格式不正确。 
    在 System.Number.ParseDouble(String value, NumberStyles options, NumberFormatInfo numfmt)
   在 System.String.System.IConvertible.ToDouble(IFormatProvider provider)
   在 System.Convert.ToDouble(Object value)
   在 BusinessObjects.Util.SQLUtil.ConvertDouble(Object obj)
   在 BusinessObjects.Manager.ValuationManager.ParseImportFile(Byte[] fileBytes, String& message, List`1& importEquipments, List`1& updateEquipments)
   在 MedicalEquipmentHostingSystem.Controllers.ValuationController.ImportValEquipment(String base64String) 位置 d:\Projects\FujiFilm-MEMS\TeamCode\Code\MedicalEquipmentHostingSystem\MedicalEquipmentHostingSystem\Controllers\ValuationController.cs:行号 417
2020-06-30 14:00:56.9874 ERROR 签名不是 IMAGE_CEE_CS_CALLCONV_LOCAL_SIG。 
    在 BusinessObjects.Manager.ValuationManager.ParseImportFile(Byte[] fileBytes, String& message, List`1& importEquipments, List`1& updateEquipments)
   在 MedicalEquipmentHostingSystem.Controllers.ValuationController.ImportValEquipment(String base64String) 位置 d:\Projects\FujiFilm-MEMS\TeamCode\Code\MedicalEquipmentHostingSystem\MedicalEquipmentHostingSystem\Controllers\ValuationController.cs:行号 417
2020-06-30 14:03:16.0120 ERROR Exception: '输入字符串的格式不正确。' happened in Class 'ValuationManager', Method 'ParseImportFile', Arguments: Byte[] = System.Byte[], String = , List`1 = System.Collections.Generic.List`1[BusinessObjects.Domain.ValEquipmentInfo], List`1 = System.Collections.Generic.List`1[BusinessObjects.Domain.ValEquipmentInfo] 
    在 System.Number.ParseDouble(String value, NumberStyles options, NumberFormatInfo numfmt)
   在 System.String.System.IConvertible.ToDouble(IFormatProvider provider)
   在 System.Convert.ToDouble(Object value)
   在 BusinessObjects.Util.SQLUtil.ConvertDouble(Object obj)
   在 BusinessObjects.Manager.ValuationManager.ParseImportFile(Byte[] fileBytes, String& message, List`1& importEquipments, List`1& updateEquipments)
2020-06-30 14:03:16.0299 ERROR 输入字符串的格式不正确。 
    在 System.Number.ParseDouble(String value, NumberStyles options, NumberFormatInfo numfmt)
   在 System.String.System.IConvertible.ToDouble(IFormatProvider provider)
   在 System.Convert.ToDouble(Object value)
   在 BusinessObjects.Util.SQLUtil.ConvertDouble(Object obj)
   在 BusinessObjects.Manager.ValuationManager.ParseImportFile(Byte[] fileBytes, String& message, List`1& importEquipments, List`1& updateEquipments)
   在 MedicalEquipmentHostingSystem.Controllers.ValuationController.ImportValEquipment(String base64String) 位置 d:\Projects\FujiFilm-MEMS\TeamCode\Code\MedicalEquipmentHostingSystem\MedicalEquipmentHostingSystem\Controllers\ValuationController.cs:行号 417
2020-06-30 14:06:33.9411 ERROR Exception: '输入字符串的格式不正确。' happened in Class 'ValuationManager', Method 'ParseImportFile', Arguments: Byte[] = System.Byte[], String = , List`1 = System.Collections.Generic.List`1[BusinessObjects.Domain.ValEquipmentInfo], List`1 = System.Collections.Generic.List`1[BusinessObjects.Domain.ValEquipmentInfo] 
    在 System.Number.ParseDouble(String value, NumberStyles options, NumberFormatInfo numfmt)
   在 System.String.System.IConvertible.ToDouble(IFormatProvider provider)
   在 System.Convert.ToDouble(Object value)
   在 BusinessObjects.Util.SQLUtil.ConvertDouble(Object obj) 位置 d:\Projects\FujiFilm-MEMS\TeamCode\Code\MedicalEquipmentHostingSystem\BusinessObjects\Util\SQLUtil.cs:行号 71
   在 BusinessObjects.Manager.ValuationManager.ParseImportFile(Byte[] fileBytes, String& message, List`1& importEquipments, List`1& updateEquipments) 位置 d:\Projects\FujiFilm-MEMS\TeamCode\Code\MedicalEquipmentHostingSystem\BusinessObjects\Manager\ValuationManager.cs:行号 130
2020-06-30 14:06:34.0421 ERROR 输入字符串的格式不正确。 
    在 System.Number.ParseDouble(String value, NumberStyles options, NumberFormatInfo numfmt)
   在 System.String.System.IConvertible.ToDouble(IFormatProvider provider)
   在 System.Convert.ToDouble(Object value)
   在 BusinessObjects.Util.SQLUtil.ConvertDouble(Object obj) 位置 d:\Projects\FujiFilm-MEMS\TeamCode\Code\MedicalEquipmentHostingSystem\BusinessObjects\Util\SQLUtil.cs:行号 71
   在 BusinessObjects.Manager.ValuationManager.ParseImportFile(Byte[] fileBytes, String& message, List`1& importEquipments, List`1& updateEquipments) 位置 d:\Projects\FujiFilm-MEMS\TeamCode\Code\MedicalEquipmentHostingSystem\BusinessObjects\Manager\ValuationManager.cs:行号 198
   在 MedicalEquipmentHostingSystem.Controllers.ValuationController.ImportValEquipment(String base64String) 位置 d:\Projects\FujiFilm-MEMS\TeamCode\Code\MedicalEquipmentHostingSystem\MedicalEquipmentHostingSystem\Controllers\ValuationController.cs:行号 417
2020-06-30 14:07:05.7207 ERROR Exception: '输入字符串的格式不正确。' happened in Class 'ValuationManager', Method 'ParseImportFile', Arguments: Byte[] = System.Byte[], String = , List`1 = System.Collections.Generic.List`1[BusinessObjects.Domain.ValEquipmentInfo], List`1 = System.Collections.Generic.List`1[BusinessObjects.Domain.ValEquipmentInfo] 
    在 System.Number.ParseDouble(String value, NumberStyles options, NumberFormatInfo numfmt)
   在 System.String.System.IConvertible.ToDouble(IFormatProvider provider)
   在 System.Convert.ToDouble(Object value)
   在 BusinessObjects.Util.SQLUtil.ConvertDouble(Object obj) 位置 d:\Projects\FujiFilm-MEMS\TeamCode\Code\MedicalEquipmentHostingSystem\BusinessObjects\Util\SQLUtil.cs:行号 71
   在 BusinessObjects.Manager.ValuationManager.ParseImportFile(Byte[] fileBytes, String& message, List`1& importEquipments, List`1& updateEquipments) 位置 d:\Projects\FujiFilm-MEMS\TeamCode\Code\MedicalEquipmentHostingSystem\BusinessObjects\Manager\ValuationManager.cs:行号 130
2020-06-30 16:06:12.7565 ERROR Exception: 'Cannot insert explicit value for identity column in table 'tblValEquipment' when IDENTITY_INSERT is set to OFF.' happened in Class 'ValuationDao', Method 'InitEquipments', Arguments: None 
    在 System.Data.SqlClient.SqlConnection.OnError(SqlException exception, Boolean breakConnection, Action`1 wrapCloseInAction)
   在 System.Data.SqlClient.SqlInternalConnection.OnError(SqlException exception, Boolean breakConnection, Action`1 wrapCloseInAction)
   在 System.Data.SqlClient.TdsParser.ThrowExceptionAndWarning(TdsParserStateObject stateObj, Boolean callerHasConnectionLock, Boolean asyncClose)
   在 System.Data.SqlClient.TdsParser.TryRun(RunBehavior runBehavior, SqlCommand cmdHandler, SqlDataReader dataStream, BulkCopySimpleResultSet bulkCopyHandler, TdsParserStateObject stateObj, Boolean& dataReady)
   在 System.Data.SqlClient.SqlCommand.RunExecuteNonQueryTds(String methodName, Boolean async, Int32 timeout, Boolean asyncWrite)
   在 System.Data.SqlClient.SqlCommand.InternalExecuteNonQuery(TaskCompletionSource`1 completion, String methodName, Boolean sendToPipe, Int32 timeout, Boolean& usedCache, Boolean asyncWrite, Boolean inRetry)
   在 System.Data.SqlClient.SqlCommand.ExecuteNonQuery()
   在 BusinessObjects.DataAccess.ValuationDao.InitEquipments() 位置 d:\Projects\FujiFilm-MEMS\TeamCode\Code\MedicalEquipmentHostingSystem\BusinessObjects\DataAccess\ValuationDao.cs:行号 156
2020-06-30 16:06:12.8894 ERROR Cannot insert explicit value for identity column in table 'tblValEquipment' when IDENTITY_INSERT is set to OFF. 
    在 System.Data.SqlClient.SqlConnection.OnError(SqlException exception, Boolean breakConnection, Action`1 wrapCloseInAction)
   在 System.Data.SqlClient.SqlInternalConnection.OnError(SqlException exception, Boolean breakConnection, Action`1 wrapCloseInAction)
   在 System.Data.SqlClient.TdsParser.ThrowExceptionAndWarning(TdsParserStateObject stateObj, Boolean callerHasConnectionLock, Boolean asyncClose)
   在 System.Data.SqlClient.TdsParser.TryRun(RunBehavior runBehavior, SqlCommand cmdHandler, SqlDataReader dataStream, BulkCopySimpleResultSet bulkCopyHandler, TdsParserStateObject stateObj, Boolean& dataReady)
   在 System.Data.SqlClient.SqlCommand.RunExecuteNonQueryTds(String methodName, Boolean async, Int32 timeout, Boolean asyncWrite)
   在 System.Data.SqlClient.SqlCommand.InternalExecuteNonQuery(TaskCompletionSource`1 completion, String methodName, Boolean sendToPipe, Int32 timeout, Boolean& usedCache, Boolean asyncWrite, Boolean inRetry)
   在 System.Data.SqlClient.SqlCommand.ExecuteNonQuery()
   在 BusinessObjects.DataAccess.ValuationDao.InitEquipments() 位置 d:\Projects\FujiFilm-MEMS\TeamCode\Code\MedicalEquipmentHostingSystem\BusinessObjects\DataAccess\ValuationDao.cs:行号 158
   在 MedicalEquipmentHostingSystem.Controllers.ValuationController.InitValEquipments() 位置 d:\Projects\FujiFilm-MEMS\TeamCode\Code\MedicalEquipmentHostingSystem\MedicalEquipmentHostingSystem\Controllers\ValuationController.cs:行号 288
2020-06-30 16:08:30.6769 ERROR Exception: 'Cannot insert explicit value for identity column in table 'tblValEquipment' when IDENTITY_INSERT is set to OFF.' happened in Class 'ValuationDao', Method 'InitEquipments', Arguments: None 
    在 System.Data.SqlClient.SqlConnection.OnError(SqlException exception, Boolean breakConnection, Action`1 wrapCloseInAction)
   在 System.Data.SqlClient.SqlInternalConnection.OnError(SqlException exception, Boolean breakConnection, Action`1 wrapCloseInAction)
   在 System.Data.SqlClient.TdsParser.ThrowExceptionAndWarning(TdsParserStateObject stateObj, Boolean callerHasConnectionLock, Boolean asyncClose)
   在 System.Data.SqlClient.TdsParser.TryRun(RunBehavior runBehavior, SqlCommand cmdHandler, SqlDataReader dataStream, BulkCopySimpleResultSet bulkCopyHandler, TdsParserStateObject stateObj, Boolean& dataReady)
   在 System.Data.SqlClient.SqlCommand.RunExecuteNonQueryTds(String methodName, Boolean async, Int32 timeout, Boolean asyncWrite)
   在 System.Data.SqlClient.SqlCommand.InternalExecuteNonQuery(TaskCompletionSource`1 completion, String methodName, Boolean sendToPipe, Int32 timeout, Boolean& usedCache, Boolean asyncWrite, Boolean inRetry)
   在 System.Data.SqlClient.SqlCommand.ExecuteNonQuery()
   在 BusinessObjects.DataAccess.ValuationDao.InitEquipments() 位置 d:\Projects\FujiFilm-MEMS\TeamCode\Code\MedicalEquipmentHostingSystem\BusinessObjects\DataAccess\ValuationDao.cs:行号 156
2020-06-30 16:21:47.9331 ERROR 未将对象引用设置到对象的实例。 
    在 MedicalEquipmentHostingSystem.Controllers.DispatchController.QueryDispatches(Int32 status, Int32 urgency, Int32 type, String filterField, String filterText, String sortField, Boolean sortDirection, Int32 currentPage) 位置 d:\Projects\FujiFilm-MEMS\TeamCode\Code\MedicalEquipmentHostingSystem\MedicalEquipmentHostingSystem\Controllers\DispatchController.cs:行号 135
2020-06-30 16:21:48.1673 ERROR 未将对象引用设置到对象的实例。 
    在 MedicalEquipmentHostingSystem.Controllers.DispatchController.QueryDispatches(Int32 status, Int32 urgency, Int32 type, String filterField, String filterText, String sortField, Boolean sortDirection, Int32 currentPage) 位置 d:\Projects\FujiFilm-MEMS\TeamCode\Code\MedicalEquipmentHostingSystem\MedicalEquipmentHostingSystem\Controllers\DispatchController.cs:行号 135
2020-06-30 16:22:55.0699 ERROR Exception: 'Cannot insert explicit value for identity column in table 'tblValEquipment' when IDENTITY_INSERT is set to OFF.' happened in Class 'ValuationDao', Method 'AddEquipments', Arguments: DataTable =  
    在 System.Data.Common.DbDataAdapter.UpdatedRowStatusErrors(RowUpdatedEventArgs rowUpdatedEvent, BatchCommandInfo[] batchCommands, Int32 commandCount)
   在 System.Data.Common.DbDataAdapter.UpdatedRowStatus(RowUpdatedEventArgs rowUpdatedEvent, BatchCommandInfo[] batchCommands, Int32 commandCount)
   在 System.Data.Common.DbDataAdapter.Update(DataRow[] dataRows, DataTableMapping tableMapping)
   在 System.Data.Common.DbDataAdapter.UpdateFromDataTable(DataTable dataTable, DataTableMapping tableMapping)
   在 System.Data.Common.DbDataAdapter.Update(DataTable dataTable)
   在 BusinessObjects.DataAccess.ValuationDao.AddEquipments(DataTable dt) 位置 d:\Projects\FujiFilm-MEMS\TeamCode\Code\MedicalEquipmentHostingSystem\BusinessObjects\DataAccess\ValuationDao.cs:行号 379
2020-06-30 16:22:55.1928 ERROR Exception: 'Cannot insert explicit value for identity column in table 'tblValEquipment' when IDENTITY_INSERT is set to OFF.' happened in Class 'ValuationManager', Method 'SaveValEquipments', Arguments: List`1 = System.Collections.Generic.List`1[BusinessObjects.Domain.ValEquipmentInfo], List`1 = System.Collections.Generic.List`1[BusinessObjects.Domain.ValEquipmentInfo] 
    在 System.Data.Common.DbDataAdapter.UpdatedRowStatusErrors(RowUpdatedEventArgs rowUpdatedEvent, BatchCommandInfo[] batchCommands, Int32 commandCount)
   在 System.Data.Common.DbDataAdapter.UpdatedRowStatus(RowUpdatedEventArgs rowUpdatedEvent, BatchCommandInfo[] batchCommands, Int32 commandCount)
   在 System.Data.Common.DbDataAdapter.Update(DataRow[] dataRows, DataTableMapping tableMapping)
   在 System.Data.Common.DbDataAdapter.UpdateFromDataTable(DataTable dataTable, DataTableMapping tableMapping)
   在 System.Data.Common.DbDataAdapter.Update(DataTable dataTable)
   在 BusinessObjects.DataAccess.ValuationDao.AddEquipments(DataTable dt) 位置 d:\Projects\FujiFilm-MEMS\TeamCode\Code\MedicalEquipmentHostingSystem\BusinessObjects\DataAccess\ValuationDao.cs:行号 382
   在 BusinessObjects.Manager.ValuationManager.SaveValEquipments(List`1 updateEquipments, List`1 importEquipments) 位置 d:\Projects\FujiFilm-MEMS\TeamCode\Code\MedicalEquipmentHostingSystem\BusinessObjects\Manager\ValuationManager.cs:行号 67
2020-06-30 16:22:55.2678 ERROR Cannot insert explicit value for identity column in table 'tblValEquipment' when IDENTITY_INSERT is set to OFF. 
    在 System.Data.Common.DbDataAdapter.UpdatedRowStatusErrors(RowUpdatedEventArgs rowUpdatedEvent, BatchCommandInfo[] batchCommands, Int32 commandCount)
   在 System.Data.Common.DbDataAdapter.UpdatedRowStatus(RowUpdatedEventArgs rowUpdatedEvent, BatchCommandInfo[] batchCommands, Int32 commandCount)
   在 System.Data.Common.DbDataAdapter.Update(DataRow[] dataRows, DataTableMapping tableMapping)
   在 System.Data.Common.DbDataAdapter.UpdateFromDataTable(DataTable dataTable, DataTableMapping tableMapping)
   在 System.Data.Common.DbDataAdapter.Update(DataTable dataTable)
   在 BusinessObjects.DataAccess.ValuationDao.AddEquipments(DataTable dt) 位置 d:\Projects\FujiFilm-MEMS\TeamCode\Code\MedicalEquipmentHostingSystem\BusinessObjects\DataAccess\ValuationDao.cs:行号 382
   在 BusinessObjects.Manager.ValuationManager.SaveValEquipments(List`1 updateEquipments, List`1 importEquipments) 位置 d:\Projects\FujiFilm-MEMS\TeamCode\Code\MedicalEquipmentHostingSystem\BusinessObjects\Manager\ValuationManager.cs:行号 73
   在 MedicalEquipmentHostingSystem.Controllers.ValuationController.ImportValEquipment(String base64String) 位置 d:\Projects\FujiFilm-MEMS\TeamCode\Code\MedicalEquipmentHostingSystem\MedicalEquipmentHostingSystem\Controllers\ValuationController.cs:行号 421
2020-06-30 16:46:23.2200 ERROR Exception: 'Violation of PRIMARY KEY constraint 'PK_tblValEquipment'. Cannot insert duplicate key in object 'dbo.tblValEquipment'. The duplicate key value is (0, 1).
The statement has been terminated.' happened in Class 'ValuationDao', Method 'AddEquipments', Arguments: DataTable =  
    在 System.Data.Common.DbDataAdapter.UpdatedRowStatusErrors(RowUpdatedEventArgs rowUpdatedEvent, BatchCommandInfo[] batchCommands, Int32 commandCount)
   在 System.Data.Common.DbDataAdapter.UpdatedRowStatus(RowUpdatedEventArgs rowUpdatedEvent, BatchCommandInfo[] batchCommands, Int32 commandCount)
   在 System.Data.Common.DbDataAdapter.Update(DataRow[] dataRows, DataTableMapping tableMapping)
   在 System.Data.Common.DbDataAdapter.UpdateFromDataTable(DataTable dataTable, DataTableMapping tableMapping)
   在 System.Data.Common.DbDataAdapter.Update(DataTable dataTable)
   在 BusinessObjects.DataAccess.ValuationDao.AddEquipments(DataTable dt) 位置 d:\Projects\FujiFilm-MEMS\TeamCode\Code\MedicalEquipmentHostingSystem\BusinessObjects\DataAccess\ValuationDao.cs:行号 381
2020-06-30 16:46:23.3999 ERROR Exception: 'Violation of PRIMARY KEY constraint 'PK_tblValEquipment'. Cannot insert duplicate key in object 'dbo.tblValEquipment'. The duplicate key value is (0, 1).
The statement has been terminated.' happened in Class 'ValuationManager', Method 'SaveValEquipments', Arguments: List`1 = System.Collections.Generic.List`1[BusinessObjects.Domain.ValEquipmentInfo], List`1 = System.Collections.Generic.List`1[BusinessObjects.Domain.ValEquipmentInfo] 
    在 System.Data.Common.DbDataAdapter.UpdatedRowStatusErrors(RowUpdatedEventArgs rowUpdatedEvent, BatchCommandInfo[] batchCommands, Int32 commandCount)
   在 System.Data.Common.DbDataAdapter.UpdatedRowStatus(RowUpdatedEventArgs rowUpdatedEvent, BatchCommandInfo[] batchCommands, Int32 commandCount)
   在 System.Data.Common.DbDataAdapter.Update(DataRow[] dataRows, DataTableMapping tableMapping)
   在 System.Data.Common.DbDataAdapter.UpdateFromDataTable(DataTable dataTable, DataTableMapping tableMapping)
   在 System.Data.Common.DbDataAdapter.Update(DataTable dataTable)
   在 BusinessObjects.DataAccess.ValuationDao.AddEquipments(DataTable dt) 位置 d:\Projects\FujiFilm-MEMS\TeamCode\Code\MedicalEquipmentHostingSystem\BusinessObjects\DataAccess\ValuationDao.cs:行号 384
   在 BusinessObjects.Manager.ValuationManager.SaveValEquipments(List`1 updateEquipments, List`1 importEquipments) 位置 d:\Projects\FujiFilm-MEMS\TeamCode\Code\MedicalEquipmentHostingSystem\BusinessObjects\Manager\ValuationManager.cs:行号 67
2020-06-30 16:46:23.4648 ERROR Violation of PRIMARY KEY constraint 'PK_tblValEquipment'. Cannot insert duplicate key in object 'dbo.tblValEquipment'. The duplicate key value is (0, 1).
The statement has been terminated. 
    在 System.Data.Common.DbDataAdapter.UpdatedRowStatusErrors(RowUpdatedEventArgs rowUpdatedEvent, BatchCommandInfo[] batchCommands, Int32 commandCount)
   在 System.Data.Common.DbDataAdapter.UpdatedRowStatus(RowUpdatedEventArgs rowUpdatedEvent, BatchCommandInfo[] batchCommands, Int32 commandCount)
   在 System.Data.Common.DbDataAdapter.Update(DataRow[] dataRows, DataTableMapping tableMapping)
   在 System.Data.Common.DbDataAdapter.UpdateFromDataTable(DataTable dataTable, DataTableMapping tableMapping)
   在 System.Data.Common.DbDataAdapter.Update(DataTable dataTable)
   在 BusinessObjects.DataAccess.ValuationDao.AddEquipments(DataTable dt) 位置 d:\Projects\FujiFilm-MEMS\TeamCode\Code\MedicalEquipmentHostingSystem\BusinessObjects\DataAccess\ValuationDao.cs:行号 384
   在 BusinessObjects.Manager.ValuationManager.SaveValEquipments(List`1 updateEquipments, List`1 importEquipments) 位置 d:\Projects\FujiFilm-MEMS\TeamCode\Code\MedicalEquipmentHostingSystem\BusinessObjects\Manager\ValuationManager.cs:行号 73
   在 MedicalEquipmentHostingSystem.Controllers.ValuationController.ImportValEquipment(String base64String) 位置 d:\Projects\FujiFilm-MEMS\TeamCode\Code\MedicalEquipmentHostingSystem\MedicalEquipmentHostingSystem\Controllers\ValuationController.cs:行号 421
2020-06-30 16:46:34.7166 ERROR Exception: 'Violation of PRIMARY KEY constraint 'PK_tblValEquipment'. Cannot insert duplicate key in object 'dbo.tblValEquipment'. The duplicate key value is (0, 1).
The statement has been terminated.' happened in Class 'ValuationDao', Method 'AddEquipments', Arguments: DataTable =  
    在 System.Data.Common.DbDataAdapter.UpdatedRowStatusErrors(RowUpdatedEventArgs rowUpdatedEvent, BatchCommandInfo[] batchCommands, Int32 commandCount)
   在 System.Data.Common.DbDataAdapter.UpdatedRowStatus(RowUpdatedEventArgs rowUpdatedEvent, BatchCommandInfo[] batchCommands, Int32 commandCount)
   在 System.Data.Common.DbDataAdapter.Update(DataRow[] dataRows, DataTableMapping tableMapping)
   在 System.Data.Common.DbDataAdapter.UpdateFromDataTable(DataTable dataTable, DataTableMapping tableMapping)
   在 System.Data.Common.DbDataAdapter.Update(DataTable dataTable)
   在 BusinessObjects.DataAccess.ValuationDao.AddEquipments(DataTable dt) 位置 d:\Projects\FujiFilm-MEMS\TeamCode\Code\MedicalEquipmentHostingSystem\BusinessObjects\DataAccess\ValuationDao.cs:行号 381
2020-06-30 16:46:34.7466 ERROR Exception: 'Violation of PRIMARY KEY constraint 'PK_tblValEquipment'. Cannot insert duplicate key in object 'dbo.tblValEquipment'. The duplicate key value is (0, 1).
The statement has been terminated.' happened in Class 'ValuationManager', Method 'SaveValEquipments', Arguments: List`1 = System.Collections.Generic.List`1[BusinessObjects.Domain.ValEquipmentInfo], List`1 = System.Collections.Generic.List`1[BusinessObjects.Domain.ValEquipmentInfo] 
    在 System.Data.Common.DbDataAdapter.UpdatedRowStatusErrors(RowUpdatedEventArgs rowUpdatedEvent, BatchCommandInfo[] batchCommands, Int32 commandCount)
   在 System.Data.Common.DbDataAdapter.UpdatedRowStatus(RowUpdatedEventArgs rowUpdatedEvent, BatchCommandInfo[] batchCommands, Int32 commandCount)
   在 System.Data.Common.DbDataAdapter.Update(DataRow[] dataRows, DataTableMapping tableMapping)
   在 System.Data.Common.DbDataAdapter.UpdateFromDataTable(DataTable dataTable, DataTableMapping tableMapping)
   在 System.Data.Common.DbDataAdapter.Update(DataTable dataTable)
   在 BusinessObjects.DataAccess.ValuationDao.AddEquipments(DataTable dt) 位置 d:\Projects\FujiFilm-MEMS\TeamCode\Code\MedicalEquipmentHostingSystem\BusinessObjects\DataAccess\ValuationDao.cs:行号 384
   在 BusinessObjects.Manager.ValuationManager.SaveValEquipments(List`1 updateEquipments, List`1 importEquipments) 位置 d:\Projects\FujiFilm-MEMS\TeamCode\Code\MedicalEquipmentHostingSystem\BusinessObjects\Manager\ValuationManager.cs:行号 67
2020-06-30 16:46:50.2941 ERROR Exception: 'Violation of PRIMARY KEY constraint 'PK_tblValEquipment'. Cannot insert duplicate key in object 'dbo.tblValEquipment'. The duplicate key value is (0, 1).
The statement has been terminated.' happened in Class 'ValuationDao', Method 'AddEquipments', Arguments: DataTable =  
    在 System.Data.Common.DbDataAdapter.UpdatedRowStatusErrors(RowUpdatedEventArgs rowUpdatedEvent, BatchCommandInfo[] batchCommands, Int32 commandCount)
   在 System.Data.Common.DbDataAdapter.UpdatedRowStatus(RowUpdatedEventArgs rowUpdatedEvent, BatchCommandInfo[] batchCommands, Int32 commandCount)
   在 System.Data.Common.DbDataAdapter.Update(DataRow[] dataRows, DataTableMapping tableMapping)
   在 System.Data.Common.DbDataAdapter.UpdateFromDataTable(DataTable dataTable, DataTableMapping tableMapping)
   在 System.Data.Common.DbDataAdapter.Update(DataTable dataTable)
   在 BusinessObjects.DataAccess.ValuationDao.AddEquipments(DataTable dt) 位置 d:\Projects\FujiFilm-MEMS\TeamCode\Code\MedicalEquipmentHostingSystem\BusinessObjects\DataAccess\ValuationDao.cs:行号 381
2020-06-30 16:46:50.3241 ERROR Exception: 'Violation of PRIMARY KEY constraint 'PK_tblValEquipment'. Cannot insert duplicate key in object 'dbo.tblValEquipment'. The duplicate key value is (0, 1).
The statement has been terminated.' happened in Class 'ValuationManager', Method 'SaveValEquipments', Arguments: List`1 = System.Collections.Generic.List`1[BusinessObjects.Domain.ValEquipmentInfo], List`1 = System.Collections.Generic.List`1[BusinessObjects.Domain.ValEquipmentInfo] 
    在 System.Data.Common.DbDataAdapter.UpdatedRowStatusErrors(RowUpdatedEventArgs rowUpdatedEvent, BatchCommandInfo[] batchCommands, Int32 commandCount)
   在 System.Data.Common.DbDataAdapter.UpdatedRowStatus(RowUpdatedEventArgs rowUpdatedEvent, BatchCommandInfo[] batchCommands, Int32 commandCount)
   在 System.Data.Common.DbDataAdapter.Update(DataRow[] dataRows, DataTableMapping tableMapping)
   在 System.Data.Common.DbDataAdapter.UpdateFromDataTable(DataTable dataTable, DataTableMapping tableMapping)
   在 System.Data.Common.DbDataAdapter.Update(DataTable dataTable)
   在 BusinessObjects.DataAccess.ValuationDao.AddEquipments(DataTable dt) 位置 d:\Projects\FujiFilm-MEMS\TeamCode\Code\MedicalEquipmentHostingSystem\BusinessObjects\DataAccess\ValuationDao.cs:行号 384
   在 BusinessObjects.Manager.ValuationManager.SaveValEquipments(List`1 updateEquipments, List`1 importEquipments) 位置 d:\Projects\FujiFilm-MEMS\TeamCode\Code\MedicalEquipmentHostingSystem\BusinessObjects\Manager\ValuationManager.cs:行号 67
2020-06-30 16:46:50.3840 ERROR Violation of PRIMARY KEY constraint 'PK_tblValEquipment'. Cannot insert duplicate key in object 'dbo.tblValEquipment'. The duplicate key value is (0, 1).
The statement has been terminated. 
    在 System.Data.Common.DbDataAdapter.UpdatedRowStatusErrors(RowUpdatedEventArgs rowUpdatedEvent, BatchCommandInfo[] batchCommands, Int32 commandCount)
   在 System.Data.Common.DbDataAdapter.UpdatedRowStatus(RowUpdatedEventArgs rowUpdatedEvent, BatchCommandInfo[] batchCommands, Int32 commandCount)
   在 System.Data.Common.DbDataAdapter.Update(DataRow[] dataRows, DataTableMapping tableMapping)
   在 System.Data.Common.DbDataAdapter.UpdateFromDataTable(DataTable dataTable, DataTableMapping tableMapping)
   在 System.Data.Common.DbDataAdapter.Update(DataTable dataTable)
   在 BusinessObjects.DataAccess.ValuationDao.AddEquipments(DataTable dt) 位置 d:\Projects\FujiFilm-MEMS\TeamCode\Code\MedicalEquipmentHostingSystem\BusinessObjects\DataAccess\ValuationDao.cs:行号 384
   在 BusinessObjects.Manager.ValuationManager.SaveValEquipments(List`1 updateEquipments, List`1 importEquipments) 位置 d:\Projects\FujiFilm-MEMS\TeamCode\Code\MedicalEquipmentHostingSystem\BusinessObjects\Manager\ValuationManager.cs:行号 73
   在 MedicalEquipmentHostingSystem.Controllers.ValuationController.ImportValEquipment(String base64String) 位置 d:\Projects\FujiFilm-MEMS\TeamCode\Code\MedicalEquipmentHostingSystem\MedicalEquipmentHostingSystem\Controllers\ValuationController.cs:行号 421
2020-06-30 16:47:23.7986 ERROR Exception: 'Violation of PRIMARY KEY constraint 'PK_tblValEquipment'. Cannot insert duplicate key in object 'dbo.tblValEquipment'. The duplicate key value is (0, 1).
The statement has been terminated.' happened in Class 'ValuationDao', Method 'AddEquipments', Arguments: DataTable =  
    在 System.Data.Common.DbDataAdapter.UpdatedRowStatusErrors(RowUpdatedEventArgs rowUpdatedEvent, BatchCommandInfo[] batchCommands, Int32 commandCount)
   在 System.Data.Common.DbDataAdapter.UpdatedRowStatus(RowUpdatedEventArgs rowUpdatedEvent, BatchCommandInfo[] batchCommands, Int32 commandCount)
   在 System.Data.Common.DbDataAdapter.Update(DataRow[] dataRows, DataTableMapping tableMapping)
   在 System.Data.Common.DbDataAdapter.UpdateFromDataTable(DataTable dataTable, DataTableMapping tableMapping)
   在 System.Data.Common.DbDataAdapter.Update(DataTable dataTable)
   在 BusinessObjects.DataAccess.ValuationDao.AddEquipments(DataTable dt) 位置 d:\Projects\FujiFilm-MEMS\TeamCode\Code\MedicalEquipmentHostingSystem\BusinessObjects\DataAccess\ValuationDao.cs:行号 381
2020-06-30 16:47:23.8276 ERROR Exception: 'Violation of PRIMARY KEY constraint 'PK_tblValEquipment'. Cannot insert duplicate key in object 'dbo.tblValEquipment'. The duplicate key value is (0, 1).
The statement has been terminated.' happened in Class 'ValuationManager', Method 'SaveValEquipments', Arguments: List`1 = System.Collections.Generic.List`1[BusinessObjects.Domain.ValEquipmentInfo], List`1 = System.Collections.Generic.List`1[BusinessObjects.Domain.ValEquipmentInfo] 
    在 System.Data.Common.DbDataAdapter.UpdatedRowStatusErrors(RowUpdatedEventArgs rowUpdatedEvent, BatchCommandInfo[] batchCommands, Int32 commandCount)
   在 System.Data.Common.DbDataAdapter.UpdatedRowStatus(RowUpdatedEventArgs rowUpdatedEvent, BatchCommandInfo[] batchCommands, Int32 commandCount)
   在 System.Data.Common.DbDataAdapter.Update(DataRow[] dataRows, DataTableMapping tableMapping)
   在 System.Data.Common.DbDataAdapter.UpdateFromDataTable(DataTable dataTable, DataTableMapping tableMapping)
   在 System.Data.Common.DbDataAdapter.Update(DataTable dataTable)
   在 BusinessObjects.DataAccess.ValuationDao.AddEquipments(DataTable dt) 位置 d:\Projects\FujiFilm-MEMS\TeamCode\Code\MedicalEquipmentHostingSystem\BusinessObjects\DataAccess\ValuationDao.cs:行号 384
   在 BusinessObjects.Manager.ValuationManager.SaveValEquipments(List`1 updateEquipments, List`1 importEquipments) 位置 d:\Projects\FujiFilm-MEMS\TeamCode\Code\MedicalEquipmentHostingSystem\BusinessObjects\Manager\ValuationManager.cs:行号 67
2020-06-30 16:47:23.8916 ERROR Violation of PRIMARY KEY constraint 'PK_tblValEquipment'. Cannot insert duplicate key in object 'dbo.tblValEquipment'. The duplicate key value is (0, 1).
The statement has been terminated. 
    在 System.Data.Common.DbDataAdapter.UpdatedRowStatusErrors(RowUpdatedEventArgs rowUpdatedEvent, BatchCommandInfo[] batchCommands, Int32 commandCount)
   在 System.Data.Common.DbDataAdapter.UpdatedRowStatus(RowUpdatedEventArgs rowUpdatedEvent, BatchCommandInfo[] batchCommands, Int32 commandCount)
   在 System.Data.Common.DbDataAdapter.Update(DataRow[] dataRows, DataTableMapping tableMapping)
   在 System.Data.Common.DbDataAdapter.UpdateFromDataTable(DataTable dataTable, DataTableMapping tableMapping)
   在 System.Data.Common.DbDataAdapter.Update(DataTable dataTable)
   在 BusinessObjects.DataAccess.ValuationDao.AddEquipments(DataTable dt) 位置 d:\Projects\FujiFilm-MEMS\TeamCode\Code\MedicalEquipmentHostingSystem\BusinessObjects\DataAccess\ValuationDao.cs:行号 384
   在 BusinessObjects.Manager.ValuationManager.SaveValEquipments(List`1 updateEquipments, List`1 importEquipments) 位置 d:\Projects\FujiFilm-MEMS\TeamCode\Code\MedicalEquipmentHostingSystem\BusinessObjects\Manager\ValuationManager.cs:行号 73
   在 MedicalEquipmentHostingSystem.Controllers.ValuationController.ImportValEquipment(String base64String) 位置 d:\Projects\FujiFilm-MEMS\TeamCode\Code\MedicalEquipmentHostingSystem\MedicalEquipmentHostingSystem\Controllers\ValuationController.cs:行号 421
