2020-06-11 09:37:11.7086 ERROR Exception: 'Invalid column name 'EquipmentType1ID'.
Invalid column name 'EquipmentType2ID'.' happened in Class 'FujiClassDao', Method 'GetFujiClass1ByEquipmentClass', Arguments: String = 02, String = 01 
    在 System.Data.SqlClient.SqlConnection.OnError(SqlException exception, Boolean breakConnection, Action`1 wrapCloseInAction)
   在 System.Data.SqlClient.SqlInternalConnection.OnError(SqlException exception, Boolean breakConnection, Action`1 wrapCloseInAction)
   在 System.Data.SqlClient.TdsParser.ThrowExceptionAndWarning(TdsParserStateObject stateObj, Boolean callerHasConnectionLock, Boolean asyncClose)
   在 System.Data.SqlClient.TdsParser.TryRun(RunBehavior runBehavior, SqlCommand cmdHandler, SqlDataReader dataStream, BulkCopySimpleResultSet bulkCopyHandler, TdsParserStateObject stateObj, Boolean& dataReady)
   在 System.Data.SqlClient.SqlDataReader.TryConsumeMetaData()
   在 System.Data.SqlClient.SqlDataReader.get_MetaData()
   在 System.Data.SqlClient.SqlCommand.FinishExecuteReader(SqlDataReader ds, RunBehavior runBehavior, String resetOptionsString, Boolean isInternal, Boolean forDescribeParameterEncryption, Boolean shouldCacheForAlwaysEncrypted)
   在 System.Data.SqlClient.SqlCommand.RunExecuteReaderTds(CommandBehavior cmdBehavior, RunBehavior runBehavior, Boolean returnStream, Boolean async, Int32 timeout, Task& task, Boolean asyncWrite, Boolean inRetry, SqlDataReader ds, Boolean describeParameterEncryptionRequest)
   在 System.Data.SqlClient.SqlCommand.RunExecuteReader(CommandBehavior cmdBehavior, RunBehavior runBehavior, Boolean returnStream, String method, TaskCompletionSource`1 completion, Int32 timeout, Task& task, Boolean& usedCache, Boolean asyncWrite, Boolean inRetry)
   在 System.Data.SqlClient.SqlCommand.RunExecuteReader(CommandBehavior cmdBehavior, RunBehavior runBehavior, Boolean returnStream, String method)
   在 System.Data.SqlClient.SqlCommand.ExecuteReader(CommandBehavior behavior, String method)
   在 System.Data.SqlClient.SqlCommand.ExecuteDbDataReader(CommandBehavior behavior)
   在 System.Data.Common.DbCommand.System.Data.IDbCommand.ExecuteReader(CommandBehavior behavior)
   在 System.Data.Common.DbDataAdapter.FillInternal(DataSet dataset, DataTable[] datatables, Int32 startRecord, Int32 maxRecords, String srcTable, IDbCommand command, CommandBehavior behavior)
   在 System.Data.Common.DbDataAdapter.Fill(DataTable[] dataTables, Int32 startRecord, Int32 maxRecords, IDbCommand command, CommandBehavior behavior)
   在 System.Data.Common.DbDataAdapter.Fill(DataTable dataTable)
   在 BusinessObjects.DataAccess.BaseDao.GetDataTable(SqlCommand command, String tableName) 位置 d:\Projects\FujiFilm-MEMS\TeamCode\Code\MedicalEquipmentHostingSystem\BusinessObjects\DataAccess\BaseDao.cs:行号 70
   在 BusinessObjects.DataAccess.FujiClassDao.GetFujiClass1ByEquipmentClass(String equipmentClass1, String equipmentClass2) 位置 d:\Projects\FujiFilm-MEMS\TeamCode\Code\MedicalEquipmentHostingSystem\BusinessObjects\DataAccess\FujiClassDao.cs:行号 495
2020-06-11 09:37:11.8516 ERROR Invalid column name 'EquipmentType1ID'.
Invalid column name 'EquipmentType2ID'. 
    在 System.Data.SqlClient.SqlConnection.OnError(SqlException exception, Boolean breakConnection, Action`1 wrapCloseInAction)
   在 System.Data.SqlClient.SqlInternalConnection.OnError(SqlException exception, Boolean breakConnection, Action`1 wrapCloseInAction)
   在 System.Data.SqlClient.TdsParser.ThrowExceptionAndWarning(TdsParserStateObject stateObj, Boolean callerHasConnectionLock, Boolean asyncClose)
   在 System.Data.SqlClient.TdsParser.TryRun(RunBehavior runBehavior, SqlCommand cmdHandler, SqlDataReader dataStream, BulkCopySimpleResultSet bulkCopyHandler, TdsParserStateObject stateObj, Boolean& dataReady)
   在 System.Data.SqlClient.SqlDataReader.TryConsumeMetaData()
   在 System.Data.SqlClient.SqlDataReader.get_MetaData()
   在 System.Data.SqlClient.SqlCommand.FinishExecuteReader(SqlDataReader ds, RunBehavior runBehavior, String resetOptionsString, Boolean isInternal, Boolean forDescribeParameterEncryption, Boolean shouldCacheForAlwaysEncrypted)
   在 System.Data.SqlClient.SqlCommand.RunExecuteReaderTds(CommandBehavior cmdBehavior, RunBehavior runBehavior, Boolean returnStream, Boolean async, Int32 timeout, Task& task, Boolean asyncWrite, Boolean inRetry, SqlDataReader ds, Boolean describeParameterEncryptionRequest)
   在 System.Data.SqlClient.SqlCommand.RunExecuteReader(CommandBehavior cmdBehavior, RunBehavior runBehavior, Boolean returnStream, String method, TaskCompletionSource`1 completion, Int32 timeout, Task& task, Boolean& usedCache, Boolean asyncWrite, Boolean inRetry)
   在 System.Data.SqlClient.SqlCommand.RunExecuteReader(CommandBehavior cmdBehavior, RunBehavior runBehavior, Boolean returnStream, String method)
   在 System.Data.SqlClient.SqlCommand.ExecuteReader(CommandBehavior behavior, String method)
   在 System.Data.SqlClient.SqlCommand.ExecuteDbDataReader(CommandBehavior behavior)
   在 System.Data.Common.DbCommand.System.Data.IDbCommand.ExecuteReader(CommandBehavior behavior)
   在 System.Data.Common.DbDataAdapter.FillInternal(DataSet dataset, DataTable[] datatables, Int32 startRecord, Int32 maxRecords, String srcTable, IDbCommand command, CommandBehavior behavior)
   在 System.Data.Common.DbDataAdapter.Fill(DataTable[] dataTables, Int32 startRecord, Int32 maxRecords, IDbCommand command, CommandBehavior behavior)
   在 System.Data.Common.DbDataAdapter.Fill(DataTable dataTable)
   在 BusinessObjects.DataAccess.BaseDao.GetDataTable(SqlCommand command, String tableName) 位置 d:\Projects\FujiFilm-MEMS\TeamCode\Code\MedicalEquipmentHostingSystem\BusinessObjects\DataAccess\BaseDao.cs:行号 70
   在 BusinessObjects.DataAccess.FujiClassDao.GetFujiClass1ByEquipmentClass(String equipmentClass1, String equipmentClass2) 位置 d:\Projects\FujiFilm-MEMS\TeamCode\Code\MedicalEquipmentHostingSystem\BusinessObjects\DataAccess\FujiClassDao.cs:行号 504
   在 MedicalEquipmentHostingSystem.Controllers.FujiClass1Controller.GetFujiClass1ByEquipmentClass(String equipmentClass1, String equipmentClass2) 位置 d:\Projects\FujiFilm-MEMS\TeamCode\Code\MedicalEquipmentHostingSystem\MedicalEquipmentHostingSystem\Controllers\FujiClass1Controller.cs:行号 228
2020-06-11 09:37:24.9643 ERROR Exception: 'Invalid column name 'EquipmentType1ID'.
Invalid column name 'EquipmentType2ID'.' happened in Class 'FujiClassDao', Method 'GetFujiClass1ByEquipmentClass', Arguments: String = 02, String = 01 
    在 System.Data.SqlClient.SqlConnection.OnError(SqlException exception, Boolean breakConnection, Action`1 wrapCloseInAction)
   在 System.Data.SqlClient.SqlInternalConnection.OnError(SqlException exception, Boolean breakConnection, Action`1 wrapCloseInAction)
   在 System.Data.SqlClient.TdsParser.ThrowExceptionAndWarning(TdsParserStateObject stateObj, Boolean callerHasConnectionLock, Boolean asyncClose)
   在 System.Data.SqlClient.TdsParser.TryRun(RunBehavior runBehavior, SqlCommand cmdHandler, SqlDataReader dataStream, BulkCopySimpleResultSet bulkCopyHandler, TdsParserStateObject stateObj, Boolean& dataReady)
   在 System.Data.SqlClient.SqlDataReader.TryConsumeMetaData()
   在 System.Data.SqlClient.SqlDataReader.get_MetaData()
   在 System.Data.SqlClient.SqlCommand.FinishExecuteReader(SqlDataReader ds, RunBehavior runBehavior, String resetOptionsString, Boolean isInternal, Boolean forDescribeParameterEncryption, Boolean shouldCacheForAlwaysEncrypted)
   在 System.Data.SqlClient.SqlCommand.RunExecuteReaderTds(CommandBehavior cmdBehavior, RunBehavior runBehavior, Boolean returnStream, Boolean async, Int32 timeout, Task& task, Boolean asyncWrite, Boolean inRetry, SqlDataReader ds, Boolean describeParameterEncryptionRequest)
   在 System.Data.SqlClient.SqlCommand.RunExecuteReader(CommandBehavior cmdBehavior, RunBehavior runBehavior, Boolean returnStream, String method, TaskCompletionSource`1 completion, Int32 timeout, Task& task, Boolean& usedCache, Boolean asyncWrite, Boolean inRetry)
   在 System.Data.SqlClient.SqlCommand.RunExecuteReader(CommandBehavior cmdBehavior, RunBehavior runBehavior, Boolean returnStream, String method)
   在 System.Data.SqlClient.SqlCommand.ExecuteReader(CommandBehavior behavior, String method)
   在 System.Data.SqlClient.SqlCommand.ExecuteDbDataReader(CommandBehavior behavior)
   在 System.Data.Common.DbCommand.System.Data.IDbCommand.ExecuteReader(CommandBehavior behavior)
   在 System.Data.Common.DbDataAdapter.FillInternal(DataSet dataset, DataTable[] datatables, Int32 startRecord, Int32 maxRecords, String srcTable, IDbCommand command, CommandBehavior behavior)
   在 System.Data.Common.DbDataAdapter.Fill(DataTable[] dataTables, Int32 startRecord, Int32 maxRecords, IDbCommand command, CommandBehavior behavior)
   在 System.Data.Common.DbDataAdapter.Fill(DataTable dataTable)
   在 BusinessObjects.DataAccess.BaseDao.GetDataTable(SqlCommand command, String tableName) 位置 d:\Projects\FujiFilm-MEMS\TeamCode\Code\MedicalEquipmentHostingSystem\BusinessObjects\DataAccess\BaseDao.cs:行号 70
   在 BusinessObjects.DataAccess.FujiClassDao.GetFujiClass1ByEquipmentClass(String equipmentClass1, String equipmentClass2) 位置 d:\Projects\FujiFilm-MEMS\TeamCode\Code\MedicalEquipmentHostingSystem\BusinessObjects\DataAccess\FujiClassDao.cs:行号 495
2020-06-11 09:37:25.0212 ERROR Invalid column name 'EquipmentType1ID'.
Invalid column name 'EquipmentType2ID'. 
    在 System.Data.SqlClient.SqlConnection.OnError(SqlException exception, Boolean breakConnection, Action`1 wrapCloseInAction)
   在 System.Data.SqlClient.SqlInternalConnection.OnError(SqlException exception, Boolean breakConnection, Action`1 wrapCloseInAction)
   在 System.Data.SqlClient.TdsParser.ThrowExceptionAndWarning(TdsParserStateObject stateObj, Boolean callerHasConnectionLock, Boolean asyncClose)
   在 System.Data.SqlClient.TdsParser.TryRun(RunBehavior runBehavior, SqlCommand cmdHandler, SqlDataReader dataStream, BulkCopySimpleResultSet bulkCopyHandler, TdsParserStateObject stateObj, Boolean& dataReady)
   在 System.Data.SqlClient.SqlDataReader.TryConsumeMetaData()
   在 System.Data.SqlClient.SqlDataReader.get_MetaData()
   在 System.Data.SqlClient.SqlCommand.FinishExecuteReader(SqlDataReader ds, RunBehavior runBehavior, String resetOptionsString, Boolean isInternal, Boolean forDescribeParameterEncryption, Boolean shouldCacheForAlwaysEncrypted)
   在 System.Data.SqlClient.SqlCommand.RunExecuteReaderTds(CommandBehavior cmdBehavior, RunBehavior runBehavior, Boolean returnStream, Boolean async, Int32 timeout, Task& task, Boolean asyncWrite, Boolean inRetry, SqlDataReader ds, Boolean describeParameterEncryptionRequest)
   在 System.Data.SqlClient.SqlCommand.RunExecuteReader(CommandBehavior cmdBehavior, RunBehavior runBehavior, Boolean returnStream, String method, TaskCompletionSource`1 completion, Int32 timeout, Task& task, Boolean& usedCache, Boolean asyncWrite, Boolean inRetry)
   在 System.Data.SqlClient.SqlCommand.RunExecuteReader(CommandBehavior cmdBehavior, RunBehavior runBehavior, Boolean returnStream, String method)
   在 System.Data.SqlClient.SqlCommand.ExecuteReader(CommandBehavior behavior, String method)
   在 System.Data.SqlClient.SqlCommand.ExecuteDbDataReader(CommandBehavior behavior)
   在 System.Data.Common.DbCommand.System.Data.IDbCommand.ExecuteReader(CommandBehavior behavior)
   在 System.Data.Common.DbDataAdapter.FillInternal(DataSet dataset, DataTable[] datatables, Int32 startRecord, Int32 maxRecords, String srcTable, IDbCommand command, CommandBehavior behavior)
   在 System.Data.Common.DbDataAdapter.Fill(DataTable[] dataTables, Int32 startRecord, Int32 maxRecords, IDbCommand command, CommandBehavior behavior)
   在 System.Data.Common.DbDataAdapter.Fill(DataTable dataTable)
   在 BusinessObjects.DataAccess.BaseDao.GetDataTable(SqlCommand command, String tableName) 位置 d:\Projects\FujiFilm-MEMS\TeamCode\Code\MedicalEquipmentHostingSystem\BusinessObjects\DataAccess\BaseDao.cs:行号 70
   在 BusinessObjects.DataAccess.FujiClassDao.GetFujiClass1ByEquipmentClass(String equipmentClass1, String equipmentClass2) 位置 d:\Projects\FujiFilm-MEMS\TeamCode\Code\MedicalEquipmentHostingSystem\BusinessObjects\DataAccess\FujiClassDao.cs:行号 504
   在 MedicalEquipmentHostingSystem.Controllers.FujiClass1Controller.GetFujiClass1ByEquipmentClass(String equipmentClass1, String equipmentClass2) 位置 d:\Projects\FujiFilm-MEMS\TeamCode\Code\MedicalEquipmentHostingSystem\MedicalEquipmentHostingSystem\Controllers\FujiClass1Controller.cs:行号 228
2020-06-11 10:57:37.8994 ERROR Exception: '传入参数或类型非可转换枚举类型！' happened in Class 'ComponentDao', Method 'QueryComponents', Arguments: Int32 = -1, String = c.Name, String = , Int32 = 0, Int32 = 10 
    在 BusinessObjects.Util.SQLUtil.ConvertEnum[T](Object obj) 位置 d:\Projects\FujiFilm-MEMS\TeamCode\Code\MedicalEquipmentHostingSystem\BusinessObjects\Util\SQLUtil.cs:行号 409
   在 BusinessObjects.Domain.ComponentInfo..ctor(DataRow dr) 位置 d:\Projects\FujiFilm-MEMS\TeamCode\Code\MedicalEquipmentHostingSystem\BusinessObjects\Domain\ComponentInfo.cs:行号 57
   在 BusinessObjects.DataAccess.ComponentDao.QueryComponents(Int32 statusID, String filterField, String filterText, Int32 curRowNum, Int32 pageSize) 位置 d:\Projects\FujiFilm-MEMS\TeamCode\Code\MedicalEquipmentHostingSystem\BusinessObjects\DataAccess\ComponentDao.cs:行号 82
2020-06-11 10:57:38.0293 ERROR 传入参数或类型非可转换枚举类型！ 
    在 BusinessObjects.Util.SQLUtil.ConvertEnum[T](Object obj) 位置 d:\Projects\FujiFilm-MEMS\TeamCode\Code\MedicalEquipmentHostingSystem\BusinessObjects\Util\SQLUtil.cs:行号 409
   在 BusinessObjects.Domain.ComponentInfo..ctor(DataRow dr) 位置 d:\Projects\FujiFilm-MEMS\TeamCode\Code\MedicalEquipmentHostingSystem\BusinessObjects\Domain\ComponentInfo.cs:行号 57
   在 BusinessObjects.DataAccess.ComponentDao.QueryComponents(Int32 statusID, String filterField, String filterText, Int32 curRowNum, Int32 pageSize) 位置 d:\Projects\FujiFilm-MEMS\TeamCode\Code\MedicalEquipmentHostingSystem\BusinessObjects\DataAccess\ComponentDao.cs:行号 88
   在 MedicalEquipmentHostingSystem.Controllers.ComponentController.QueryComponentList(Int32 statusID, String filterField, String filterText, Int32 currentPage) 位置 d:\Projects\FujiFilm-MEMS\TeamCode\Code\MedicalEquipmentHostingSystem\MedicalEquipmentHostingSystem\Controllers\ComponentController.cs:行号 67
2020-06-11 10:58:32.8495 ERROR Exception: '传入参数或类型非可转换枚举类型！' happened in Class 'ComponentDao', Method 'QueryComponents', Arguments: Int32 = -1, String = c.Name, String = , Int32 = 0, Int32 = 10 
    在 BusinessObjects.Util.SQLUtil.ConvertEnum[T](Object obj) 位置 d:\Projects\FujiFilm-MEMS\TeamCode\Code\MedicalEquipmentHostingSystem\BusinessObjects\Util\SQLUtil.cs:行号 409
   在 BusinessObjects.Domain.ComponentInfo..ctor(DataRow dr) 位置 d:\Projects\FujiFilm-MEMS\TeamCode\Code\MedicalEquipmentHostingSystem\BusinessObjects\Domain\ComponentInfo.cs:行号 57
   在 BusinessObjects.DataAccess.ComponentDao.QueryComponents(Int32 statusID, String filterField, String filterText, Int32 curRowNum, Int32 pageSize) 位置 d:\Projects\FujiFilm-MEMS\TeamCode\Code\MedicalEquipmentHostingSystem\BusinessObjects\DataAccess\ComponentDao.cs:行号 82
2020-06-11 10:59:18.9682 ERROR 传入参数或类型非可转换枚举类型！ 
    在 BusinessObjects.Util.SQLUtil.ConvertEnum[T](Object obj) 位置 d:\Projects\FujiFilm-MEMS\TeamCode\Code\MedicalEquipmentHostingSystem\BusinessObjects\Util\SQLUtil.cs:行号 409
   在 BusinessObjects.Domain.ComponentInfo..ctor(DataRow dr) 位置 d:\Projects\FujiFilm-MEMS\TeamCode\Code\MedicalEquipmentHostingSystem\BusinessObjects\Domain\ComponentInfo.cs:行号 57
   在 BusinessObjects.DataAccess.ComponentDao.QueryComponents(Int32 statusID, String filterField, String filterText, Int32 curRowNum, Int32 pageSize) 位置 d:\Projects\FujiFilm-MEMS\TeamCode\Code\MedicalEquipmentHostingSystem\BusinessObjects\DataAccess\ComponentDao.cs:行号 88
   在 MedicalEquipmentHostingSystem.Controllers.ComponentController.QueryComponentList(Int32 statusID, String filterField, String filterText, Int32 currentPage) 位置 d:\Projects\FujiFilm-MEMS\TeamCode\Code\MedicalEquipmentHostingSystem\MedicalEquipmentHostingSystem\Controllers\ComponentController.cs:行号 67
2020-06-11 11:07:49.6471 ERROR Exception: '传入参数或类型非可转换枚举类型！' happened in Class 'ComponentDao', Method 'QueryComponentsByFujiClass2ID', Arguments: Int32 = 3, Int32 = -1 
    在 BusinessObjects.Util.SQLUtil.ConvertEnum[T](Object obj) 位置 d:\Projects\FujiFilm-MEMS\TeamCode\Code\MedicalEquipmentHostingSystem\BusinessObjects\Util\SQLUtil.cs:行号 409
   在 BusinessObjects.Domain.ComponentInfo..ctor(DataRow dr) 位置 d:\Projects\FujiFilm-MEMS\TeamCode\Code\MedicalEquipmentHostingSystem\BusinessObjects\Domain\ComponentInfo.cs:行号 57
   在 BusinessObjects.DataAccess.ComponentDao.QueryComponentsByFujiClass2ID(Int32 fujiClass2ID, Int32 componentTypeID) 位置 d:\Projects\FujiFilm-MEMS\TeamCode\Code\MedicalEquipmentHostingSystem\BusinessObjects\DataAccess\ComponentDao.cs:行号 114
2020-06-11 11:07:49.6961 ERROR Exception: '传入参数或类型非可转换枚举类型！' happened in Class 'FujiClassManager', Method 'SetFujiClass2Rate', Arguments: FujiClass2Info = BusinessObjects.Domain.FujiClass2Info 
    在 BusinessObjects.Util.SQLUtil.ConvertEnum[T](Object obj) 位置 d:\Projects\FujiFilm-MEMS\TeamCode\Code\MedicalEquipmentHostingSystem\BusinessObjects\Util\SQLUtil.cs:行号 409
   在 BusinessObjects.Domain.ComponentInfo..ctor(DataRow dr) 位置 d:\Projects\FujiFilm-MEMS\TeamCode\Code\MedicalEquipmentHostingSystem\BusinessObjects\Domain\ComponentInfo.cs:行号 57
   在 BusinessObjects.DataAccess.ComponentDao.QueryComponentsByFujiClass2ID(Int32 fujiClass2ID, Int32 componentTypeID) 位置 d:\Projects\FujiFilm-MEMS\TeamCode\Code\MedicalEquipmentHostingSystem\BusinessObjects\DataAccess\ComponentDao.cs:行号 120
   在 BusinessObjects.Manager.FujiClassManager.SetFujiClass2Rate(FujiClass2Info info) 位置 d:\Projects\FujiFilm-MEMS\TeamCode\Code\MedicalEquipmentHostingSystem\BusinessObjects\Manager\FujiClassManager.cs:行号 84
2020-06-11 11:07:49.7421 ERROR Exception: '传入参数或类型非可转换枚举类型！' happened in Class 'FujiClassManager', Method 'QueryFujiClass2s', Arguments: Int32 = 9, Int32 = 0, String = f2.Name, String = , String = f1.Name, Boolean = True 
    在 BusinessObjects.Util.SQLUtil.ConvertEnum[T](Object obj) 位置 d:\Projects\FujiFilm-MEMS\TeamCode\Code\MedicalEquipmentHostingSystem\BusinessObjects\Util\SQLUtil.cs:行号 409
   在 BusinessObjects.Domain.ComponentInfo..ctor(DataRow dr) 位置 d:\Projects\FujiFilm-MEMS\TeamCode\Code\MedicalEquipmentHostingSystem\BusinessObjects\Domain\ComponentInfo.cs:行号 57
   在 BusinessObjects.DataAccess.ComponentDao.QueryComponentsByFujiClass2ID(Int32 fujiClass2ID, Int32 componentTypeID) 位置 d:\Projects\FujiFilm-MEMS\TeamCode\Code\MedicalEquipmentHostingSystem\BusinessObjects\DataAccess\ComponentDao.cs:行号 120
   在 BusinessObjects.Manager.FujiClassManager.SetFujiClass2Rate(FujiClass2Info info) 位置 d:\Projects\FujiFilm-MEMS\TeamCode\Code\MedicalEquipmentHostingSystem\BusinessObjects\Manager\FujiClassManager.cs:行号 93
   在 BusinessObjects.Manager.FujiClassManager.<>c__DisplayClass3.<QueryFujiClass2s>b__1(FujiClass2Info info) 位置 d:\Projects\FujiFilm-MEMS\TeamCode\Code\MedicalEquipmentHostingSystem\BusinessObjects\Manager\FujiClassManager.cs:行号 47
   在 System.Collections.Generic.List`1.ForEach(Action`1 action)
   在 BusinessObjects.Manager.FujiClassManager.QueryFujiClass2s(Int32 class1, Int32 class2, String filterField, String filterText, String sortField, Boolean sortDirection) 位置 d:\Projects\FujiFilm-MEMS\TeamCode\Code\MedicalEquipmentHostingSystem\BusinessObjects\Manager\FujiClassManager.cs:行号 43
2020-06-11 11:07:49.8050 ERROR 传入参数或类型非可转换枚举类型！ 
    在 BusinessObjects.Util.SQLUtil.ConvertEnum[T](Object obj) 位置 d:\Projects\FujiFilm-MEMS\TeamCode\Code\MedicalEquipmentHostingSystem\BusinessObjects\Util\SQLUtil.cs:行号 409
   在 BusinessObjects.Domain.ComponentInfo..ctor(DataRow dr) 位置 d:\Projects\FujiFilm-MEMS\TeamCode\Code\MedicalEquipmentHostingSystem\BusinessObjects\Domain\ComponentInfo.cs:行号 57
   在 BusinessObjects.DataAccess.ComponentDao.QueryComponentsByFujiClass2ID(Int32 fujiClass2ID, Int32 componentTypeID) 位置 d:\Projects\FujiFilm-MEMS\TeamCode\Code\MedicalEquipmentHostingSystem\BusinessObjects\DataAccess\ComponentDao.cs:行号 120
   在 BusinessObjects.Manager.FujiClassManager.SetFujiClass2Rate(FujiClass2Info info) 位置 d:\Projects\FujiFilm-MEMS\TeamCode\Code\MedicalEquipmentHostingSystem\BusinessObjects\Manager\FujiClassManager.cs:行号 93
   在 BusinessObjects.Manager.FujiClassManager.<>c__DisplayClass3.<QueryFujiClass2s>b__1(FujiClass2Info info) 位置 d:\Projects\FujiFilm-MEMS\TeamCode\Code\MedicalEquipmentHostingSystem\BusinessObjects\Manager\FujiClassManager.cs:行号 47
   在 System.Collections.Generic.List`1.ForEach(Action`1 action)
   在 BusinessObjects.Manager.FujiClassManager.QueryFujiClass2s(Int32 class1, Int32 class2, String filterField, String filterText, String sortField, Boolean sortDirection) 位置 d:\Projects\FujiFilm-MEMS\TeamCode\Code\MedicalEquipmentHostingSystem\BusinessObjects\Manager\FujiClassManager.cs:行号 51
   在 MedicalEquipmentHostingSystem.Controllers.FujiClass2Controller.QueryFujiClass2s(Int32 class1, Int32 class2, String filterField, String filterText, String sortField, Boolean sortDirection, Int32 currentPage) 位置 d:\Projects\FujiFilm-MEMS\TeamCode\Code\MedicalEquipmentHostingSystem\MedicalEquipmentHostingSystem\Controllers\FujiClass2Controller.cs:行号 69
2020-06-11 11:07:59.8700 ERROR Exception: '传入参数或类型非可转换枚举类型！' happened in Class 'ComponentDao', Method 'QueryComponentsByFujiClass2ID', Arguments: Int32 = 3, Int32 = -1 
    在 BusinessObjects.Util.SQLUtil.ConvertEnum[T](Object obj) 位置 d:\Projects\FujiFilm-MEMS\TeamCode\Code\MedicalEquipmentHostingSystem\BusinessObjects\Util\SQLUtil.cs:行号 409
   在 BusinessObjects.Domain.ComponentInfo..ctor(DataRow dr) 位置 d:\Projects\FujiFilm-MEMS\TeamCode\Code\MedicalEquipmentHostingSystem\BusinessObjects\Domain\ComponentInfo.cs:行号 57
   在 BusinessObjects.DataAccess.ComponentDao.QueryComponentsByFujiClass2ID(Int32 fujiClass2ID, Int32 componentTypeID) 位置 d:\Projects\FujiFilm-MEMS\TeamCode\Code\MedicalEquipmentHostingSystem\BusinessObjects\DataAccess\ComponentDao.cs:行号 114
2020-06-11 11:07:59.9190 ERROR Exception: '传入参数或类型非可转换枚举类型！' happened in Class 'FujiClassManager', Method 'SetFujiClass2Rate', Arguments: FujiClass2Info = BusinessObjects.Domain.FujiClass2Info 
    在 BusinessObjects.Util.SQLUtil.ConvertEnum[T](Object obj) 位置 d:\Projects\FujiFilm-MEMS\TeamCode\Code\MedicalEquipmentHostingSystem\BusinessObjects\Util\SQLUtil.cs:行号 409
   在 BusinessObjects.Domain.ComponentInfo..ctor(DataRow dr) 位置 d:\Projects\FujiFilm-MEMS\TeamCode\Code\MedicalEquipmentHostingSystem\BusinessObjects\Domain\ComponentInfo.cs:行号 57
   在 BusinessObjects.DataAccess.ComponentDao.QueryComponentsByFujiClass2ID(Int32 fujiClass2ID, Int32 componentTypeID) 位置 d:\Projects\FujiFilm-MEMS\TeamCode\Code\MedicalEquipmentHostingSystem\BusinessObjects\DataAccess\ComponentDao.cs:行号 120
   在 BusinessObjects.Manager.FujiClassManager.SetFujiClass2Rate(FujiClass2Info info) 位置 d:\Projects\FujiFilm-MEMS\TeamCode\Code\MedicalEquipmentHostingSystem\BusinessObjects\Manager\FujiClassManager.cs:行号 84
2020-06-11 11:07:59.9650 ERROR Exception: '传入参数或类型非可转换枚举类型！' happened in Class 'FujiClassManager', Method 'QueryFujiClass2s', Arguments: Int32 = 9, Int32 = 0, String = f2.Name, String = , String = f1.Name, Boolean = True 
    在 BusinessObjects.Util.SQLUtil.ConvertEnum[T](Object obj) 位置 d:\Projects\FujiFilm-MEMS\TeamCode\Code\MedicalEquipmentHostingSystem\BusinessObjects\Util\SQLUtil.cs:行号 409
   在 BusinessObjects.Domain.ComponentInfo..ctor(DataRow dr) 位置 d:\Projects\FujiFilm-MEMS\TeamCode\Code\MedicalEquipmentHostingSystem\BusinessObjects\Domain\ComponentInfo.cs:行号 57
   在 BusinessObjects.DataAccess.ComponentDao.QueryComponentsByFujiClass2ID(Int32 fujiClass2ID, Int32 componentTypeID) 位置 d:\Projects\FujiFilm-MEMS\TeamCode\Code\MedicalEquipmentHostingSystem\BusinessObjects\DataAccess\ComponentDao.cs:行号 120
   在 BusinessObjects.Manager.FujiClassManager.SetFujiClass2Rate(FujiClass2Info info) 位置 d:\Projects\FujiFilm-MEMS\TeamCode\Code\MedicalEquipmentHostingSystem\BusinessObjects\Manager\FujiClassManager.cs:行号 93
   在 BusinessObjects.Manager.FujiClassManager.<>c__DisplayClass3.<QueryFujiClass2s>b__1(FujiClass2Info info) 位置 d:\Projects\FujiFilm-MEMS\TeamCode\Code\MedicalEquipmentHostingSystem\BusinessObjects\Manager\FujiClassManager.cs:行号 47
   在 System.Collections.Generic.List`1.ForEach(Action`1 action)
   在 BusinessObjects.Manager.FujiClassManager.QueryFujiClass2s(Int32 class1, Int32 class2, String filterField, String filterText, String sortField, Boolean sortDirection) 位置 d:\Projects\FujiFilm-MEMS\TeamCode\Code\MedicalEquipmentHostingSystem\BusinessObjects\Manager\FujiClassManager.cs:行号 43
2020-06-11 11:08:00.0109 ERROR 传入参数或类型非可转换枚举类型！ 
    在 BusinessObjects.Util.SQLUtil.ConvertEnum[T](Object obj) 位置 d:\Projects\FujiFilm-MEMS\TeamCode\Code\MedicalEquipmentHostingSystem\BusinessObjects\Util\SQLUtil.cs:行号 409
   在 BusinessObjects.Domain.ComponentInfo..ctor(DataRow dr) 位置 d:\Projects\FujiFilm-MEMS\TeamCode\Code\MedicalEquipmentHostingSystem\BusinessObjects\Domain\ComponentInfo.cs:行号 57
   在 BusinessObjects.DataAccess.ComponentDao.QueryComponentsByFujiClass2ID(Int32 fujiClass2ID, Int32 componentTypeID) 位置 d:\Projects\FujiFilm-MEMS\TeamCode\Code\MedicalEquipmentHostingSystem\BusinessObjects\DataAccess\ComponentDao.cs:行号 120
   在 BusinessObjects.Manager.FujiClassManager.SetFujiClass2Rate(FujiClass2Info info) 位置 d:\Projects\FujiFilm-MEMS\TeamCode\Code\MedicalEquipmentHostingSystem\BusinessObjects\Manager\FujiClassManager.cs:行号 93
   在 BusinessObjects.Manager.FujiClassManager.<>c__DisplayClass3.<QueryFujiClass2s>b__1(FujiClass2Info info) 位置 d:\Projects\FujiFilm-MEMS\TeamCode\Code\MedicalEquipmentHostingSystem\BusinessObjects\Manager\FujiClassManager.cs:行号 47
   在 System.Collections.Generic.List`1.ForEach(Action`1 action)
   在 BusinessObjects.Manager.FujiClassManager.QueryFujiClass2s(Int32 class1, Int32 class2, String filterField, String filterText, String sortField, Boolean sortDirection) 位置 d:\Projects\FujiFilm-MEMS\TeamCode\Code\MedicalEquipmentHostingSystem\BusinessObjects\Manager\FujiClassManager.cs:行号 51
   在 MedicalEquipmentHostingSystem.Controllers.FujiClass2Controller.QueryFujiClass2s(Int32 class1, Int32 class2, String filterField, String filterText, String sortField, Boolean sortDirection, Int32 currentPage) 位置 d:\Projects\FujiFilm-MEMS\TeamCode\Code\MedicalEquipmentHostingSystem\MedicalEquipmentHostingSystem\Controllers\FujiClass2Controller.cs:行号 69
2020-06-11 11:09:21.7855 ERROR Exception: '传入参数或类型非可转换枚举类型！' happened in Class 'ComponentDao', Method 'QueryComponentsByFujiClass2ID', Arguments: Int32 = 3, Int32 = -1 
    在 BusinessObjects.Util.SQLUtil.ConvertEnum[T](Object obj) 位置 d:\Projects\FujiFilm-MEMS\TeamCode\Code\MedicalEquipmentHostingSystem\BusinessObjects\Util\SQLUtil.cs:行号 409
   在 BusinessObjects.Domain.ComponentInfo..ctor(DataRow dr) 位置 d:\Projects\FujiFilm-MEMS\TeamCode\Code\MedicalEquipmentHostingSystem\BusinessObjects\Domain\ComponentInfo.cs:行号 57
   在 BusinessObjects.DataAccess.ComponentDao.QueryComponentsByFujiClass2ID(Int32 fujiClass2ID, Int32 componentTypeID) 位置 d:\Projects\FujiFilm-MEMS\TeamCode\Code\MedicalEquipmentHostingSystem\BusinessObjects\DataAccess\ComponentDao.cs:行号 114
2020-06-11 11:09:21.8315 ERROR Exception: '传入参数或类型非可转换枚举类型！' happened in Class 'FujiClassManager', Method 'SetFujiClass2Rate', Arguments: FujiClass2Info = BusinessObjects.Domain.FujiClass2Info 
    在 BusinessObjects.Util.SQLUtil.ConvertEnum[T](Object obj) 位置 d:\Projects\FujiFilm-MEMS\TeamCode\Code\MedicalEquipmentHostingSystem\BusinessObjects\Util\SQLUtil.cs:行号 409
   在 BusinessObjects.Domain.ComponentInfo..ctor(DataRow dr) 位置 d:\Projects\FujiFilm-MEMS\TeamCode\Code\MedicalEquipmentHostingSystem\BusinessObjects\Domain\ComponentInfo.cs:行号 57
   在 BusinessObjects.DataAccess.ComponentDao.QueryComponentsByFujiClass2ID(Int32 fujiClass2ID, Int32 componentTypeID) 位置 d:\Projects\FujiFilm-MEMS\TeamCode\Code\MedicalEquipmentHostingSystem\BusinessObjects\DataAccess\ComponentDao.cs:行号 120
   在 BusinessObjects.Manager.FujiClassManager.SetFujiClass2Rate(FujiClass2Info info) 位置 d:\Projects\FujiFilm-MEMS\TeamCode\Code\MedicalEquipmentHostingSystem\BusinessObjects\Manager\FujiClassManager.cs:行号 84
2020-06-11 11:09:21.8774 ERROR Exception: '传入参数或类型非可转换枚举类型！' happened in Class 'FujiClassManager', Method 'QueryFujiClass2s', Arguments: Int32 = 9, Int32 = 0, String = f2.Name, String = , String = f1.Name, Boolean = True 
    在 BusinessObjects.Util.SQLUtil.ConvertEnum[T](Object obj) 位置 d:\Projects\FujiFilm-MEMS\TeamCode\Code\MedicalEquipmentHostingSystem\BusinessObjects\Util\SQLUtil.cs:行号 409
   在 BusinessObjects.Domain.ComponentInfo..ctor(DataRow dr) 位置 d:\Projects\FujiFilm-MEMS\TeamCode\Code\MedicalEquipmentHostingSystem\BusinessObjects\Domain\ComponentInfo.cs:行号 57
   在 BusinessObjects.DataAccess.ComponentDao.QueryComponentsByFujiClass2ID(Int32 fujiClass2ID, Int32 componentTypeID) 位置 d:\Projects\FujiFilm-MEMS\TeamCode\Code\MedicalEquipmentHostingSystem\BusinessObjects\DataAccess\ComponentDao.cs:行号 120
   在 BusinessObjects.Manager.FujiClassManager.SetFujiClass2Rate(FujiClass2Info info) 位置 d:\Projects\FujiFilm-MEMS\TeamCode\Code\MedicalEquipmentHostingSystem\BusinessObjects\Manager\FujiClassManager.cs:行号 93
   在 BusinessObjects.Manager.FujiClassManager.<>c__DisplayClass3.<QueryFujiClass2s>b__1(FujiClass2Info info) 位置 d:\Projects\FujiFilm-MEMS\TeamCode\Code\MedicalEquipmentHostingSystem\BusinessObjects\Manager\FujiClassManager.cs:行号 47
   在 System.Collections.Generic.List`1.ForEach(Action`1 action)
   在 BusinessObjects.Manager.FujiClassManager.QueryFujiClass2s(Int32 class1, Int32 class2, String filterField, String filterText, String sortField, Boolean sortDirection) 位置 d:\Projects\FujiFilm-MEMS\TeamCode\Code\MedicalEquipmentHostingSystem\BusinessObjects\Manager\FujiClassManager.cs:行号 43
2020-06-11 11:31:55.7545 ERROR Exception: '传入参数或类型非可转换枚举类型！' happened in Class 'ComponentDao', Method 'QueryComponentsByFujiClass2ID', Arguments: Int32 = 3, Int32 = -1 
    在 BusinessObjects.Util.SQLUtil.ConvertEnum[T](Object obj) 位置 d:\Projects\FujiFilm-MEMS\TeamCode\Code\MedicalEquipmentHostingSystem\BusinessObjects\Util\SQLUtil.cs:行号 409
   在 BusinessObjects.Domain.ComponentInfo..ctor(DataRow dr) 位置 d:\Projects\FujiFilm-MEMS\TeamCode\Code\MedicalEquipmentHostingSystem\BusinessObjects\Domain\ComponentInfo.cs:行号 57
   在 BusinessObjects.DataAccess.ComponentDao.QueryComponentsByFujiClass2ID(Int32 fujiClass2ID, Int32 componentTypeID) 位置 d:\Projects\FujiFilm-MEMS\TeamCode\Code\MedicalEquipmentHostingSystem\BusinessObjects\DataAccess\ComponentDao.cs:行号 114
2020-06-11 11:31:55.8354 ERROR Exception: '传入参数或类型非可转换枚举类型！' happened in Class 'FujiClassManager', Method 'SetFujiClass2Rate', Arguments: FujiClass2Info = BusinessObjects.Domain.FujiClass2Info 
    在 BusinessObjects.Util.SQLUtil.ConvertEnum[T](Object obj) 位置 d:\Projects\FujiFilm-MEMS\TeamCode\Code\MedicalEquipmentHostingSystem\BusinessObjects\Util\SQLUtil.cs:行号 409
   在 BusinessObjects.Domain.ComponentInfo..ctor(DataRow dr) 位置 d:\Projects\FujiFilm-MEMS\TeamCode\Code\MedicalEquipmentHostingSystem\BusinessObjects\Domain\ComponentInfo.cs:行号 57
   在 BusinessObjects.DataAccess.ComponentDao.QueryComponentsByFujiClass2ID(Int32 fujiClass2ID, Int32 componentTypeID) 位置 d:\Projects\FujiFilm-MEMS\TeamCode\Code\MedicalEquipmentHostingSystem\BusinessObjects\DataAccess\ComponentDao.cs:行号 120
   在 BusinessObjects.Manager.FujiClassManager.SetFujiClass2Rate(FujiClass2Info info) 位置 d:\Projects\FujiFilm-MEMS\TeamCode\Code\MedicalEquipmentHostingSystem\BusinessObjects\Manager\FujiClassManager.cs:行号 84
2020-06-11 11:31:55.8814 ERROR Exception: '传入参数或类型非可转换枚举类型！' happened in Class 'FujiClassManager', Method 'QueryFujiClass2s', Arguments: Int32 = 9, Int32 = 0, String = f2.Name, String = , String = f1.Name, Boolean = True 
    在 BusinessObjects.Util.SQLUtil.ConvertEnum[T](Object obj) 位置 d:\Projects\FujiFilm-MEMS\TeamCode\Code\MedicalEquipmentHostingSystem\BusinessObjects\Util\SQLUtil.cs:行号 409
   在 BusinessObjects.Domain.ComponentInfo..ctor(DataRow dr) 位置 d:\Projects\FujiFilm-MEMS\TeamCode\Code\MedicalEquipmentHostingSystem\BusinessObjects\Domain\ComponentInfo.cs:行号 57
   在 BusinessObjects.DataAccess.ComponentDao.QueryComponentsByFujiClass2ID(Int32 fujiClass2ID, Int32 componentTypeID) 位置 d:\Projects\FujiFilm-MEMS\TeamCode\Code\MedicalEquipmentHostingSystem\BusinessObjects\DataAccess\ComponentDao.cs:行号 120
   在 BusinessObjects.Manager.FujiClassManager.SetFujiClass2Rate(FujiClass2Info info) 位置 d:\Projects\FujiFilm-MEMS\TeamCode\Code\MedicalEquipmentHostingSystem\BusinessObjects\Manager\FujiClassManager.cs:行号 93
   在 BusinessObjects.Manager.FujiClassManager.<>c__DisplayClass3.<QueryFujiClass2s>b__1(FujiClass2Info info) 位置 d:\Projects\FujiFilm-MEMS\TeamCode\Code\MedicalEquipmentHostingSystem\BusinessObjects\Manager\FujiClassManager.cs:行号 47
   在 System.Collections.Generic.List`1.ForEach(Action`1 action)
   在 BusinessObjects.Manager.FujiClassManager.QueryFujiClass2s(Int32 class1, Int32 class2, String filterField, String filterText, String sortField, Boolean sortDirection) 位置 d:\Projects\FujiFilm-MEMS\TeamCode\Code\MedicalEquipmentHostingSystem\BusinessObjects\Manager\FujiClassManager.cs:行号 43
2020-06-11 11:31:55.9254 ERROR 传入参数或类型非可转换枚举类型！ 
    在 BusinessObjects.Util.SQLUtil.ConvertEnum[T](Object obj) 位置 d:\Projects\FujiFilm-MEMS\TeamCode\Code\MedicalEquipmentHostingSystem\BusinessObjects\Util\SQLUtil.cs:行号 409
   在 BusinessObjects.Domain.ComponentInfo..ctor(DataRow dr) 位置 d:\Projects\FujiFilm-MEMS\TeamCode\Code\MedicalEquipmentHostingSystem\BusinessObjects\Domain\ComponentInfo.cs:行号 57
   在 BusinessObjects.DataAccess.ComponentDao.QueryComponentsByFujiClass2ID(Int32 fujiClass2ID, Int32 componentTypeID) 位置 d:\Projects\FujiFilm-MEMS\TeamCode\Code\MedicalEquipmentHostingSystem\BusinessObjects\DataAccess\ComponentDao.cs:行号 120
   在 BusinessObjects.Manager.FujiClassManager.SetFujiClass2Rate(FujiClass2Info info) 位置 d:\Projects\FujiFilm-MEMS\TeamCode\Code\MedicalEquipmentHostingSystem\BusinessObjects\Manager\FujiClassManager.cs:行号 93
   在 BusinessObjects.Manager.FujiClassManager.<>c__DisplayClass3.<QueryFujiClass2s>b__1(FujiClass2Info info) 位置 d:\Projects\FujiFilm-MEMS\TeamCode\Code\MedicalEquipmentHostingSystem\BusinessObjects\Manager\FujiClassManager.cs:行号 47
   在 System.Collections.Generic.List`1.ForEach(Action`1 action)
   在 BusinessObjects.Manager.FujiClassManager.QueryFujiClass2s(Int32 class1, Int32 class2, String filterField, String filterText, String sortField, Boolean sortDirection) 位置 d:\Projects\FujiFilm-MEMS\TeamCode\Code\MedicalEquipmentHostingSystem\BusinessObjects\Manager\FujiClassManager.cs:行号 51
   在 MedicalEquipmentHostingSystem.Controllers.FujiClass2Controller.QueryFujiClass2s(Int32 class1, Int32 class2, String filterField, String filterText, String sortField, Boolean sortDirection, Int32 currentPage) 位置 d:\Projects\FujiFilm-MEMS\TeamCode\Code\MedicalEquipmentHostingSystem\MedicalEquipmentHostingSystem\Controllers\FujiClass2Controller.cs:行号 69
2020-06-11 11:35:45.5826 ERROR Exception: '传入参数或类型非可转换枚举类型！' happened in Class 'ComponentDao', Method 'QueryComponentsByFujiClass2ID', Arguments: Int32 = 3, Int32 = -1 
    在 BusinessObjects.Util.SQLUtil.ConvertEnum[T](Object obj) 位置 d:\Projects\FujiFilm-MEMS\TeamCode\Code\MedicalEquipmentHostingSystem\BusinessObjects\Util\SQLUtil.cs:行号 409
   在 BusinessObjects.Domain.ComponentInfo..ctor(DataRow dr) 位置 d:\Projects\FujiFilm-MEMS\TeamCode\Code\MedicalEquipmentHostingSystem\BusinessObjects\Domain\ComponentInfo.cs:行号 57
   在 BusinessObjects.DataAccess.ComponentDao.QueryComponentsByFujiClass2ID(Int32 fujiClass2ID, Int32 componentTypeID) 位置 d:\Projects\FujiFilm-MEMS\TeamCode\Code\MedicalEquipmentHostingSystem\BusinessObjects\DataAccess\ComponentDao.cs:行号 114
2020-06-11 11:35:45.6446 ERROR Exception: '传入参数或类型非可转换枚举类型！' happened in Class 'FujiClassManager', Method 'SetFujiClass2Rate', Arguments: FujiClass2Info = BusinessObjects.Domain.FujiClass2Info 
    在 BusinessObjects.Util.SQLUtil.ConvertEnum[T](Object obj) 位置 d:\Projects\FujiFilm-MEMS\TeamCode\Code\MedicalEquipmentHostingSystem\BusinessObjects\Util\SQLUtil.cs:行号 409
   在 BusinessObjects.Domain.ComponentInfo..ctor(DataRow dr) 位置 d:\Projects\FujiFilm-MEMS\TeamCode\Code\MedicalEquipmentHostingSystem\BusinessObjects\Domain\ComponentInfo.cs:行号 57
   在 BusinessObjects.DataAccess.ComponentDao.QueryComponentsByFujiClass2ID(Int32 fujiClass2ID, Int32 componentTypeID) 位置 d:\Projects\FujiFilm-MEMS\TeamCode\Code\MedicalEquipmentHostingSystem\BusinessObjects\DataAccess\ComponentDao.cs:行号 120
   在 BusinessObjects.Manager.FujiClassManager.SetFujiClass2Rate(FujiClass2Info info) 位置 d:\Projects\FujiFilm-MEMS\TeamCode\Code\MedicalEquipmentHostingSystem\BusinessObjects\Manager\FujiClassManager.cs:行号 84
2020-06-11 11:35:45.7015 ERROR Exception: '传入参数或类型非可转换枚举类型！' happened in Class 'FujiClassManager', Method 'QueryFujiClass2s', Arguments: Int32 = 9, Int32 = 0, String = f2.Name, String = , String = f1.Name, Boolean = True 
    在 BusinessObjects.Util.SQLUtil.ConvertEnum[T](Object obj) 位置 d:\Projects\FujiFilm-MEMS\TeamCode\Code\MedicalEquipmentHostingSystem\BusinessObjects\Util\SQLUtil.cs:行号 409
   在 BusinessObjects.Domain.ComponentInfo..ctor(DataRow dr) 位置 d:\Projects\FujiFilm-MEMS\TeamCode\Code\MedicalEquipmentHostingSystem\BusinessObjects\Domain\ComponentInfo.cs:行号 57
   在 BusinessObjects.DataAccess.ComponentDao.QueryComponentsByFujiClass2ID(Int32 fujiClass2ID, Int32 componentTypeID) 位置 d:\Projects\FujiFilm-MEMS\TeamCode\Code\MedicalEquipmentHostingSystem\BusinessObjects\DataAccess\ComponentDao.cs:行号 120
   在 BusinessObjects.Manager.FujiClassManager.SetFujiClass2Rate(FujiClass2Info info) 位置 d:\Projects\FujiFilm-MEMS\TeamCode\Code\MedicalEquipmentHostingSystem\BusinessObjects\Manager\FujiClassManager.cs:行号 93
   在 BusinessObjects.Manager.FujiClassManager.<>c__DisplayClass3.<QueryFujiClass2s>b__1(FujiClass2Info info) 位置 d:\Projects\FujiFilm-MEMS\TeamCode\Code\MedicalEquipmentHostingSystem\BusinessObjects\Manager\FujiClassManager.cs:行号 47
   在 System.Collections.Generic.List`1.ForEach(Action`1 action)
   在 BusinessObjects.Manager.FujiClassManager.QueryFujiClass2s(Int32 class1, Int32 class2, String filterField, String filterText, String sortField, Boolean sortDirection) 位置 d:\Projects\FujiFilm-MEMS\TeamCode\Code\MedicalEquipmentHostingSystem\BusinessObjects\Manager\FujiClassManager.cs:行号 43
2020-06-11 11:35:45.7565 ERROR 传入参数或类型非可转换枚举类型！ 
    在 BusinessObjects.Util.SQLUtil.ConvertEnum[T](Object obj) 位置 d:\Projects\FujiFilm-MEMS\TeamCode\Code\MedicalEquipmentHostingSystem\BusinessObjects\Util\SQLUtil.cs:行号 409
   在 BusinessObjects.Domain.ComponentInfo..ctor(DataRow dr) 位置 d:\Projects\FujiFilm-MEMS\TeamCode\Code\MedicalEquipmentHostingSystem\BusinessObjects\Domain\ComponentInfo.cs:行号 57
   在 BusinessObjects.DataAccess.ComponentDao.QueryComponentsByFujiClass2ID(Int32 fujiClass2ID, Int32 componentTypeID) 位置 d:\Projects\FujiFilm-MEMS\TeamCode\Code\MedicalEquipmentHostingSystem\BusinessObjects\DataAccess\ComponentDao.cs:行号 120
   在 BusinessObjects.Manager.FujiClassManager.SetFujiClass2Rate(FujiClass2Info info) 位置 d:\Projects\FujiFilm-MEMS\TeamCode\Code\MedicalEquipmentHostingSystem\BusinessObjects\Manager\FujiClassManager.cs:行号 93
   在 BusinessObjects.Manager.FujiClassManager.<>c__DisplayClass3.<QueryFujiClass2s>b__1(FujiClass2Info info) 位置 d:\Projects\FujiFilm-MEMS\TeamCode\Code\MedicalEquipmentHostingSystem\BusinessObjects\Manager\FujiClassManager.cs:行号 47
   在 System.Collections.Generic.List`1.ForEach(Action`1 action)
   在 BusinessObjects.Manager.FujiClassManager.QueryFujiClass2s(Int32 class1, Int32 class2, String filterField, String filterText, String sortField, Boolean sortDirection) 位置 d:\Projects\FujiFilm-MEMS\TeamCode\Code\MedicalEquipmentHostingSystem\BusinessObjects\Manager\FujiClassManager.cs:行号 51
   在 MedicalEquipmentHostingSystem.Controllers.FujiClass2Controller.QueryFujiClass2s(Int32 class1, Int32 class2, String filterField, String filterText, String sortField, Boolean sortDirection, Int32 currentPage) 位置 d:\Projects\FujiFilm-MEMS\TeamCode\Code\MedicalEquipmentHostingSystem\MedicalEquipmentHostingSystem\Controllers\FujiClass2Controller.cs:行号 69
2020-06-11 11:36:37.9985 ERROR Exception: '传入参数或类型非可转换枚举类型！' happened in Class 'ComponentDao', Method 'QueryComponentsByFujiClass2ID', Arguments: Int32 = 3, Int32 = -1 
    在 BusinessObjects.Util.SQLUtil.ConvertEnum[T](Object obj) 位置 d:\Projects\FujiFilm-MEMS\TeamCode\Code\MedicalEquipmentHostingSystem\BusinessObjects\Util\SQLUtil.cs:行号 409
   在 BusinessObjects.Domain.ComponentInfo..ctor(DataRow dr) 位置 d:\Projects\FujiFilm-MEMS\TeamCode\Code\MedicalEquipmentHostingSystem\BusinessObjects\Domain\ComponentInfo.cs:行号 57
   在 BusinessObjects.DataAccess.ComponentDao.QueryComponentsByFujiClass2ID(Int32 fujiClass2ID, Int32 componentTypeID) 位置 d:\Projects\FujiFilm-MEMS\TeamCode\Code\MedicalEquipmentHostingSystem\BusinessObjects\DataAccess\ComponentDao.cs:行号 114
2020-06-11 11:36:38.0464 ERROR Exception: '传入参数或类型非可转换枚举类型！' happened in Class 'FujiClassManager', Method 'SetFujiClass2Rate', Arguments: FujiClass2Info = BusinessObjects.Domain.FujiClass2Info 
    在 BusinessObjects.Util.SQLUtil.ConvertEnum[T](Object obj) 位置 d:\Projects\FujiFilm-MEMS\TeamCode\Code\MedicalEquipmentHostingSystem\BusinessObjects\Util\SQLUtil.cs:行号 409
   在 BusinessObjects.Domain.ComponentInfo..ctor(DataRow dr) 位置 d:\Projects\FujiFilm-MEMS\TeamCode\Code\MedicalEquipmentHostingSystem\BusinessObjects\Domain\ComponentInfo.cs:行号 57
   在 BusinessObjects.DataAccess.ComponentDao.QueryComponentsByFujiClass2ID(Int32 fujiClass2ID, Int32 componentTypeID) 位置 d:\Projects\FujiFilm-MEMS\TeamCode\Code\MedicalEquipmentHostingSystem\BusinessObjects\DataAccess\ComponentDao.cs:行号 120
   在 BusinessObjects.Manager.FujiClassManager.SetFujiClass2Rate(FujiClass2Info info) 位置 d:\Projects\FujiFilm-MEMS\TeamCode\Code\MedicalEquipmentHostingSystem\BusinessObjects\Manager\FujiClassManager.cs:行号 84
2020-06-11 11:36:38.0934 ERROR Exception: '传入参数或类型非可转换枚举类型！' happened in Class 'FujiClassManager', Method 'QueryFujiClass2s', Arguments: Int32 = 9, Int32 = 3, String = f2.Name, String = , String = f1.Name, Boolean = True 
    在 BusinessObjects.Util.SQLUtil.ConvertEnum[T](Object obj) 位置 d:\Projects\FujiFilm-MEMS\TeamCode\Code\MedicalEquipmentHostingSystem\BusinessObjects\Util\SQLUtil.cs:行号 409
   在 BusinessObjects.Domain.ComponentInfo..ctor(DataRow dr) 位置 d:\Projects\FujiFilm-MEMS\TeamCode\Code\MedicalEquipmentHostingSystem\BusinessObjects\Domain\ComponentInfo.cs:行号 57
   在 BusinessObjects.DataAccess.ComponentDao.QueryComponentsByFujiClass2ID(Int32 fujiClass2ID, Int32 componentTypeID) 位置 d:\Projects\FujiFilm-MEMS\TeamCode\Code\MedicalEquipmentHostingSystem\BusinessObjects\DataAccess\ComponentDao.cs:行号 120
   在 BusinessObjects.Manager.FujiClassManager.SetFujiClass2Rate(FujiClass2Info info) 位置 d:\Projects\FujiFilm-MEMS\TeamCode\Code\MedicalEquipmentHostingSystem\BusinessObjects\Manager\FujiClassManager.cs:行号 93
   在 BusinessObjects.Manager.FujiClassManager.<>c__DisplayClass3.<QueryFujiClass2s>b__1(FujiClass2Info info) 位置 d:\Projects\FujiFilm-MEMS\TeamCode\Code\MedicalEquipmentHostingSystem\BusinessObjects\Manager\FujiClassManager.cs:行号 47
   在 System.Collections.Generic.List`1.ForEach(Action`1 action)
   在 BusinessObjects.Manager.FujiClassManager.QueryFujiClass2s(Int32 class1, Int32 class2, String filterField, String filterText, String sortField, Boolean sortDirection) 位置 d:\Projects\FujiFilm-MEMS\TeamCode\Code\MedicalEquipmentHostingSystem\BusinessObjects\Manager\FujiClassManager.cs:行号 43
2020-06-11 11:36:38.1374 ERROR 传入参数或类型非可转换枚举类型！ 
    在 BusinessObjects.Util.SQLUtil.ConvertEnum[T](Object obj) 位置 d:\Projects\FujiFilm-MEMS\TeamCode\Code\MedicalEquipmentHostingSystem\BusinessObjects\Util\SQLUtil.cs:行号 409
   在 BusinessObjects.Domain.ComponentInfo..ctor(DataRow dr) 位置 d:\Projects\FujiFilm-MEMS\TeamCode\Code\MedicalEquipmentHostingSystem\BusinessObjects\Domain\ComponentInfo.cs:行号 57
   在 BusinessObjects.DataAccess.ComponentDao.QueryComponentsByFujiClass2ID(Int32 fujiClass2ID, Int32 componentTypeID) 位置 d:\Projects\FujiFilm-MEMS\TeamCode\Code\MedicalEquipmentHostingSystem\BusinessObjects\DataAccess\ComponentDao.cs:行号 120
   在 BusinessObjects.Manager.FujiClassManager.SetFujiClass2Rate(FujiClass2Info info) 位置 d:\Projects\FujiFilm-MEMS\TeamCode\Code\MedicalEquipmentHostingSystem\BusinessObjects\Manager\FujiClassManager.cs:行号 93
   在 BusinessObjects.Manager.FujiClassManager.<>c__DisplayClass3.<QueryFujiClass2s>b__1(FujiClass2Info info) 位置 d:\Projects\FujiFilm-MEMS\TeamCode\Code\MedicalEquipmentHostingSystem\BusinessObjects\Manager\FujiClassManager.cs:行号 47
   在 System.Collections.Generic.List`1.ForEach(Action`1 action)
   在 BusinessObjects.Manager.FujiClassManager.QueryFujiClass2s(Int32 class1, Int32 class2, String filterField, String filterText, String sortField, Boolean sortDirection) 位置 d:\Projects\FujiFilm-MEMS\TeamCode\Code\MedicalEquipmentHostingSystem\BusinessObjects\Manager\FujiClassManager.cs:行号 51
   在 MedicalEquipmentHostingSystem.Controllers.FujiClass2Controller.QueryFujiClass2s(Int32 class1, Int32 class2, String filterField, String filterText, String sortField, Boolean sortDirection, Int32 currentPage) 位置 d:\Projects\FujiFilm-MEMS\TeamCode\Code\MedicalEquipmentHostingSystem\MedicalEquipmentHostingSystem\Controllers\FujiClass2Controller.cs:行号 69
2020-06-11 11:36:47.4635 ERROR Exception: '传入参数或类型非可转换枚举类型！' happened in Class 'ComponentDao', Method 'QueryComponentsByFujiClass2ID', Arguments: Int32 = 3, Int32 = -1 
    在 BusinessObjects.Util.SQLUtil.ConvertEnum[T](Object obj) 位置 d:\Projects\FujiFilm-MEMS\TeamCode\Code\MedicalEquipmentHostingSystem\BusinessObjects\Util\SQLUtil.cs:行号 409
   在 BusinessObjects.Domain.ComponentInfo..ctor(DataRow dr) 位置 d:\Projects\FujiFilm-MEMS\TeamCode\Code\MedicalEquipmentHostingSystem\BusinessObjects\Domain\ComponentInfo.cs:行号 57
   在 BusinessObjects.DataAccess.ComponentDao.QueryComponentsByFujiClass2ID(Int32 fujiClass2ID, Int32 componentTypeID) 位置 d:\Projects\FujiFilm-MEMS\TeamCode\Code\MedicalEquipmentHostingSystem\BusinessObjects\DataAccess\ComponentDao.cs:行号 114
2020-06-11 11:36:47.5084 ERROR Exception: '传入参数或类型非可转换枚举类型！' happened in Class 'FujiClassManager', Method 'SetFujiClass2Rate', Arguments: FujiClass2Info = BusinessObjects.Domain.FujiClass2Info 
    在 BusinessObjects.Util.SQLUtil.ConvertEnum[T](Object obj) 位置 d:\Projects\FujiFilm-MEMS\TeamCode\Code\MedicalEquipmentHostingSystem\BusinessObjects\Util\SQLUtil.cs:行号 409
   在 BusinessObjects.Domain.ComponentInfo..ctor(DataRow dr) 位置 d:\Projects\FujiFilm-MEMS\TeamCode\Code\MedicalEquipmentHostingSystem\BusinessObjects\Domain\ComponentInfo.cs:行号 57
   在 BusinessObjects.DataAccess.ComponentDao.QueryComponentsByFujiClass2ID(Int32 fujiClass2ID, Int32 componentTypeID) 位置 d:\Projects\FujiFilm-MEMS\TeamCode\Code\MedicalEquipmentHostingSystem\BusinessObjects\DataAccess\ComponentDao.cs:行号 120
   在 BusinessObjects.Manager.FujiClassManager.SetFujiClass2Rate(FujiClass2Info info) 位置 d:\Projects\FujiFilm-MEMS\TeamCode\Code\MedicalEquipmentHostingSystem\BusinessObjects\Manager\FujiClassManager.cs:行号 84
2020-06-11 11:36:47.5534 ERROR Exception: '传入参数或类型非可转换枚举类型！' happened in Class 'FujiClassManager', Method 'QueryFujiClass2s', Arguments: Int32 = 9, Int32 = 0, String = f2.Name, String = , String = f1.Name, Boolean = True 
    在 BusinessObjects.Util.SQLUtil.ConvertEnum[T](Object obj) 位置 d:\Projects\FujiFilm-MEMS\TeamCode\Code\MedicalEquipmentHostingSystem\BusinessObjects\Util\SQLUtil.cs:行号 409
   在 BusinessObjects.Domain.ComponentInfo..ctor(DataRow dr) 位置 d:\Projects\FujiFilm-MEMS\TeamCode\Code\MedicalEquipmentHostingSystem\BusinessObjects\Domain\ComponentInfo.cs:行号 57
   在 BusinessObjects.DataAccess.ComponentDao.QueryComponentsByFujiClass2ID(Int32 fujiClass2ID, Int32 componentTypeID) 位置 d:\Projects\FujiFilm-MEMS\TeamCode\Code\MedicalEquipmentHostingSystem\BusinessObjects\DataAccess\ComponentDao.cs:行号 120
   在 BusinessObjects.Manager.FujiClassManager.SetFujiClass2Rate(FujiClass2Info info) 位置 d:\Projects\FujiFilm-MEMS\TeamCode\Code\MedicalEquipmentHostingSystem\BusinessObjects\Manager\FujiClassManager.cs:行号 93
   在 BusinessObjects.Manager.FujiClassManager.<>c__DisplayClass3.<QueryFujiClass2s>b__1(FujiClass2Info info) 位置 d:\Projects\FujiFilm-MEMS\TeamCode\Code\MedicalEquipmentHostingSystem\BusinessObjects\Manager\FujiClassManager.cs:行号 47
   在 System.Collections.Generic.List`1.ForEach(Action`1 action)
   在 BusinessObjects.Manager.FujiClassManager.QueryFujiClass2s(Int32 class1, Int32 class2, String filterField, String filterText, String sortField, Boolean sortDirection) 位置 d:\Projects\FujiFilm-MEMS\TeamCode\Code\MedicalEquipmentHostingSystem\BusinessObjects\Manager\FujiClassManager.cs:行号 43
2020-06-11 11:36:47.5964 ERROR 传入参数或类型非可转换枚举类型！ 
    在 BusinessObjects.Util.SQLUtil.ConvertEnum[T](Object obj) 位置 d:\Projects\FujiFilm-MEMS\TeamCode\Code\MedicalEquipmentHostingSystem\BusinessObjects\Util\SQLUtil.cs:行号 409
   在 BusinessObjects.Domain.ComponentInfo..ctor(DataRow dr) 位置 d:\Projects\FujiFilm-MEMS\TeamCode\Code\MedicalEquipmentHostingSystem\BusinessObjects\Domain\ComponentInfo.cs:行号 57
   在 BusinessObjects.DataAccess.ComponentDao.QueryComponentsByFujiClass2ID(Int32 fujiClass2ID, Int32 componentTypeID) 位置 d:\Projects\FujiFilm-MEMS\TeamCode\Code\MedicalEquipmentHostingSystem\BusinessObjects\DataAccess\ComponentDao.cs:行号 120
   在 BusinessObjects.Manager.FujiClassManager.SetFujiClass2Rate(FujiClass2Info info) 位置 d:\Projects\FujiFilm-MEMS\TeamCode\Code\MedicalEquipmentHostingSystem\BusinessObjects\Manager\FujiClassManager.cs:行号 93
   在 BusinessObjects.Manager.FujiClassManager.<>c__DisplayClass3.<QueryFujiClass2s>b__1(FujiClass2Info info) 位置 d:\Projects\FujiFilm-MEMS\TeamCode\Code\MedicalEquipmentHostingSystem\BusinessObjects\Manager\FujiClassManager.cs:行号 47
   在 System.Collections.Generic.List`1.ForEach(Action`1 action)
   在 BusinessObjects.Manager.FujiClassManager.QueryFujiClass2s(Int32 class1, Int32 class2, String filterField, String filterText, String sortField, Boolean sortDirection) 位置 d:\Projects\FujiFilm-MEMS\TeamCode\Code\MedicalEquipmentHostingSystem\BusinessObjects\Manager\FujiClassManager.cs:行号 51
   在 MedicalEquipmentHostingSystem.Controllers.FujiClass2Controller.QueryFujiClass2s(Int32 class1, Int32 class2, String filterField, String filterText, String sortField, Boolean sortDirection, Int32 currentPage) 位置 d:\Projects\FujiFilm-MEMS\TeamCode\Code\MedicalEquipmentHostingSystem\MedicalEquipmentHostingSystem\Controllers\FujiClass2Controller.cs:行号 69
2020-06-11 11:44:47.4144 ERROR Exception: '在向服务器发送请求时发生传输级错误。 (provider: TCP Provider, error: 0 - 远程主机强迫关闭了一个现有的连接。)' happened in Class 'FaultRateDao', Method 'GetFaultRateByObject', Arguments: List`1 = System.Collections.Generic.List`1[System.Int32], ObjectType = Repair 
    在 System.Data.SqlClient.TdsParser.TdsExecuteRPC(SqlCommand cmd, _SqlRPC[] rpcArray, Int32 timeout, Boolean inSchema, SqlNotificationRequest notificationRequest, TdsParserStateObject stateObj, Boolean isCommandProc, Boolean sync, TaskCompletionSource`1 completion, Int32 startRpc, Int32 startParam)
   在 System.Data.SqlClient.SqlCommand.RunExecuteReaderTds(CommandBehavior cmdBehavior, RunBehavior runBehavior, Boolean returnStream, Boolean async, Int32 timeout, Task& task, Boolean asyncWrite, Boolean inRetry, SqlDataReader ds, Boolean describeParameterEncryptionRequest)
   在 System.Data.SqlClient.SqlCommand.RunExecuteReader(CommandBehavior cmdBehavior, RunBehavior runBehavior, Boolean returnStream, String method, TaskCompletionSource`1 completion, Int32 timeout, Task& task, Boolean& usedCache, Boolean asyncWrite, Boolean inRetry)
   在 System.Data.SqlClient.SqlCommand.RunExecuteReader(CommandBehavior cmdBehavior, RunBehavior runBehavior, Boolean returnStream, String method)
   在 System.Data.SqlClient.SqlCommand.ExecuteReader(CommandBehavior behavior, String method)
   在 System.Data.SqlClient.SqlCommand.ExecuteDbDataReader(CommandBehavior behavior)
   在 System.Data.Common.DbCommand.System.Data.IDbCommand.ExecuteReader(CommandBehavior behavior)
   在 System.Data.Common.DbDataAdapter.FillInternal(DataSet dataset, DataTable[] datatables, Int32 startRecord, Int32 maxRecords, String srcTable, IDbCommand command, CommandBehavior behavior)
   在 System.Data.Common.DbDataAdapter.Fill(DataTable[] dataTables, Int32 startRecord, Int32 maxRecords, IDbCommand command, CommandBehavior behavior)
   在 System.Data.Common.DbDataAdapter.Fill(DataTable dataTable)
   在 BusinessObjects.DataAccess.BaseDao.GetList[T](SqlCommand command) 位置 d:\Projects\FujiFilm-MEMS\TeamCode\Code\MedicalEquipmentHostingSystem\BusinessObjects\DataAccess\BaseDao.cs:行号 303
   在 BusinessObjects.DataAccess.FaultRateDao.GetFaultRateByObject(List`1 objectIDs, ObjectType type) 位置 d:\Projects\FujiFilm-MEMS\TeamCode\Code\MedicalEquipmentHostingSystem\BusinessObjects\DataAccess\FaultRateDao.cs:行号 53
2020-06-11 11:44:47.5093 ERROR Exception: '在向服务器发送请求时发生传输级错误。 (provider: TCP Provider, error: 0 - 远程主机强迫关闭了一个现有的连接。)' happened in Class 'FujiClassManager', Method 'QueryFujiClass2s', Arguments: Int32 = 2, Int32 = 0, String = f2.Name, String = , String = f1.Name, Boolean = True 
    在 System.Data.SqlClient.TdsParser.TdsExecuteRPC(SqlCommand cmd, _SqlRPC[] rpcArray, Int32 timeout, Boolean inSchema, SqlNotificationRequest notificationRequest, TdsParserStateObject stateObj, Boolean isCommandProc, Boolean sync, TaskCompletionSource`1 completion, Int32 startRpc, Int32 startParam)
   在 System.Data.SqlClient.SqlCommand.RunExecuteReaderTds(CommandBehavior cmdBehavior, RunBehavior runBehavior, Boolean returnStream, Boolean async, Int32 timeout, Task& task, Boolean asyncWrite, Boolean inRetry, SqlDataReader ds, Boolean describeParameterEncryptionRequest)
   在 System.Data.SqlClient.SqlCommand.RunExecuteReader(CommandBehavior cmdBehavior, RunBehavior runBehavior, Boolean returnStream, String method, TaskCompletionSource`1 completion, Int32 timeout, Task& task, Boolean& usedCache, Boolean asyncWrite, Boolean inRetry)
   在 System.Data.SqlClient.SqlCommand.RunExecuteReader(CommandBehavior cmdBehavior, RunBehavior runBehavior, Boolean returnStream, String method)
   在 System.Data.SqlClient.SqlCommand.ExecuteReader(CommandBehavior behavior, String method)
   在 System.Data.SqlClient.SqlCommand.ExecuteDbDataReader(CommandBehavior behavior)
   在 System.Data.Common.DbCommand.System.Data.IDbCommand.ExecuteReader(CommandBehavior behavior)
   在 System.Data.Common.DbDataAdapter.FillInternal(DataSet dataset, DataTable[] datatables, Int32 startRecord, Int32 maxRecords, String srcTable, IDbCommand command, CommandBehavior behavior)
   在 System.Data.Common.DbDataAdapter.Fill(DataTable[] dataTables, Int32 startRecord, Int32 maxRecords, IDbCommand command, CommandBehavior behavior)
   在 System.Data.Common.DbDataAdapter.Fill(DataTable dataTable)
   在 BusinessObjects.DataAccess.BaseDao.GetList[T](SqlCommand command) 位置 d:\Projects\FujiFilm-MEMS\TeamCode\Code\MedicalEquipmentHostingSystem\BusinessObjects\DataAccess\BaseDao.cs:行号 303
   在 BusinessObjects.DataAccess.FaultRateDao.GetFaultRateByObject(List`1 objectIDs, ObjectType type) 位置 d:\Projects\FujiFilm-MEMS\TeamCode\Code\MedicalEquipmentHostingSystem\BusinessObjects\DataAccess\FaultRateDao.cs:行号 56
   在 BusinessObjects.Manager.FujiClassManager.QueryFujiClass2s(Int32 class1, Int32 class2, String filterField, String filterText, String sortField, Boolean sortDirection) 位置 d:\Projects\FujiFilm-MEMS\TeamCode\Code\MedicalEquipmentHostingSystem\BusinessObjects\Manager\FujiClassManager.cs:行号 42
2020-06-11 11:44:47.5713 ERROR 在向服务器发送请求时发生传输级错误。 (provider: TCP Provider, error: 0 - 远程主机强迫关闭了一个现有的连接。) 
    在 System.Data.SqlClient.TdsParser.TdsExecuteRPC(SqlCommand cmd, _SqlRPC[] rpcArray, Int32 timeout, Boolean inSchema, SqlNotificationRequest notificationRequest, TdsParserStateObject stateObj, Boolean isCommandProc, Boolean sync, TaskCompletionSource`1 completion, Int32 startRpc, Int32 startParam)
   在 System.Data.SqlClient.SqlCommand.RunExecuteReaderTds(CommandBehavior cmdBehavior, RunBehavior runBehavior, Boolean returnStream, Boolean async, Int32 timeout, Task& task, Boolean asyncWrite, Boolean inRetry, SqlDataReader ds, Boolean describeParameterEncryptionRequest)
   在 System.Data.SqlClient.SqlCommand.RunExecuteReader(CommandBehavior cmdBehavior, RunBehavior runBehavior, Boolean returnStream, String method, TaskCompletionSource`1 completion, Int32 timeout, Task& task, Boolean& usedCache, Boolean asyncWrite, Boolean inRetry)
   在 System.Data.SqlClient.SqlCommand.RunExecuteReader(CommandBehavior cmdBehavior, RunBehavior runBehavior, Boolean returnStream, String method)
   在 System.Data.SqlClient.SqlCommand.ExecuteReader(CommandBehavior behavior, String method)
   在 System.Data.SqlClient.SqlCommand.ExecuteDbDataReader(CommandBehavior behavior)
   在 System.Data.Common.DbCommand.System.Data.IDbCommand.ExecuteReader(CommandBehavior behavior)
   在 System.Data.Common.DbDataAdapter.FillInternal(DataSet dataset, DataTable[] datatables, Int32 startRecord, Int32 maxRecords, String srcTable, IDbCommand command, CommandBehavior behavior)
   在 System.Data.Common.DbDataAdapter.Fill(DataTable[] dataTables, Int32 startRecord, Int32 maxRecords, IDbCommand command, CommandBehavior behavior)
   在 System.Data.Common.DbDataAdapter.Fill(DataTable dataTable)
   在 BusinessObjects.DataAccess.BaseDao.GetList[T](SqlCommand command) 位置 d:\Projects\FujiFilm-MEMS\TeamCode\Code\MedicalEquipmentHostingSystem\BusinessObjects\DataAccess\BaseDao.cs:行号 303
   在 BusinessObjects.DataAccess.FaultRateDao.GetFaultRateByObject(List`1 objectIDs, ObjectType type) 位置 d:\Projects\FujiFilm-MEMS\TeamCode\Code\MedicalEquipmentHostingSystem\BusinessObjects\DataAccess\FaultRateDao.cs:行号 56
   在 BusinessObjects.Manager.FujiClassManager.QueryFujiClass2s(Int32 class1, Int32 class2, String filterField, String filterText, String sortField, Boolean sortDirection) 位置 d:\Projects\FujiFilm-MEMS\TeamCode\Code\MedicalEquipmentHostingSystem\BusinessObjects\Manager\FujiClassManager.cs:行号 51
   在 MedicalEquipmentHostingSystem.Controllers.FujiClass2Controller.QueryFujiClass2s(Int32 class1, Int32 class2, String filterField, String filterText, String sortField, Boolean sortDirection, Int32 currentPage) 位置 d:\Projects\FujiFilm-MEMS\TeamCode\Code\MedicalEquipmentHostingSystem\MedicalEquipmentHostingSystem\Controllers\FujiClass2Controller.cs:行号 69
2020-06-11 16:51:20.3483 ERROR Exception: '调用的目标发生了异常。' happened in Class 'FujiClassDao', Method 'QueryFujiClass2s', Arguments: Int32 = 0, Int32 = 0, String = f2.Name, String = , String = f1.Name, Boolean = True, Int32 = 0, Int32 = 10 
    在 System.RuntimeMethodHandle.InvokeMethod(Object target, Object[] arguments, Signature sig, Boolean constructor)
   在 System.Reflection.RuntimeConstructorInfo.Invoke(BindingFlags invokeAttr, Binder binder, Object[] parameters, CultureInfo culture)
   在 System.Reflection.ConstructorInfo.Invoke(Object[] parameters)
   在 BusinessObjects.DataAccess.BaseDao.DataRowInstantiation[T](List`1 infos, DataTable dt) 位置 d:\Projects\FujiFilm-MEMS\TeamCode\Code\MedicalEquipmentHostingSystem\BusinessObjects\DataAccess\BaseDao.cs:行号 330
   在 BusinessObjects.DataAccess.BaseDao.GetList[T](SqlCommand command) 位置 d:\Projects\FujiFilm-MEMS\TeamCode\Code\MedicalEquipmentHostingSystem\BusinessObjects\DataAccess\BaseDao.cs:行号 308
   在 BusinessObjects.DataAccess.FujiClassDao.QueryFujiClass2s(Int32 class1, Int32 class2, String filterField, String filterText, String sortField, Boolean sortDirection, Int32 curRowNum, Int32 pageSize) 位置 d:\Projects\FujiFilm-MEMS\TeamCode\Code\MedicalEquipmentHostingSystem\BusinessObjects\DataAccess\FujiClassDao.cs:行号 40
2020-06-11 16:51:20.4423 ERROR 调用的目标发生了异常。 
    在 System.RuntimeMethodHandle.InvokeMethod(Object target, Object[] arguments, Signature sig, Boolean constructor)
   在 System.Reflection.RuntimeConstructorInfo.Invoke(BindingFlags invokeAttr, Binder binder, Object[] parameters, CultureInfo culture)
   在 System.Reflection.ConstructorInfo.Invoke(Object[] parameters)
   在 BusinessObjects.DataAccess.BaseDao.DataRowInstantiation[T](List`1 infos, DataTable dt) 位置 d:\Projects\FujiFilm-MEMS\TeamCode\Code\MedicalEquipmentHostingSystem\BusinessObjects\DataAccess\BaseDao.cs:行号 330
   在 BusinessObjects.DataAccess.BaseDao.GetList[T](SqlCommand command) 位置 d:\Projects\FujiFilm-MEMS\TeamCode\Code\MedicalEquipmentHostingSystem\BusinessObjects\DataAccess\BaseDao.cs:行号 308
   在 BusinessObjects.DataAccess.FujiClassDao.QueryFujiClass2s(Int32 class1, Int32 class2, String filterField, String filterText, String sortField, Boolean sortDirection, Int32 curRowNum, Int32 pageSize) 位置 d:\Projects\FujiFilm-MEMS\TeamCode\Code\MedicalEquipmentHostingSystem\BusinessObjects\DataAccess\FujiClassDao.cs:行号 42
   在 MedicalEquipmentHostingSystem.Controllers.FujiClass2Controller.QueryFujiClass2s(Int32 class1, Int32 class2, String filterField, String filterText, String sortField, Boolean sortDirection, Int32 currentPage) 位置 d:\Projects\FujiFilm-MEMS\TeamCode\Code\MedicalEquipmentHostingSystem\MedicalEquipmentHostingSystem\Controllers\FujiClass2Controller.cs:行号 65
2020-06-11 16:54:01.1167 ERROR Exception: '列“EquipmentType1ID”不属于表 。' happened in Class 'FujiClassDao', Method 'GetFujiClass2', Arguments: None 
    在 System.Data.DataRow.GetDataColumn(String columnName)
   在 System.Data.DataRow.get_Item(String columnName)
   在 BusinessObjects.Domain.FujiClass2Info..ctor(DataRow dr) 位置 d:\Projects\FujiFilm-MEMS\TeamCode\Code\MedicalEquipmentHostingSystem\BusinessObjects\Domain\FujiClass2Info.cs:行号 72
   在 BusinessObjects.DataAccess.FujiClassDao.GetFujiClass2() 位置 d:\Projects\FujiFilm-MEMS\TeamCode\Code\MedicalEquipmentHostingSystem\BusinessObjects\DataAccess\FujiClassDao.cs:行号 90
2020-06-11 16:54:01.1906 ERROR 列“EquipmentType1ID”不属于表 。 
    在 System.Data.DataRow.GetDataColumn(String columnName)
   在 System.Data.DataRow.get_Item(String columnName)
   在 BusinessObjects.Domain.FujiClass2Info..ctor(DataRow dr) 位置 d:\Projects\FujiFilm-MEMS\TeamCode\Code\MedicalEquipmentHostingSystem\BusinessObjects\Domain\FujiClass2Info.cs:行号 72
   在 BusinessObjects.DataAccess.FujiClassDao.GetFujiClass2() 位置 d:\Projects\FujiFilm-MEMS\TeamCode\Code\MedicalEquipmentHostingSystem\BusinessObjects\DataAccess\FujiClassDao.cs:行号 96
   在 MedicalEquipmentHostingSystem.Controllers.FujiClass2Controller.GetFujiClass2() 位置 d:\Projects\FujiFilm-MEMS\TeamCode\Code\MedicalEquipmentHostingSystem\MedicalEquipmentHostingSystem\Controllers\FujiClass2Controller.cs:行号 91
