2019-12-23 08:09:18.5030 ERROR Exception: '在与 SQL Server 建立连接时出现与网络相关的或特定于实例的错误。未找到或无法访问服务器。请验证实例名称是否正确并且 SQL Server 已配置为允许远程连接。 (provider: TCP Provider, error: 0 - 不能访问网络位置。有关网络排除故障的信息，请参阅 Windows 帮助。)' happened in Class 'LookupDao', Method '.ctor', Arguments: None 
    在 System.Data.SqlClient.SqlInternalConnectionTds..ctor(DbConnectionPoolIdentity identity, SqlConnectionString connectionOptions, SqlCredential credential, Object providerInfo, String newPassword, SecureString newSecurePassword, Boolean redirectedUserInstance, SqlConnectionString userConnectionOptions, SessionData reconnectSessionData, DbConnectionPool pool, String accessToken, Boolean applyTransientFaultHandling, SqlAuthenticationProviderManager sqlAuthProviderManager)
   在 System.Data.SqlClient.SqlConnectionFactory.CreateConnection(DbConnectionOptions options, DbConnectionPoolKey poolKey, Object poolGroupProviderInfo, DbConnectionPool pool, DbConnection owningConnection, DbConnectionOptions userOptions)
   在 System.Data.ProviderBase.DbConnectionFactory.CreatePooledConnection(DbConnectionPool pool, DbConnection owningObject, DbConnectionOptions options, DbConnectionPoolKey poolKey, DbConnectionOptions userOptions)
   在 System.Data.ProviderBase.DbConnectionPool.CreateObject(DbConnection owningObject, DbConnectionOptions userOptions, DbConnectionInternal oldConnection)
   在 System.Data.ProviderBase.DbConnectionPool.UserCreateRequest(DbConnection owningObject, DbConnectionOptions userOptions, DbConnectionInternal oldConnection)
   在 System.Data.ProviderBase.DbConnectionPool.TryGetConnection(DbConnection owningObject, UInt32 waitForMultipleObjectsTimeout, Boolean allowCreate, Boolean onlyOneCheckConnection, DbConnectionOptions userOptions, DbConnectionInternal& connection)
   在 System.Data.ProviderBase.DbConnectionPool.TryGetConnection(DbConnection owningObject, TaskCompletionSource`1 retry, DbConnectionOptions userOptions, DbConnectionInternal& connection)
   在 System.Data.ProviderBase.DbConnectionFactory.TryGetConnection(DbConnection owningConnection, TaskCompletionSource`1 retry, DbConnectionOptions userOptions, DbConnectionInternal oldConnection, DbConnectionInternal& connection)
   在 System.Data.ProviderBase.DbConnectionInternal.TryOpenConnectionInternal(DbConnection outerConnection, DbConnectionFactory connectionFactory, TaskCompletionSource`1 retry, DbConnectionOptions userOptions)
   在 System.Data.ProviderBase.DbConnectionClosed.TryOpenConnection(DbConnection outerConnection, DbConnectionFactory connectionFactory, TaskCompletionSource`1 retry, DbConnectionOptions userOptions)
   在 System.Data.SqlClient.SqlConnection.TryOpenInner(TaskCompletionSource`1 retry)
   在 System.Data.SqlClient.SqlConnection.TryOpen(TaskCompletionSource`1 retry)
   在 System.Data.SqlClient.SqlConnection.Open()
   在 BusinessObjects.Util.ConnectionUtil..ctor() 位置 d:\Projects\FujiFilm-MEMS\TeamCode\Code\MedicalEquipmentHostingSystem\BusinessObjects\Util\ConnectionUtil.cs:行号 25
   在 BusinessObjects.Aspect.ConnectionAspect.OnEntry(MethodExecutionArgs args) 位置 d:\Projects\FujiFilm-MEMS\TeamCode\Code\MedicalEquipmentHostingSystem\BusinessObjects\Aspect\ConnectionAspect.cs:行号 15
   在 BusinessObjects.DataAccess.LookupDao..ctor() 位置 :行号 0
2019-12-23 14:04:31.0651 ERROR Fill: SelectCommand.Connection 属性尚未初始化。 
    在 System.Data.Common.DbDataAdapter.GetConnection3(DbDataAdapter adapter, IDbCommand command, String method)
   在 System.Data.Common.DbDataAdapter.FillInternal(DataSet dataset, DataTable[] datatables, Int32 startRecord, Int32 maxRecords, String srcTable, IDbCommand command, CommandBehavior behavior)
   在 System.Data.Common.DbDataAdapter.Fill(DataTable[] dataTables, Int32 startRecord, Int32 maxRecords, IDbCommand command, CommandBehavior behavior)
   在 System.Data.Common.DbDataAdapter.Fill(DataTable dataTable)
   在 BusinessObjects.DataAccess.BaseDao.GetDataTable(SqlCommand command, String tableName)
   在 BusinessObjects.DataAccess.SupplierDao.QuerySupplier(Int32 typeID, Int32 status, String filterField, String filterText, String sortField, Boolean sortDirection, Int32 curRowNum, Int32 pageSize)
   在 MedicalEquipmentHostingSystem.Controllers.SupplierController.QuerySupplierList(Int32 typeID, Int32 status, String filterField, String sortField, Boolean sortDirection, String filterText, Int32 currentPage) 位置 d:\Projects\FujiFilm-MEMS\TeamCode\Code\MedicalEquipmentHostingSystem\MedicalEquipmentHostingSystem\Controllers\SupplierController.cs:行号 64
2019-12-23 16:26:38.2774 ERROR Exception: '未将对象引用设置到对象的实例。' happened in Class 'DispatchManager', Method 'UpdateEquipmentByReport', Arguments: Int32 = 8368, UserInfo = BusinessObjects.Domain.UserInfo 
    在 BusinessObjects.Manager.DispatchManager.UpdateEquipmentByReport(Int32 dispatchReportID, UserInfo user) 位置 d:\Projects\FujiFilm-MEMS\TeamCode\Code\MedicalEquipmentHostingSystem\BusinessObjects\Manager\DispatchManager.cs:行号 462
2019-12-23 16:26:38.3907 ERROR Exception: '未将对象引用设置到对象的实例。' happened in Class 'DispatchManager', Method 'PassDispatchReport', Arguments: DispatchReportInfo = BusinessObjects.Domain.DispatchReportInfo, UserInfo = BusinessObjects.Domain.UserInfo 
    在 BusinessObjects.Manager.DispatchManager.UpdateEquipmentByReport(Int32 dispatchReportID, UserInfo user) 位置 d:\Projects\FujiFilm-MEMS\TeamCode\Code\MedicalEquipmentHostingSystem\BusinessObjects\Manager\DispatchManager.cs:行号 487
   在 BusinessObjects.Manager.DispatchManager.PassDispatchReport(DispatchReportInfo info, UserInfo user) 位置 d:\Projects\FujiFilm-MEMS\TeamCode\Code\MedicalEquipmentHostingSystem\BusinessObjects\Manager\DispatchManager.cs:行号 449
2019-12-23 16:26:38.4577 ERROR 未将对象引用设置到对象的实例。 
    在 BusinessObjects.Manager.DispatchManager.UpdateEquipmentByReport(Int32 dispatchReportID, UserInfo user) 位置 d:\Projects\FujiFilm-MEMS\TeamCode\Code\MedicalEquipmentHostingSystem\BusinessObjects\Manager\DispatchManager.cs:行号 487
   在 BusinessObjects.Manager.DispatchManager.PassDispatchReport(DispatchReportInfo info, UserInfo user) 位置 d:\Projects\FujiFilm-MEMS\TeamCode\Code\MedicalEquipmentHostingSystem\BusinessObjects\Manager\DispatchManager.cs:行号 453
   在 MedicalEquipmentHostingSystem.Controllers.DispatchReportController.PassDispatchReport(DispatchReportInfo info) 位置 d:\Projects\FujiFilm-MEMS\TeamCode\Code\MedicalEquipmentHostingSystem\MedicalEquipmentHostingSystem\Controllers\DispatchReportController.cs:行号 195
2019-12-23 16:27:20.6261 ERROR Exception: '未将对象引用设置到对象的实例。' happened in Class 'DispatchManager', Method 'UpdateEquipmentByReport', Arguments: Int32 = 8368, UserInfo = BusinessObjects.Domain.UserInfo 
    在 BusinessObjects.Manager.DispatchManager.UpdateEquipmentByReport(Int32 dispatchReportID, UserInfo user) 位置 d:\Projects\FujiFilm-MEMS\TeamCode\Code\MedicalEquipmentHostingSystem\BusinessObjects\Manager\DispatchManager.cs:行号 462
2019-12-23 16:27:20.6827 ERROR Exception: '未将对象引用设置到对象的实例。' happened in Class 'DispatchManager', Method 'PassDispatchReport', Arguments: DispatchReportInfo = BusinessObjects.Domain.DispatchReportInfo, UserInfo = BusinessObjects.Domain.UserInfo 
    在 BusinessObjects.Manager.DispatchManager.UpdateEquipmentByReport(Int32 dispatchReportID, UserInfo user) 位置 d:\Projects\FujiFilm-MEMS\TeamCode\Code\MedicalEquipmentHostingSystem\BusinessObjects\Manager\DispatchManager.cs:行号 487
   在 BusinessObjects.Manager.DispatchManager.PassDispatchReport(DispatchReportInfo info, UserInfo user) 位置 d:\Projects\FujiFilm-MEMS\TeamCode\Code\MedicalEquipmentHostingSystem\BusinessObjects\Manager\DispatchManager.cs:行号 449
2019-12-23 16:27:28.0498 ERROR 未将对象引用设置到对象的实例。 
    在 BusinessObjects.Manager.DispatchManager.UpdateEquipmentByReport(Int32 dispatchReportID, UserInfo user) 位置 d:\Projects\FujiFilm-MEMS\TeamCode\Code\MedicalEquipmentHostingSystem\BusinessObjects\Manager\DispatchManager.cs:行号 487
   在 BusinessObjects.Manager.DispatchManager.PassDispatchReport(DispatchReportInfo info, UserInfo user) 位置 d:\Projects\FujiFilm-MEMS\TeamCode\Code\MedicalEquipmentHostingSystem\BusinessObjects\Manager\DispatchManager.cs:行号 453
   在 MedicalEquipmentHostingSystem.Controllers.DispatchReportController.PassDispatchReport(DispatchReportInfo info) 位置 d:\Projects\FujiFilm-MEMS\TeamCode\Code\MedicalEquipmentHostingSystem\MedicalEquipmentHostingSystem\Controllers\DispatchReportController.cs:行号 195
