2020-04-16 08:08:31.4941 ERROR 未将对象引用设置到对象的实例。 
    在 MedicalEquipmentHostingSystem.Controllers.EquipmentController.<>c__DisplayClass11.<IncomeExpenseByDepartment>b__a(ServiceHisCountInfo temp) 位置 d:\Projects\FujiFilm-MEMS\TeamCode\Code\MedicalEquipmentHostingSystem\MedicalEquipmentHostingSystem\Controllers\EquipmentController.cs:行号 580
   在 System.Linq.Enumerable.WhereListIterator`1.MoveNext()
   在 System.Linq.Enumerable.FirstOrDefault[TSource](IEnumerable`1 source)
   在 MedicalEquipmentHostingSystem.Controllers.EquipmentController.IncomeExpenseByDepartment(String date) 位置 d:\Projects\FujiFilm-MEMS\TeamCode\Code\MedicalEquipmentHostingSystem\MedicalEquipmentHostingSystem\Controllers\EquipmentController.cs:行号 580
2020-04-16 08:08:37.3982 ERROR 未将对象引用设置到对象的实例。 
    在 MedicalEquipmentHostingSystem.Controllers.EquipmentController.<>c__DisplayClass11.<IncomeExpenseByDepartment>b__a(ServiceHisCountInfo temp) 位置 d:\Projects\FujiFilm-MEMS\TeamCode\Code\MedicalEquipmentHostingSystem\MedicalEquipmentHostingSystem\Controllers\EquipmentController.cs:行号 580
   在 System.Linq.Enumerable.WhereListIterator`1.MoveNext()
   在 System.Linq.Enumerable.FirstOrDefault[TSource](IEnumerable`1 source)
   在 MedicalEquipmentHostingSystem.Controllers.EquipmentController.IncomeExpenseByDepartment(String date) 位置 d:\Projects\FujiFilm-MEMS\TeamCode\Code\MedicalEquipmentHostingSystem\MedicalEquipmentHostingSystem\Controllers\EquipmentController.cs:行号 580
2020-04-16 08:08:58.8324 ERROR 未将对象引用设置到对象的实例。 
    在 MedicalEquipmentHostingSystem.Controllers.EquipmentController.<>c__DisplayClass11.<IncomeExpenseByDepartment>b__a(ServiceHisCountInfo temp) 位置 d:\Projects\FujiFilm-MEMS\TeamCode\Code\MedicalEquipmentHostingSystem\MedicalEquipmentHostingSystem\Controllers\EquipmentController.cs:行号 580
   在 System.Linq.Enumerable.WhereListIterator`1.MoveNext()
   在 System.Linq.Enumerable.FirstOrDefault[TSource](IEnumerable`1 source)
   在 MedicalEquipmentHostingSystem.Controllers.EquipmentController.IncomeExpenseByDepartment(String date) 位置 d:\Projects\FujiFilm-MEMS\TeamCode\Code\MedicalEquipmentHostingSystem\MedicalEquipmentHostingSystem\Controllers\EquipmentController.cs:行号 580
2020-04-16 08:12:27.7222 ERROR 未将对象引用设置到对象的实例。 
    在 MedicalEquipmentHostingSystem.Controllers.EquipmentController.<>c__DisplayClass11.<IncomeExpenseByDepartment>b__a(ServiceHisCountInfo temp) 位置 d:\Projects\FujiFilm-MEMS\TeamCode\Code\MedicalEquipmentHostingSystem\MedicalEquipmentHostingSystem\Controllers\EquipmentController.cs:行号 580
   在 System.Linq.Enumerable.WhereListIterator`1.MoveNext()
   在 System.Linq.Enumerable.FirstOrDefault[TSource](IEnumerable`1 source)
   在 MedicalEquipmentHostingSystem.Controllers.EquipmentController.IncomeExpenseByDepartment(String date) 位置 d:\Projects\FujiFilm-MEMS\TeamCode\Code\MedicalEquipmentHostingSystem\MedicalEquipmentHostingSystem\Controllers\EquipmentController.cs:行号 580
2020-04-16 08:12:31.4731 ERROR 未将对象引用设置到对象的实例。 
    在 MedicalEquipmentHostingSystem.Controllers.EquipmentController.<>c__DisplayClass11.<IncomeExpenseByDepartment>b__a(ServiceHisCountInfo temp) 位置 d:\Projects\FujiFilm-MEMS\TeamCode\Code\MedicalEquipmentHostingSystem\MedicalEquipmentHostingSystem\Controllers\EquipmentController.cs:行号 580
   在 System.Linq.Enumerable.WhereListIterator`1.MoveNext()
   在 System.Linq.Enumerable.FirstOrDefault[TSource](IEnumerable`1 source)
   在 MedicalEquipmentHostingSystem.Controllers.EquipmentController.IncomeExpenseByDepartment(String date) 位置 d:\Projects\FujiFilm-MEMS\TeamCode\Code\MedicalEquipmentHostingSystem\MedicalEquipmentHostingSystem\Controllers\EquipmentController.cs:行号 580
2020-04-16 08:13:59.0927 ERROR 未将对象引用设置到对象的实例。 
    在 MedicalEquipmentHostingSystem.Controllers.EquipmentController.<>c__DisplayClass11.<IncomeExpenseByDepartment>b__a(ServiceHisCountInfo temp) 位置 d:\Projects\FujiFilm-MEMS\TeamCode\Code\MedicalEquipmentHostingSystem\MedicalEquipmentHostingSystem\Controllers\EquipmentController.cs:行号 580
   在 System.Linq.Enumerable.WhereListIterator`1.MoveNext()
   在 System.Linq.Enumerable.FirstOrDefault[TSource](IEnumerable`1 source)
   在 MedicalEquipmentHostingSystem.Controllers.EquipmentController.IncomeExpenseByDepartment(String date) 位置 d:\Projects\FujiFilm-MEMS\TeamCode\Code\MedicalEquipmentHostingSystem\MedicalEquipmentHostingSystem\Controllers\EquipmentController.cs:行号 580
2020-04-16 08:14:02.4217 ERROR 未将对象引用设置到对象的实例。 
    在 MedicalEquipmentHostingSystem.Controllers.EquipmentController.<>c__DisplayClass11.<IncomeExpenseByDepartment>b__a(ServiceHisCountInfo temp) 位置 d:\Projects\FujiFilm-MEMS\TeamCode\Code\MedicalEquipmentHostingSystem\MedicalEquipmentHostingSystem\Controllers\EquipmentController.cs:行号 580
   在 System.Linq.Enumerable.WhereListIterator`1.MoveNext()
   在 System.Linq.Enumerable.FirstOrDefault[TSource](IEnumerable`1 source)
   在 MedicalEquipmentHostingSystem.Controllers.EquipmentController.IncomeExpenseByDepartment(String date) 位置 d:\Projects\FujiFilm-MEMS\TeamCode\Code\MedicalEquipmentHostingSystem\MedicalEquipmentHostingSystem\Controllers\EquipmentController.cs:行号 580
2020-04-16 13:35:38.9042 ERROR Exception: 'Invalid object name 'tbleqFile'.' happened in Class 'FileDao', Method 'GetFileByID', Arguments: String = eq, Int32 = 10 
    在 System.Data.SqlClient.SqlConnection.OnError(SqlException exception, Boolean breakConnection, Action`1 wrapCloseInAction)
   在 System.Data.SqlClient.SqlInternalConnection.OnError(SqlException exception, Boolean breakConnection, Action`1 wrapCloseInAction)
   在 System.Data.SqlClient.TdsParser.ThrowExceptionAndWarning(TdsParserStateObject stateObj, Boolean callerHasConnectionLock, Boolean asyncClose)
   在 System.Data.SqlClient.TdsParser.TryRun(RunBehavior runBehavior, SqlCommand cmdHandler, SqlDataReader dataStream, BulkCopySimpleResultSet bulkCopyHandler, TdsParserStateObject stateObj, Boolean& dataReady)
   在 System.Data.SqlClient.SqlDataReader.TryConsumeMetaData()
   在 System.Data.SqlClient.SqlDataReader.get_MetaData()
   在 System.Data.SqlClient.SqlCommand.FinishExecuteReader(SqlDataReader ds, RunBehavior runBehavior, String resetOptionsString, Boolean isInternal, Boolean forDescribeParameterEncryption, Boolean shouldCacheForAlwaysEncrypted)
   在 System.Data.SqlClient.SqlCommand.RunExecuteReaderTds(CommandBehavior cmdBehavior, RunBehavior runBehavior, Boolean returnStream, Boolean async, Int32 timeout, Task& task, Boolean asyncWrite, Boolean inRetry, SqlDataReader ds, Boolean describeParameterEncryptionRequest)
   在 System.Data.SqlClient.SqlCommand.RunExecuteReader(CommandBehavior cmdBehavior, RunBehavior runBehavior, Boolean returnStream, String method, TaskCompletionSource`1 completion, Int32 timeout, Task& task, Boolean& usedCache, Boolean asyncWrite, Boolean inRetry)
   在 System.Data.SqlClient.SqlCommand.RunExecuteReader(CommandBehavior cmdBehavior, RunBehavior runBehavior, Boolean returnStream, String method)
   在 System.Data.SqlClient.SqlCommand.ExecuteReader(CommandBehavior behavior, String method)
   在 System.Data.SqlClient.SqlCommand.ExecuteDbDataReader(CommandBehavior behavior)
   在 System.Data.Common.DbCommand.System.Data.IDbCommand.ExecuteReader(CommandBehavior behavior)
   在 System.Data.Common.DbDataAdapter.FillInternal(DataSet dataset, DataTable[] datatables, Int32 startRecord, Int32 maxRecords, String srcTable, IDbCommand command, CommandBehavior behavior)
   在 System.Data.Common.DbDataAdapter.Fill(DataTable[] dataTables, Int32 startRecord, Int32 maxRecords, IDbCommand command, CommandBehavior behavior)
   在 System.Data.Common.DbDataAdapter.Fill(DataTable dataTable)
   在 BusinessObjects.DataAccess.BaseDao.GetDataRow(SqlCommand command) 位置 d:\Projects\FujiFilm-MEMS\TeamCode\Code\MedicalEquipmentHostingSystem\BusinessObjects\DataAccess\BaseDao.cs:行号 85
   在 BusinessObjects.DataAccess.FileDao.GetFileByID(String objectName, Int32 id) 位置 d:\Projects\FujiFilm-MEMS\TeamCode\Code\MedicalEquipmentHostingSystem\BusinessObjects\DataAccess\FileDao.cs:行号 110
2020-04-16 13:35:39.1171 ERROR Invalid object name 'tbleqFile'. 
    在 System.Data.SqlClient.SqlConnection.OnError(SqlException exception, Boolean breakConnection, Action`1 wrapCloseInAction)
   在 System.Data.SqlClient.SqlInternalConnection.OnError(SqlException exception, Boolean breakConnection, Action`1 wrapCloseInAction)
   在 System.Data.SqlClient.TdsParser.ThrowExceptionAndWarning(TdsParserStateObject stateObj, Boolean callerHasConnectionLock, Boolean asyncClose)
   在 System.Data.SqlClient.TdsParser.TryRun(RunBehavior runBehavior, SqlCommand cmdHandler, SqlDataReader dataStream, BulkCopySimpleResultSet bulkCopyHandler, TdsParserStateObject stateObj, Boolean& dataReady)
   在 System.Data.SqlClient.SqlDataReader.TryConsumeMetaData()
   在 System.Data.SqlClient.SqlDataReader.get_MetaData()
   在 System.Data.SqlClient.SqlCommand.FinishExecuteReader(SqlDataReader ds, RunBehavior runBehavior, String resetOptionsString, Boolean isInternal, Boolean forDescribeParameterEncryption, Boolean shouldCacheForAlwaysEncrypted)
   在 System.Data.SqlClient.SqlCommand.RunExecuteReaderTds(CommandBehavior cmdBehavior, RunBehavior runBehavior, Boolean returnStream, Boolean async, Int32 timeout, Task& task, Boolean asyncWrite, Boolean inRetry, SqlDataReader ds, Boolean describeParameterEncryptionRequest)
   在 System.Data.SqlClient.SqlCommand.RunExecuteReader(CommandBehavior cmdBehavior, RunBehavior runBehavior, Boolean returnStream, String method, TaskCompletionSource`1 completion, Int32 timeout, Task& task, Boolean& usedCache, Boolean asyncWrite, Boolean inRetry)
   在 System.Data.SqlClient.SqlCommand.RunExecuteReader(CommandBehavior cmdBehavior, RunBehavior runBehavior, Boolean returnStream, String method)
   在 System.Data.SqlClient.SqlCommand.ExecuteReader(CommandBehavior behavior, String method)
   在 System.Data.SqlClient.SqlCommand.ExecuteDbDataReader(CommandBehavior behavior)
   在 System.Data.Common.DbCommand.System.Data.IDbCommand.ExecuteReader(CommandBehavior behavior)
   在 System.Data.Common.DbDataAdapter.FillInternal(DataSet dataset, DataTable[] datatables, Int32 startRecord, Int32 maxRecords, String srcTable, IDbCommand command, CommandBehavior behavior)
   在 System.Data.Common.DbDataAdapter.Fill(DataTable[] dataTables, Int32 startRecord, Int32 maxRecords, IDbCommand command, CommandBehavior behavior)
   在 System.Data.Common.DbDataAdapter.Fill(DataTable dataTable)
   在 BusinessObjects.DataAccess.BaseDao.GetDataRow(SqlCommand command) 位置 d:\Projects\FujiFilm-MEMS\TeamCode\Code\MedicalEquipmentHostingSystem\BusinessObjects\DataAccess\BaseDao.cs:行号 85
   在 BusinessObjects.DataAccess.FileDao.GetFileByID(String objectName, Int32 id) 位置 d:\Projects\FujiFilm-MEMS\TeamCode\Code\MedicalEquipmentHostingSystem\BusinessObjects\DataAccess\FileDao.cs:行号 117
   在 MedicalEquipmentHostingSystem.Controllers.UploadFileController.DownloadUploadFile(String objectName, Int32 id) 位置 d:\Projects\FujiFilm-MEMS\TeamCode\Code\MedicalEquipmentHostingSystem\MedicalEquipmentHostingSystem\Controllers\UploadFileController.cs:行号 91
2020-04-16 13:36:38.1319 ERROR 未将对象引用设置到对象的实例。 
    在 MedicalEquipmentHostingSystem.Controllers.UploadFileController.DownloadUploadFile(String objectName, Int32 id) 位置 d:\Projects\FujiFilm-MEMS\TeamCode\Code\MedicalEquipmentHostingSystem\MedicalEquipmentHostingSystem\Controllers\UploadFileController.cs:行号 92
2020-04-16 13:36:50.1496 ERROR 未将对象引用设置到对象的实例。 
    在 MedicalEquipmentHostingSystem.Controllers.UploadFileController.DownloadUploadFile(String objectName, Int32 id) 位置 d:\Projects\FujiFilm-MEMS\TeamCode\Code\MedicalEquipmentHostingSystem\MedicalEquipmentHostingSystem\Controllers\UploadFileController.cs:行号 92
2020-04-16 15:42:10.2895 ERROR 对路径“Equipment”的访问被拒绝。 
    在 System.IO.__Error.WinIOError(Int32 errorCode, String maybeFullPath)
   在 System.IO.Directory.InternalCreateDirectory(String fullPath, String path, Object dirSecurityObj, Boolean checkHost)
   在 System.IO.Directory.InternalCreateDirectoryHelper(String path, Boolean checkHost)
   在 System.IO.Directory.CreateDirectory(String path)
   在 BusinessObjects.Util.FileUtil.CheckDirectory(String folder) 位置 d:\Projects\FujiFilm-MEMS\TeamCode\Code\MedicalEquipmentHostingSystem\BusinessObjects\Util\FileUtil.cs:行号 120
   在 MedicalEquipmentHostingSystem.Controllers.EquipmentController.ViewPDF(Int32 equipmentID, Int32 fileID) 位置 d:\Projects\FujiFilm-MEMS\TeamCode\Code\MedicalEquipmentHostingSystem\MedicalEquipmentHostingSystem\Controllers\EquipmentController.cs:行号 317
2020-04-16 15:44:41.9388 ERROR 对路径“Equipment”的访问被拒绝。 
    在 System.IO.__Error.WinIOError(Int32 errorCode, String maybeFullPath)
   在 System.IO.Directory.InternalCreateDirectory(String fullPath, String path, Object dirSecurityObj, Boolean checkHost)
   在 System.IO.Directory.InternalCreateDirectoryHelper(String path, Boolean checkHost)
   在 System.IO.Directory.CreateDirectory(String path)
   在 BusinessObjects.Util.FileUtil.CheckDirectory(String folder) 位置 d:\Projects\FujiFilm-MEMS\TeamCode\Code\MedicalEquipmentHostingSystem\BusinessObjects\Util\FileUtil.cs:行号 120
   在 MedicalEquipmentHostingSystem.Controllers.EquipmentController.ViewPDF(Int32 equipmentID, Int32 fileID) 位置 d:\Projects\FujiFilm-MEMS\TeamCode\Code\MedicalEquipmentHostingSystem\MedicalEquipmentHostingSystem\Controllers\EquipmentController.cs:行号 317
