2020-06-03 11:11:38.9950 ERROR Fill: SelectCommand.Connection 属性尚未初始化。 
    在 System.Data.Common.DbDataAdapter.GetConnection3(DbDataAdapter adapter, IDbCommand command, String method)
   在 System.Data.Common.DbDataAdapter.FillInternal(DataSet dataset, DataTable[] datatables, Int32 startRecord, Int32 maxRecords, String srcTable, IDbCommand command, CommandBehavior behavior)
   在 System.Data.Common.DbDataAdapter.Fill(DataTable[] dataTables, Int32 startRecord, Int32 maxRecords, IDbCommand command, CommandBehavior behavior)
   在 System.Data.Common.DbDataAdapter.Fill(DataTable dataTable)
   在 BusinessObjects.DataAccess.BaseDao.GetDataTable(SqlCommand command, String tableName) 位置 d:\Projects\FujiFilm-MEMS\TeamCode\Code\MedicalEquipmentHostingSystem\BusinessObjects\DataAccess\BaseDao.cs:行号 70
   在 BusinessObjects.DataAccess.FujiClass2Dao.GetFujiClass2() 位置 d:\Projects\FujiFilm-MEMS\TeamCode\Code\MedicalEquipmentHostingSystem\BusinessObjects\DataAccess\FujiClass2Dao.cs:行号 23
   在 MedicalEquipmentHostingSystem.Controllers.FujiClass2Controller.GetFujiClass2() 位置 d:\Projects\FujiFilm-MEMS\TeamCode\Code\MedicalEquipmentHostingSystem\MedicalEquipmentHostingSystem\Controllers\FujiClass2Controller.cs:行号 35
2020-06-03 11:12:56.2146 ERROR Fill: SelectCommand.Connection 属性尚未初始化。 
    在 System.Data.Common.DbDataAdapter.GetConnection3(DbDataAdapter adapter, IDbCommand command, String method)
   在 System.Data.Common.DbDataAdapter.FillInternal(DataSet dataset, DataTable[] datatables, Int32 startRecord, Int32 maxRecords, String srcTable, IDbCommand command, CommandBehavior behavior)
   在 System.Data.Common.DbDataAdapter.Fill(DataTable[] dataTables, Int32 startRecord, Int32 maxRecords, IDbCommand command, CommandBehavior behavior)
   在 System.Data.Common.DbDataAdapter.Fill(DataTable dataTable)
   在 BusinessObjects.DataAccess.BaseDao.GetDataTable(SqlCommand command, String tableName) 位置 d:\Projects\FujiFilm-MEMS\TeamCode\Code\MedicalEquipmentHostingSystem\BusinessObjects\DataAccess\BaseDao.cs:行号 70
   在 BusinessObjects.DataAccess.FujiClass2Dao.GetFujiClass2() 位置 d:\Projects\FujiFilm-MEMS\TeamCode\Code\MedicalEquipmentHostingSystem\BusinessObjects\DataAccess\FujiClass2Dao.cs:行号 23
   在 MedicalEquipmentHostingSystem.Controllers.FujiClass2Controller.GetFujiClass2() 位置 d:\Projects\FujiFilm-MEMS\TeamCode\Code\MedicalEquipmentHostingSystem\MedicalEquipmentHostingSystem\Controllers\FujiClass2Controller.cs:行号 35
2020-06-03 11:13:13.6712 ERROR Fill: SelectCommand.Connection 属性尚未初始化。 
    在 System.Data.Common.DbDataAdapter.GetConnection3(DbDataAdapter adapter, IDbCommand command, String method)
   在 System.Data.Common.DbDataAdapter.FillInternal(DataSet dataset, DataTable[] datatables, Int32 startRecord, Int32 maxRecords, String srcTable, IDbCommand command, CommandBehavior behavior)
   在 System.Data.Common.DbDataAdapter.Fill(DataTable[] dataTables, Int32 startRecord, Int32 maxRecords, IDbCommand command, CommandBehavior behavior)
   在 System.Data.Common.DbDataAdapter.Fill(DataTable dataTable)
   在 BusinessObjects.DataAccess.BaseDao.GetDataTable(SqlCommand command, String tableName) 位置 d:\Projects\FujiFilm-MEMS\TeamCode\Code\MedicalEquipmentHostingSystem\BusinessObjects\DataAccess\BaseDao.cs:行号 70
   在 BusinessObjects.DataAccess.FujiClass2Dao.GetFujiClass2() 位置 d:\Projects\FujiFilm-MEMS\TeamCode\Code\MedicalEquipmentHostingSystem\BusinessObjects\DataAccess\FujiClass2Dao.cs:行号 23
   在 MedicalEquipmentHostingSystem.Controllers.FujiClass2Controller.GetFujiClass2() 位置 d:\Projects\FujiFilm-MEMS\TeamCode\Code\MedicalEquipmentHostingSystem\MedicalEquipmentHostingSystem\Controllers\FujiClass2Controller.cs:行号 35
2020-06-03 11:16:28.7896 ERROR Exception: '列“FujiClass1Name”不属于表 。' happened in Class 'FujiClass2Dao', Method 'GetFujiClass2', Arguments: None 
    在 System.Data.DataRow.GetDataColumn(String columnName)
   在 System.Data.DataRow.get_Item(String columnName)
   在 BusinessObjects.Domain.FujiClass2Info..ctor(DataRow dr) 位置 d:\Projects\FujiFilm-MEMS\TeamCode\Code\MedicalEquipmentHostingSystem\BusinessObjects\Domain\FujiClass2Info.cs:行号 60
   在 BusinessObjects.DataAccess.FujiClass2Dao.GetFujiClass2() 位置 d:\Projects\FujiFilm-MEMS\TeamCode\Code\MedicalEquipmentHostingSystem\BusinessObjects\DataAccess\FujiClass2Dao.cs:行号 31
2020-06-03 11:18:56.9412 ERROR Exception: '列“EquipmentTypqID”不属于表 。' happened in Class 'FujiClass2Dao', Method 'GetFujiClass2', Arguments: None 
    在 System.Data.DataRow.GetDataColumn(String columnName)
   在 System.Data.DataRow.get_Item(String columnName)
   在 BusinessObjects.Domain.FujiClass2Info..ctor(DataRow dr) 位置 d:\Projects\FujiFilm-MEMS\TeamCode\Code\MedicalEquipmentHostingSystem\BusinessObjects\Domain\FujiClass2Info.cs:行号 79
   在 BusinessObjects.DataAccess.FujiClass2Dao.GetFujiClass2() 位置 d:\Projects\FujiFilm-MEMS\TeamCode\Code\MedicalEquipmentHostingSystem\BusinessObjects\DataAccess\FujiClass2Dao.cs:行号 33
2020-06-03 11:19:37.8266 ERROR 列“EquipmentTypqID”不属于表 。 
    在 System.Data.DataRow.GetDataColumn(String columnName)
   在 System.Data.DataRow.get_Item(String columnName)
   在 BusinessObjects.Domain.FujiClass2Info..ctor(DataRow dr)
   在 BusinessObjects.DataAccess.FujiClass2Dao.GetFujiClass2()
   在 MedicalEquipmentHostingSystem.Controllers.FujiClass2Controller.GetFujiClass2() 位置 d:\Projects\FujiFilm-MEMS\TeamCode\Code\MedicalEquipmentHostingSystem\MedicalEquipmentHostingSystem\Controllers\FujiClass2Controller.cs:行号 35
2020-06-03 11:21:12.2234 ERROR Exception: '[C:\Users\April\AppData\Local\Temp\Temporary ASP.NET Files\root\f68e5ad2\7b8e97bc\assembly\dl3\6e7985b8\626680a3_5539d601\BusinessObjects.dll] 没有与标记关联的字符串。' happened in Class 'FujiClass2Dao', Method 'GetFujiClass2', Arguments: None 
    在 BusinessObjects.Domain.FujiClass2Info..ctor(DataRow dr)
   在 BusinessObjects.DataAccess.FujiClass2Dao.GetFujiClass2()
2020-06-03 11:21:12.2602 ERROR [C:\Users\April\AppData\Local\Temp\Temporary ASP.NET Files\root\f68e5ad2\7b8e97bc\assembly\dl3\6e7985b8\626680a3_5539d601\BusinessObjects.dll] 没有与标记关联的字符串。 
    在 BusinessObjects.Domain.FujiClass2Info..ctor(DataRow dr)
   在 BusinessObjects.DataAccess.FujiClass2Dao.GetFujiClass2()
   在 MedicalEquipmentHostingSystem.Controllers.FujiClass2Controller.GetFujiClass2() 位置 d:\Projects\FujiFilm-MEMS\TeamCode\Code\MedicalEquipmentHostingSystem\MedicalEquipmentHostingSystem\Controllers\FujiClass2Controller.cs:行号 35
2020-06-03 11:21:25.1893 ERROR Exception: '[C:\Users\April\AppData\Local\Temp\Temporary ASP.NET Files\root\f68e5ad2\7b8e97bc\assembly\dl3\6e7985b8\626680a3_5539d601\BusinessObjects.dll] 没有与标记关联的字符串。' happened in Class 'FujiClass2Dao', Method 'GetFujiClass2', Arguments: None 
    在 BusinessObjects.Domain.FujiClass2Info..ctor(DataRow dr)
   在 BusinessObjects.DataAccess.FujiClass2Dao.GetFujiClass2()
2020-06-03 11:21:25.2312 ERROR [C:\Users\April\AppData\Local\Temp\Temporary ASP.NET Files\root\f68e5ad2\7b8e97bc\assembly\dl3\6e7985b8\626680a3_5539d601\BusinessObjects.dll] 没有与标记关联的字符串。 
    在 BusinessObjects.Domain.FujiClass2Info..ctor(DataRow dr)
   在 BusinessObjects.DataAccess.FujiClass2Dao.GetFujiClass2()
   在 MedicalEquipmentHostingSystem.Controllers.FujiClass2Controller.GetFujiClass2() 位置 d:\Projects\FujiFilm-MEMS\TeamCode\Code\MedicalEquipmentHostingSystem\MedicalEquipmentHostingSystem\Controllers\FujiClass2Controller.cs:行号 35
2020-06-03 11:21:56.9646 ERROR Exception: '[C:\Users\April\AppData\Local\Temp\Temporary ASP.NET Files\root\f68e5ad2\7b8e97bc\assembly\dl3\6e7985b8\626680a3_5539d601\BusinessObjects.dll] 没有与标记关联的字符串。' happened in Class 'FujiClass2Dao', Method 'GetFujiClass2', Arguments: None 
    在 BusinessObjects.Domain.FujiClass2Info..ctor(DataRow dr)
   在 BusinessObjects.DataAccess.FujiClass2Dao.GetFujiClass2()
2020-06-03 11:21:57.0019 ERROR [C:\Users\April\AppData\Local\Temp\Temporary ASP.NET Files\root\f68e5ad2\7b8e97bc\assembly\dl3\6e7985b8\626680a3_5539d601\BusinessObjects.dll] 没有与标记关联的字符串。 
    在 BusinessObjects.Domain.FujiClass2Info..ctor(DataRow dr)
   在 BusinessObjects.DataAccess.FujiClass2Dao.GetFujiClass2()
   在 MedicalEquipmentHostingSystem.Controllers.FujiClass2Controller.GetFujiClass2() 位置 d:\Projects\FujiFilm-MEMS\TeamCode\Code\MedicalEquipmentHostingSystem\MedicalEquipmentHostingSystem\Controllers\FujiClass2Controller.cs:行号 35
2020-06-03 11:22:02.3597 ERROR Exception: '[C:\Users\April\AppData\Local\Temp\Temporary ASP.NET Files\root\f68e5ad2\7b8e97bc\assembly\dl3\6e7985b8\626680a3_5539d601\BusinessObjects.dll] 没有与标记关联的字符串。' happened in Class 'FujiClass2Dao', Method 'GetFujiClass2', Arguments: None 
    在 BusinessObjects.Domain.FujiClass2Info..ctor(DataRow dr)
   在 BusinessObjects.DataAccess.FujiClass2Dao.GetFujiClass2()
2020-06-03 11:22:02.4267 ERROR [C:\Users\April\AppData\Local\Temp\Temporary ASP.NET Files\root\f68e5ad2\7b8e97bc\assembly\dl3\6e7985b8\626680a3_5539d601\BusinessObjects.dll] 没有与标记关联的字符串。 
    在 BusinessObjects.Domain.FujiClass2Info..ctor(DataRow dr)
   在 BusinessObjects.DataAccess.FujiClass2Dao.GetFujiClass2()
   在 MedicalEquipmentHostingSystem.Controllers.FujiClass2Controller.GetFujiClass2() 位置 d:\Projects\FujiFilm-MEMS\TeamCode\Code\MedicalEquipmentHostingSystem\MedicalEquipmentHostingSystem\Controllers\FujiClass2Controller.cs:行号 35
2020-06-03 11:23:27.7445 ERROR Exception: '列“EquipmentTypeID”不属于表 。' happened in Class 'FujiClass2Dao', Method 'GetFujiClass2', Arguments: None 
    在 System.Data.DataRow.GetDataColumn(String columnName)
   在 System.Data.DataRow.get_Item(String columnName)
   在 BusinessObjects.Domain.FujiClass2Info..ctor(DataRow dr) 位置 d:\Projects\FujiFilm-MEMS\TeamCode\Code\MedicalEquipmentHostingSystem\BusinessObjects\Domain\FujiClass2Info.cs:行号 79
   在 BusinessObjects.DataAccess.FujiClass2Dao.GetFujiClass2() 位置 d:\Projects\FujiFilm-MEMS\TeamCode\Code\MedicalEquipmentHostingSystem\BusinessObjects\DataAccess\FujiClass2Dao.cs:行号 33
2020-06-03 11:23:27.8064 ERROR 列“EquipmentTypeID”不属于表 。 
    在 System.Data.DataRow.GetDataColumn(String columnName)
   在 System.Data.DataRow.get_Item(String columnName)
   在 BusinessObjects.Domain.FujiClass2Info..ctor(DataRow dr) 位置 d:\Projects\FujiFilm-MEMS\TeamCode\Code\MedicalEquipmentHostingSystem\BusinessObjects\Domain\FujiClass2Info.cs:行号 79
   在 BusinessObjects.DataAccess.FujiClass2Dao.GetFujiClass2() 位置 d:\Projects\FujiFilm-MEMS\TeamCode\Code\MedicalEquipmentHostingSystem\BusinessObjects\DataAccess\FujiClass2Dao.cs:行号 39
   在 MedicalEquipmentHostingSystem.Controllers.FujiClass2Controller.GetFujiClass2() 位置 d:\Projects\FujiFilm-MEMS\TeamCode\Code\MedicalEquipmentHostingSystem\MedicalEquipmentHostingSystem\Controllers\FujiClass2Controller.cs:行号 35
2020-06-03 11:24:48.9741 ERROR Exception: '列“EquipmentTypeID”不属于表 。' happened in Class 'FujiClass2Dao', Method 'GetFujiClass2', Arguments: None 
    在 System.Data.DataRow.GetDataColumn(String columnName)
   在 System.Data.DataRow.get_Item(String columnName)
   在 BusinessObjects.Domain.FujiClass2Info..ctor(DataRow dr) 位置 d:\Projects\FujiFilm-MEMS\TeamCode\Code\MedicalEquipmentHostingSystem\BusinessObjects\Domain\FujiClass2Info.cs:行号 79
   在 BusinessObjects.DataAccess.FujiClass2Dao.GetFujiClass2() 位置 d:\Projects\FujiFilm-MEMS\TeamCode\Code\MedicalEquipmentHostingSystem\BusinessObjects\DataAccess\FujiClass2Dao.cs:行号 33
2020-06-03 11:25:49.0643 ERROR Exception: '列“Repair3partRatio”不属于表 。' happened in Class 'FujiClass2Dao', Method 'GetFujiClass2', Arguments: None 
    在 System.Data.DataRow.GetDataColumn(String columnName)
   在 System.Data.DataRow.get_Item(String columnName)
   在 BusinessObjects.Domain.FujiClass2Info..ctor(DataRow dr) 位置 d:\Projects\FujiFilm-MEMS\TeamCode\Code\MedicalEquipmentHostingSystem\BusinessObjects\Domain\FujiClass2Info.cs:行号 82
   在 BusinessObjects.DataAccess.FujiClass2Dao.GetFujiClass2() 位置 d:\Projects\FujiFilm-MEMS\TeamCode\Code\MedicalEquipmentHostingSystem\BusinessObjects\DataAccess\FujiClass2Dao.cs:行号 33
2020-06-03 13:04:58.2981 ERROR Exception: '在从服务器接收结果时发生传输级错误。 (provider: TCP Provider, error: 0 - 信号灯超时时间已到)' happened in Class 'RequestDao', Method 'QueryRequestsList', Arguments: 
    在 System.Data.SqlClient.SqlConnection.OnError(SqlException exception, Boolean breakConnection, Action`1 wrapCloseInAction)
   在 System.Data.SqlClient.SqlInternalConnection.OnError(SqlException exception, Boolean breakConnection, Action`1 wrapCloseInAction)
   在 System.Data.SqlClient.TdsParser.ThrowExceptionAndWarning(TdsParserStateObject stateObj, Boolean callerHasConnectionLock, Boolean asyncClose)
   在 System.Data.SqlClient.TdsParserStateObject.ReadSniError(TdsParserStateObject stateObj, UInt32 error)
   在 System.Data.SqlClient.TdsParserStateObject.ReadSniSyncOverAsync()
   在 System.Data.SqlClient.TdsParserStateObject.TryReadNetworkPacket()
   在 System.Data.SqlClient.TdsParserStateObject.TryPrepareBuffer()
   在 System.Data.SqlClient.TdsParserStateObject.TryReadByte(Byte& value)
   在 System.Data.SqlClient.TdsParser.TryRun(RunBehavior runBehavior, SqlCommand cmdHandler, SqlDataReader dataStream, BulkCopySimpleResultSet bulkCopyHandler, TdsParserStateObject stateObj, Boolean& dataReady)
   在 System.Data.SqlClient.SqlDataReader.TryConsumeMetaData()
   在 System.Data.SqlClient.SqlDataReader.get_MetaData()
   在 System.Data.SqlClient.SqlCommand.FinishExecuteReader(SqlDataReader ds, RunBehavior runBehavior, String resetOptionsString, Boolean isInternal, Boolean forDescribeParameterEncryption, Boolean shouldCacheForAlwaysEncrypted)
   在 System.Data.SqlClient.SqlCommand.RunExecuteReaderTds(CommandBehavior cmdBehavior, RunBehavior runBehavior, Boolean returnStream, Boolean async, Int32 timeout, Task& task, Boolean asyncWrite, Boolean inRetry, SqlDataReader ds, Boolean describeParameterEncryptionRequest)
   在 System.Data.SqlClient.SqlCommand.RunExecuteReader(CommandBehavior cmdBehavior, RunBehavior runBehavior, Boolean returnStream, String method, TaskCompletionSource`1 completion, Int32 timeout, Task& task, Boolean& usedCache, Boolean asyncWrite, Boolean inRetry)
   在 System.Data.SqlClient.SqlCommand.RunExecuteReader(CommandBehavior cmdBehavior, RunBehavior runBehavior, Boolean returnStream, String method)
   在 System.Data.SqlClient.SqlCommand.ExecuteReader(CommandBehavior behavior, String method)
   在 System.Data.SqlClient.SqlCommand.ExecuteDbDataReader(CommandBehavior behavior)
   在 System.Data.Common.DbCommand.System.Data.IDbCommand.ExecuteReader(CommandBehavior behavior)
   在 System.Data.Common.DbDataAdapter.FillInternal(DataSet dataset, DataTable[] datatables, Int32 startRecord, Int32 maxRecords, String srcTable, IDbCommand command, CommandBehavior behavior)
   在 System.Data.Common.DbDataAdapter.Fill(DataTable[] dataTables, Int32 startRecord, Int32 maxRecords, IDbCommand command, CommandBehavior behavior)
   在 System.Data.Common.DbDataAdapter.Fill(DataTable dataTable)
   在 BusinessObjects.DataAccess.BaseDao.GetDataTable(SqlCommand command, String tableName) 位置 d:\Projects\FujiFilm-MEMS\TeamCode\Code\MedicalEquipmentHostingSystem\BusinessObjects\DataAccess\BaseDao.cs:行号 70
   在 BusinessObjects.DataAccess.RequestDao.QueryRequestsList(List`1 statusList, Int32 requestType, Boolean isRecall, Int32 department, Int32 urgency, Boolean overDue, String filterField, String filterText, String sortField, Boolean sortDirection, String startDate, String endDate, Int32 curRowNum, Int32 pageSize, Int32 requestUserID) 位置 d:\Projects\FujiFilm-MEMS\TeamCode\Code\MedicalEquipmentHostingSystem\BusinessObjects\DataAccess\RequestDao.cs:行号 168
2020-06-03 13:04:59.9432 ERROR Exception: '在从服务器接收结果时发生传输级错误。 (provider: TCP Provider, error: 0 - 信号灯超时时间已到)' happened in Class 'RequestManager', Method 'QueryRequestsList', Arguments: 
    在 System.Data.SqlClient.SqlConnection.OnError(SqlException exception, Boolean breakConnection, Action`1 wrapCloseInAction)
   在 System.Data.SqlClient.SqlInternalConnection.OnError(SqlException exception, Boolean breakConnection, Action`1 wrapCloseInAction)
   在 System.Data.SqlClient.TdsParser.ThrowExceptionAndWarning(TdsParserStateObject stateObj, Boolean callerHasConnectionLock, Boolean asyncClose)
   在 System.Data.SqlClient.TdsParserStateObject.ReadSniError(TdsParserStateObject stateObj, UInt32 error)
   在 System.Data.SqlClient.TdsParserStateObject.ReadSniSyncOverAsync()
   在 System.Data.SqlClient.TdsParserStateObject.TryReadNetworkPacket()
   在 System.Data.SqlClient.TdsParserStateObject.TryPrepareBuffer()
   在 System.Data.SqlClient.TdsParserStateObject.TryReadByte(Byte& value)
   在 System.Data.SqlClient.TdsParser.TryRun(RunBehavior runBehavior, SqlCommand cmdHandler, SqlDataReader dataStream, BulkCopySimpleResultSet bulkCopyHandler, TdsParserStateObject stateObj, Boolean& dataReady)
   在 System.Data.SqlClient.SqlDataReader.TryConsumeMetaData()
   在 System.Data.SqlClient.SqlDataReader.get_MetaData()
   在 System.Data.SqlClient.SqlCommand.FinishExecuteReader(SqlDataReader ds, RunBehavior runBehavior, String resetOptionsString, Boolean isInternal, Boolean forDescribeParameterEncryption, Boolean shouldCacheForAlwaysEncrypted)
   在 System.Data.SqlClient.SqlCommand.RunExecuteReaderTds(CommandBehavior cmdBehavior, RunBehavior runBehavior, Boolean returnStream, Boolean async, Int32 timeout, Task& task, Boolean asyncWrite, Boolean inRetry, SqlDataReader ds, Boolean describeParameterEncryptionRequest)
   在 System.Data.SqlClient.SqlCommand.RunExecuteReader(CommandBehavior cmdBehavior, RunBehavior runBehavior, Boolean returnStream, String method, TaskCompletionSource`1 completion, Int32 timeout, Task& task, Boolean& usedCache, Boolean asyncWrite, Boolean inRetry)
   在 System.Data.SqlClient.SqlCommand.RunExecuteReader(CommandBehavior cmdBehavior, RunBehavior runBehavior, Boolean returnStream, String method)
   在 System.Data.SqlClient.SqlCommand.ExecuteReader(CommandBehavior behavior, String method)
   在 System.Data.SqlClient.SqlCommand.ExecuteDbDataReader(CommandBehavior behavior)
   在 System.Data.Common.DbCommand.System.Data.IDbCommand.ExecuteReader(CommandBehavior behavior)
   在 System.Data.Common.DbDataAdapter.FillInternal(DataSet dataset, DataTable[] datatables, Int32 startRecord, Int32 maxRecords, String srcTable, IDbCommand command, CommandBehavior behavior)
   在 System.Data.Common.DbDataAdapter.Fill(DataTable[] dataTables, Int32 startRecord, Int32 maxRecords, IDbCommand command, CommandBehavior behavior)
   在 System.Data.Common.DbDataAdapter.Fill(DataTable dataTable)
   在 BusinessObjects.DataAccess.BaseDao.GetDataTable(SqlCommand command, String tableName) 位置 d:\Projects\FujiFilm-MEMS\TeamCode\Code\MedicalEquipmentHostingSystem\BusinessObjects\DataAccess\BaseDao.cs:行号 70
   在 BusinessObjects.DataAccess.RequestDao.QueryRequestsList(List`1 statusList, Int32 requestType, Boolean isRecall, Int32 department, Int32 urgency, Boolean overDue, String filterField, String filterText, String sortField, Boolean sortDirection, String startDate, String endDate, Int32 curRowNum, Int32 pageSize, Int32 requestUserID) 位置 d:\Projects\FujiFilm-MEMS\TeamCode\Code\MedicalEquipmentHostingSystem\BusinessObjects\DataAccess\RequestDao.cs:行号 178
   在 BusinessObjects.Manager.RequestManager.QueryRequestsList(List`1 statusList, Int32 requestType, Boolean isRecall, Int32 department, Int32 urgency, Boolean overDue, String filterField, String filterText, String sortField, Boolean sortDirection, Int32 curRowNum, Int32 pageSize, String startDate, String endDate, Int32 requestUserID) 位置 d:\Projects\FujiFilm-MEMS\TeamCode\Code\MedicalEquipmentHostingSystem\BusinessObjects\Manager\RequestManager.cs:行号 79
2020-06-03 13:04:59.9901 ERROR Exception: '在从服务器接收结果时发生传输级错误。 (provider: TCP Provider, error: 0 - 信号灯超时时间已到)' happened in Class 'RequestManager', Method 'QueryRequestsList', Arguments: 
    在 System.Data.SqlClient.SqlConnection.OnError(SqlException exception, Boolean breakConnection, Action`1 wrapCloseInAction)
   在 System.Data.SqlClient.SqlInternalConnection.OnError(SqlException exception, Boolean breakConnection, Action`1 wrapCloseInAction)
   在 System.Data.SqlClient.TdsParser.ThrowExceptionAndWarning(TdsParserStateObject stateObj, Boolean callerHasConnectionLock, Boolean asyncClose)
   在 System.Data.SqlClient.TdsParserStateObject.ReadSniError(TdsParserStateObject stateObj, UInt32 error)
   在 System.Data.SqlClient.TdsParserStateObject.ReadSniSyncOverAsync()
   在 System.Data.SqlClient.TdsParserStateObject.TryReadNetworkPacket()
   在 System.Data.SqlClient.TdsParserStateObject.TryPrepareBuffer()
   在 System.Data.SqlClient.TdsParserStateObject.TryReadByte(Byte& value)
   在 System.Data.SqlClient.TdsParser.TryRun(RunBehavior runBehavior, SqlCommand cmdHandler, SqlDataReader dataStream, BulkCopySimpleResultSet bulkCopyHandler, TdsParserStateObject stateObj, Boolean& dataReady)
   在 System.Data.SqlClient.SqlDataReader.TryConsumeMetaData()
   在 System.Data.SqlClient.SqlDataReader.get_MetaData()
   在 System.Data.SqlClient.SqlCommand.FinishExecuteReader(SqlDataReader ds, RunBehavior runBehavior, String resetOptionsString, Boolean isInternal, Boolean forDescribeParameterEncryption, Boolean shouldCacheForAlwaysEncrypted)
   在 System.Data.SqlClient.SqlCommand.RunExecuteReaderTds(CommandBehavior cmdBehavior, RunBehavior runBehavior, Boolean returnStream, Boolean async, Int32 timeout, Task& task, Boolean asyncWrite, Boolean inRetry, SqlDataReader ds, Boolean describeParameterEncryptionRequest)
   在 System.Data.SqlClient.SqlCommand.RunExecuteReader(CommandBehavior cmdBehavior, RunBehavior runBehavior, Boolean returnStream, String method, TaskCompletionSource`1 completion, Int32 timeout, Task& task, Boolean& usedCache, Boolean asyncWrite, Boolean inRetry)
   在 System.Data.SqlClient.SqlCommand.RunExecuteReader(CommandBehavior cmdBehavior, RunBehavior runBehavior, Boolean returnStream, String method)
   在 System.Data.SqlClient.SqlCommand.ExecuteReader(CommandBehavior behavior, String method)
   在 System.Data.SqlClient.SqlCommand.ExecuteDbDataReader(CommandBehavior behavior)
   在 System.Data.Common.DbCommand.System.Data.IDbCommand.ExecuteReader(CommandBehavior behavior)
   在 System.Data.Common.DbDataAdapter.FillInternal(DataSet dataset, DataTable[] datatables, Int32 startRecord, Int32 maxRecords, String srcTable, IDbCommand command, CommandBehavior behavior)
   在 System.Data.Common.DbDataAdapter.Fill(DataTable[] dataTables, Int32 startRecord, Int32 maxRecords, IDbCommand command, CommandBehavior behavior)
   在 System.Data.Common.DbDataAdapter.Fill(DataTable dataTable)
   在 BusinessObjects.DataAccess.BaseDao.GetDataTable(SqlCommand command, String tableName) 位置 d:\Projects\FujiFilm-MEMS\TeamCode\Code\MedicalEquipmentHostingSystem\BusinessObjects\DataAccess\BaseDao.cs:行号 70
   在 BusinessObjects.DataAccess.RequestDao.QueryRequestsList(List`1 statusList, Int32 requestType, Boolean isRecall, Int32 department, Int32 urgency, Boolean overDue, String filterField, String filterText, String sortField, Boolean sortDirection, String startDate, String endDate, Int32 curRowNum, Int32 pageSize, Int32 requestUserID) 位置 d:\Projects\FujiFilm-MEMS\TeamCode\Code\MedicalEquipmentHostingSystem\BusinessObjects\DataAccess\RequestDao.cs:行号 178
   在 BusinessObjects.Manager.RequestManager.QueryRequestsList(List`1 statusList, Int32 requestType, Boolean isRecall, Int32 department, Int32 urgency, Boolean overDue, String filterField, String filterText, String sortField, Boolean sortDirection, Int32 curRowNum, Int32 pageSize, String startDate, String endDate, Int32 requestUserID) 位置 d:\Projects\FujiFilm-MEMS\TeamCode\Code\MedicalEquipmentHostingSystem\BusinessObjects\Manager\RequestManager.cs:行号 92
   在 BusinessObjects.Manager.RequestManager.QueryRequestsList(Int32 status, Int32 requestType, Boolean isRecall, Int32 department, Int32 urgency, Boolean overDue, String filterField, String filterText, String sortField, Boolean sortDirection, Int32 curRowNum, Int32 pageSize, String startDate, String endDate, Int32 requestUserID) 位置 d:\Projects\FujiFilm-MEMS\TeamCode\Code\MedicalEquipmentHostingSystem\BusinessObjects\Manager\RequestManager.cs:行号 55
2020-06-03 13:05:00.0361 ERROR 在从服务器接收结果时发生传输级错误。 (provider: TCP Provider, error: 0 - 信号灯超时时间已到) 
    在 System.Data.SqlClient.SqlConnection.OnError(SqlException exception, Boolean breakConnection, Action`1 wrapCloseInAction)
   在 System.Data.SqlClient.SqlInternalConnection.OnError(SqlException exception, Boolean breakConnection, Action`1 wrapCloseInAction)
   在 System.Data.SqlClient.TdsParser.ThrowExceptionAndWarning(TdsParserStateObject stateObj, Boolean callerHasConnectionLock, Boolean asyncClose)
   在 System.Data.SqlClient.TdsParserStateObject.ReadSniError(TdsParserStateObject stateObj, UInt32 error)
   在 System.Data.SqlClient.TdsParserStateObject.ReadSniSyncOverAsync()
   在 System.Data.SqlClient.TdsParserStateObject.TryReadNetworkPacket()
   在 System.Data.SqlClient.TdsParserStateObject.TryPrepareBuffer()
   在 System.Data.SqlClient.TdsParserStateObject.TryReadByte(Byte& value)
   在 System.Data.SqlClient.TdsParser.TryRun(RunBehavior runBehavior, SqlCommand cmdHandler, SqlDataReader dataStream, BulkCopySimpleResultSet bulkCopyHandler, TdsParserStateObject stateObj, Boolean& dataReady)
   在 System.Data.SqlClient.SqlDataReader.TryConsumeMetaData()
   在 System.Data.SqlClient.SqlDataReader.get_MetaData()
   在 System.Data.SqlClient.SqlCommand.FinishExecuteReader(SqlDataReader ds, RunBehavior runBehavior, String resetOptionsString, Boolean isInternal, Boolean forDescribeParameterEncryption, Boolean shouldCacheForAlwaysEncrypted)
   在 System.Data.SqlClient.SqlCommand.RunExecuteReaderTds(CommandBehavior cmdBehavior, RunBehavior runBehavior, Boolean returnStream, Boolean async, Int32 timeout, Task& task, Boolean asyncWrite, Boolean inRetry, SqlDataReader ds, Boolean describeParameterEncryptionRequest)
   在 System.Data.SqlClient.SqlCommand.RunExecuteReader(CommandBehavior cmdBehavior, RunBehavior runBehavior, Boolean returnStream, String method, TaskCompletionSource`1 completion, Int32 timeout, Task& task, Boolean& usedCache, Boolean asyncWrite, Boolean inRetry)
   在 System.Data.SqlClient.SqlCommand.RunExecuteReader(CommandBehavior cmdBehavior, RunBehavior runBehavior, Boolean returnStream, String method)
   在 System.Data.SqlClient.SqlCommand.ExecuteReader(CommandBehavior behavior, String method)
   在 System.Data.SqlClient.SqlCommand.ExecuteDbDataReader(CommandBehavior behavior)
   在 System.Data.Common.DbCommand.System.Data.IDbCommand.ExecuteReader(CommandBehavior behavior)
   在 System.Data.Common.DbDataAdapter.FillInternal(DataSet dataset, DataTable[] datatables, Int32 startRecord, Int32 maxRecords, String srcTable, IDbCommand command, CommandBehavior behavior)
   在 System.Data.Common.DbDataAdapter.Fill(DataTable[] dataTables, Int32 startRecord, Int32 maxRecords, IDbCommand command, CommandBehavior behavior)
   在 System.Data.Common.DbDataAdapter.Fill(DataTable dataTable)
   在 BusinessObjects.DataAccess.BaseDao.GetDataTable(SqlCommand command, String tableName) 位置 d:\Projects\FujiFilm-MEMS\TeamCode\Code\MedicalEquipmentHostingSystem\BusinessObjects\DataAccess\BaseDao.cs:行号 70
   在 BusinessObjects.DataAccess.RequestDao.QueryRequestsList(List`1 statusList, Int32 requestType, Boolean isRecall, Int32 department, Int32 urgency, Boolean overDue, String filterField, String filterText, String sortField, Boolean sortDirection, String startDate, String endDate, Int32 curRowNum, Int32 pageSize, Int32 requestUserID) 位置 d:\Projects\FujiFilm-MEMS\TeamCode\Code\MedicalEquipmentHostingSystem\BusinessObjects\DataAccess\RequestDao.cs:行号 178
   在 BusinessObjects.Manager.RequestManager.QueryRequestsList(List`1 statusList, Int32 requestType, Boolean isRecall, Int32 department, Int32 urgency, Boolean overDue, String filterField, String filterText, String sortField, Boolean sortDirection, Int32 curRowNum, Int32 pageSize, String startDate, String endDate, Int32 requestUserID) 位置 d:\Projects\FujiFilm-MEMS\TeamCode\Code\MedicalEquipmentHostingSystem\BusinessObjects\Manager\RequestManager.cs:行号 92
   在 BusinessObjects.Manager.RequestManager.QueryRequestsList(Int32 status, Int32 requestType, Boolean isRecall, Int32 department, Int32 urgency, Boolean overDue, String filterField, String filterText, String sortField, Boolean sortDirection, Int32 curRowNum, Int32 pageSize, String startDate, String endDate, Int32 requestUserID) 位置 d:\Projects\FujiFilm-MEMS\TeamCode\Code\MedicalEquipmentHostingSystem\BusinessObjects\Manager\RequestManager.cs:行号 56
   在 MedicalEquipmentHostingSystem.Controllers.RequestController.QueryOverview() 位置 d:\Projects\FujiFilm-MEMS\TeamCode\Code\MedicalEquipmentHostingSystem\MedicalEquipmentHostingSystem\Controllers\RequestController.cs:行号 498
2020-06-03 16:56:55.5703 ERROR Exception: '列“FujiClass2Name”不属于表 。' happened in Class 'ComponentDao', Method 'QueryComponentsByFujiClass2ID', Arguments: Int32 = 3, Int32 = 3 
    在 System.Data.DataRow.GetDataColumn(String columnName)
   在 System.Data.DataRow.get_Item(String columnName)
   在 BusinessObjects.Domain.ComponentInfo..ctor(DataRow dr) 位置 d:\Projects\FujiFilm-MEMS\TeamCode\Code\MedicalEquipmentHostingSystem\BusinessObjects\Domain\ComponentInfo.cs:行号 45
   在 BusinessObjects.DataAccess.ComponentDao.QueryComponentsByFujiClass2ID(Int32 fujiClass2ID, Int32 componentTypeID) 位置 d:\Projects\FujiFilm-MEMS\TeamCode\Code\MedicalEquipmentHostingSystem\BusinessObjects\DataAccess\ComponentDao.cs:行号 112
2020-06-03 16:56:55.7112 ERROR 列“FujiClass2Name”不属于表 。 
    在 System.Data.DataRow.GetDataColumn(String columnName)
   在 System.Data.DataRow.get_Item(String columnName)
   在 BusinessObjects.Domain.ComponentInfo..ctor(DataRow dr) 位置 d:\Projects\FujiFilm-MEMS\TeamCode\Code\MedicalEquipmentHostingSystem\BusinessObjects\Domain\ComponentInfo.cs:行号 45
   在 BusinessObjects.DataAccess.ComponentDao.QueryComponentsByFujiClass2ID(Int32 fujiClass2ID, Int32 componentTypeID) 位置 d:\Projects\FujiFilm-MEMS\TeamCode\Code\MedicalEquipmentHostingSystem\BusinessObjects\DataAccess\ComponentDao.cs:行号 118
   在 MedicalEquipmentHostingSystem.Controllers.ComponentController.QueryComponentsByFujiClass2ID(Int32 fujiClass2ID, Int32 componentTypeID) 位置 d:\Projects\FujiFilm-MEMS\TeamCode\Code\MedicalEquipmentHostingSystem\MedicalEquipmentHostingSystem\Controllers\ComponentController.cs:行号 101
2020-06-03 16:57:57.2253 ERROR Exception: '列“FujiClass2Name”不属于表 。' happened in Class 'ComponentDao', Method 'QueryComponentsByFujiClass2ID', Arguments: Int32 = 3, Int32 = 3 
    在 System.Data.DataRow.GetDataColumn(String columnName)
   在 System.Data.DataRow.get_Item(String columnName)
   在 BusinessObjects.Domain.ComponentInfo..ctor(DataRow dr) 位置 d:\Projects\FujiFilm-MEMS\TeamCode\Code\MedicalEquipmentHostingSystem\BusinessObjects\Domain\ComponentInfo.cs:行号 45
   在 BusinessObjects.DataAccess.ComponentDao.QueryComponentsByFujiClass2ID(Int32 fujiClass2ID, Int32 componentTypeID) 位置 d:\Projects\FujiFilm-MEMS\TeamCode\Code\MedicalEquipmentHostingSystem\BusinessObjects\DataAccess\ComponentDao.cs:行号 112
2020-06-03 16:59:49.1133 ERROR Exception: 'Conversion failed when converting the nvarchar value '医用激光类' to data type int.' happened in Class 'ComponentDao', Method 'QueryComponentsByFujiClass2ID', Arguments: Int32 = 3, Int32 = 3 
    在 System.Data.SqlClient.SqlConnection.OnError(SqlException exception, Boolean breakConnection, Action`1 wrapCloseInAction)
   在 System.Data.SqlClient.SqlInternalConnection.OnError(SqlException exception, Boolean breakConnection, Action`1 wrapCloseInAction)
   在 System.Data.SqlClient.TdsParser.ThrowExceptionAndWarning(TdsParserStateObject stateObj, Boolean callerHasConnectionLock, Boolean asyncClose)
   在 System.Data.SqlClient.TdsParser.TryRun(RunBehavior runBehavior, SqlCommand cmdHandler, SqlDataReader dataStream, BulkCopySimpleResultSet bulkCopyHandler, TdsParserStateObject stateObj, Boolean& dataReady)
   在 System.Data.SqlClient.SqlDataReader.TryHasMoreRows(Boolean& moreRows)
   在 System.Data.SqlClient.SqlDataReader.TryReadInternal(Boolean setTimeout, Boolean& more)
   在 System.Data.SqlClient.SqlDataReader.Read()
   在 System.Data.Common.DataAdapter.FillLoadDataRow(SchemaMapping mapping)
   在 System.Data.Common.DataAdapter.FillFromReader(DataSet dataset, DataTable datatable, String srcTable, DataReaderContainer dataReader, Int32 startRecord, Int32 maxRecords, DataColumn parentChapterColumn, Object parentChapterValue)
   在 System.Data.Common.DataAdapter.Fill(DataTable[] dataTables, IDataReader dataReader, Int32 startRecord, Int32 maxRecords)
   在 System.Data.Common.DbDataAdapter.FillInternal(DataSet dataset, DataTable[] datatables, Int32 startRecord, Int32 maxRecords, String srcTable, IDbCommand command, CommandBehavior behavior)
   在 System.Data.Common.DbDataAdapter.Fill(DataTable[] dataTables, Int32 startRecord, Int32 maxRecords, IDbCommand command, CommandBehavior behavior)
   在 System.Data.Common.DbDataAdapter.Fill(DataTable dataTable)
   在 BusinessObjects.DataAccess.BaseDao.GetDataTable(SqlCommand command, String tableName) 位置 d:\Projects\FujiFilm-MEMS\TeamCode\Code\MedicalEquipmentHostingSystem\BusinessObjects\DataAccess\BaseDao.cs:行号 70
   在 BusinessObjects.DataAccess.ComponentDao.QueryComponentsByFujiClass2ID(Int32 fujiClass2ID, Int32 componentTypeID) 位置 d:\Projects\FujiFilm-MEMS\TeamCode\Code\MedicalEquipmentHostingSystem\BusinessObjects\DataAccess\ComponentDao.cs:行号 109
2020-06-03 17:00:19.1843 ERROR Exception: 'Conversion failed when converting the nvarchar value '医用激光类' to data type int.' happened in Class 'ComponentDao', Method 'QueryComponentsByFujiClass2ID', Arguments: Int32 = 3, Int32 = 3 
    在 System.Data.SqlClient.SqlConnection.OnError(SqlException exception, Boolean breakConnection, Action`1 wrapCloseInAction)
   在 System.Data.SqlClient.SqlInternalConnection.OnError(SqlException exception, Boolean breakConnection, Action`1 wrapCloseInAction)
   在 System.Data.SqlClient.TdsParser.ThrowExceptionAndWarning(TdsParserStateObject stateObj, Boolean callerHasConnectionLock, Boolean asyncClose)
   在 System.Data.SqlClient.TdsParser.TryRun(RunBehavior runBehavior, SqlCommand cmdHandler, SqlDataReader dataStream, BulkCopySimpleResultSet bulkCopyHandler, TdsParserStateObject stateObj, Boolean& dataReady)
   在 System.Data.SqlClient.SqlDataReader.TryHasMoreRows(Boolean& moreRows)
   在 System.Data.SqlClient.SqlDataReader.TryReadInternal(Boolean setTimeout, Boolean& more)
   在 System.Data.SqlClient.SqlDataReader.Read()
   在 System.Data.Common.DataAdapter.FillLoadDataRow(SchemaMapping mapping)
   在 System.Data.Common.DataAdapter.FillFromReader(DataSet dataset, DataTable datatable, String srcTable, DataReaderContainer dataReader, Int32 startRecord, Int32 maxRecords, DataColumn parentChapterColumn, Object parentChapterValue)
   在 System.Data.Common.DataAdapter.Fill(DataTable[] dataTables, IDataReader dataReader, Int32 startRecord, Int32 maxRecords)
   在 System.Data.Common.DbDataAdapter.FillInternal(DataSet dataset, DataTable[] datatables, Int32 startRecord, Int32 maxRecords, String srcTable, IDbCommand command, CommandBehavior behavior)
   在 System.Data.Common.DbDataAdapter.Fill(DataTable[] dataTables, Int32 startRecord, Int32 maxRecords, IDbCommand command, CommandBehavior behavior)
   在 System.Data.Common.DbDataAdapter.Fill(DataTable dataTable)
   在 BusinessObjects.DataAccess.BaseDao.GetDataTable(SqlCommand command, String tableName) 位置 d:\Projects\FujiFilm-MEMS\TeamCode\Code\MedicalEquipmentHostingSystem\BusinessObjects\DataAccess\BaseDao.cs:行号 70
   在 BusinessObjects.DataAccess.ComponentDao.QueryComponentsByFujiClass2ID(Int32 fujiClass2ID, Int32 componentTypeID) 位置 d:\Projects\FujiFilm-MEMS\TeamCode\Code\MedicalEquipmentHostingSystem\BusinessObjects\DataAccess\ComponentDao.cs:行号 109
2020-06-03 17:00:26.6922 ERROR Exception: 'Conversion failed when converting the nvarchar value '医用激光类' to data type int.' happened in Class 'ComponentDao', Method 'QueryComponentsByFujiClass2ID', Arguments: Int32 = 3, Int32 = 3 
    在 System.Data.SqlClient.SqlConnection.OnError(SqlException exception, Boolean breakConnection, Action`1 wrapCloseInAction)
   在 System.Data.SqlClient.SqlInternalConnection.OnError(SqlException exception, Boolean breakConnection, Action`1 wrapCloseInAction)
   在 System.Data.SqlClient.TdsParser.ThrowExceptionAndWarning(TdsParserStateObject stateObj, Boolean callerHasConnectionLock, Boolean asyncClose)
   在 System.Data.SqlClient.TdsParser.TryRun(RunBehavior runBehavior, SqlCommand cmdHandler, SqlDataReader dataStream, BulkCopySimpleResultSet bulkCopyHandler, TdsParserStateObject stateObj, Boolean& dataReady)
   在 System.Data.SqlClient.SqlDataReader.TryHasMoreRows(Boolean& moreRows)
   在 System.Data.SqlClient.SqlDataReader.TryReadInternal(Boolean setTimeout, Boolean& more)
   在 System.Data.SqlClient.SqlDataReader.Read()
   在 System.Data.Common.DataAdapter.FillLoadDataRow(SchemaMapping mapping)
   在 System.Data.Common.DataAdapter.FillFromReader(DataSet dataset, DataTable datatable, String srcTable, DataReaderContainer dataReader, Int32 startRecord, Int32 maxRecords, DataColumn parentChapterColumn, Object parentChapterValue)
   在 System.Data.Common.DataAdapter.Fill(DataTable[] dataTables, IDataReader dataReader, Int32 startRecord, Int32 maxRecords)
   在 System.Data.Common.DbDataAdapter.FillInternal(DataSet dataset, DataTable[] datatables, Int32 startRecord, Int32 maxRecords, String srcTable, IDbCommand command, CommandBehavior behavior)
   在 System.Data.Common.DbDataAdapter.Fill(DataTable[] dataTables, Int32 startRecord, Int32 maxRecords, IDbCommand command, CommandBehavior behavior)
   在 System.Data.Common.DbDataAdapter.Fill(DataTable dataTable)
   在 BusinessObjects.DataAccess.BaseDao.GetDataTable(SqlCommand command, String tableName) 位置 d:\Projects\FujiFilm-MEMS\TeamCode\Code\MedicalEquipmentHostingSystem\BusinessObjects\DataAccess\BaseDao.cs:行号 70
   在 BusinessObjects.DataAccess.ComponentDao.QueryComponentsByFujiClass2ID(Int32 fujiClass2ID, Int32 componentTypeID) 位置 d:\Projects\FujiFilm-MEMS\TeamCode\Code\MedicalEquipmentHostingSystem\BusinessObjects\DataAccess\ComponentDao.cs:行号 109
2020-06-03 17:01:19.5856 ERROR Conversion failed when converting the nvarchar value '医用激光类' to data type int. 
    在 System.Data.SqlClient.SqlConnection.OnError(SqlException exception, Boolean breakConnection, Action`1 wrapCloseInAction)
   在 System.Data.SqlClient.SqlInternalConnection.OnError(SqlException exception, Boolean breakConnection, Action`1 wrapCloseInAction)
   在 System.Data.SqlClient.TdsParser.ThrowExceptionAndWarning(TdsParserStateObject stateObj, Boolean callerHasConnectionLock, Boolean asyncClose)
   在 System.Data.SqlClient.TdsParser.TryRun(RunBehavior runBehavior, SqlCommand cmdHandler, SqlDataReader dataStream, BulkCopySimpleResultSet bulkCopyHandler, TdsParserStateObject stateObj, Boolean& dataReady)
   在 System.Data.SqlClient.SqlDataReader.TryHasMoreRows(Boolean& moreRows)
   在 System.Data.SqlClient.SqlDataReader.TryReadInternal(Boolean setTimeout, Boolean& more)
   在 System.Data.SqlClient.SqlDataReader.Read()
   在 System.Data.Common.DataAdapter.FillLoadDataRow(SchemaMapping mapping)
   在 System.Data.Common.DataAdapter.FillFromReader(DataSet dataset, DataTable datatable, String srcTable, DataReaderContainer dataReader, Int32 startRecord, Int32 maxRecords, DataColumn parentChapterColumn, Object parentChapterValue)
   在 System.Data.Common.DataAdapter.Fill(DataTable[] dataTables, IDataReader dataReader, Int32 startRecord, Int32 maxRecords)
   在 System.Data.Common.DbDataAdapter.FillInternal(DataSet dataset, DataTable[] datatables, Int32 startRecord, Int32 maxRecords, String srcTable, IDbCommand command, CommandBehavior behavior)
   在 System.Data.Common.DbDataAdapter.Fill(DataTable[] dataTables, Int32 startRecord, Int32 maxRecords, IDbCommand command, CommandBehavior behavior)
   在 System.Data.Common.DbDataAdapter.Fill(DataTable dataTable)
   在 BusinessObjects.DataAccess.BaseDao.GetDataTable(SqlCommand command, String tableName)
   在 BusinessObjects.DataAccess.ComponentDao.QueryComponentsByFujiClass2ID(Int32 fujiClass2ID, Int32 componentTypeID)
   在 MedicalEquipmentHostingSystem.Controllers.ComponentController.QueryComponentsByFujiClass2ID(Int32 fujiClass2ID, Int32 componentTypeID) 位置 d:\Projects\FujiFilm-MEMS\TeamCode\Code\MedicalEquipmentHostingSystem\MedicalEquipmentHostingSystem\Controllers\ComponentController.cs:行号 101
