2020-05-13 10:24:57.3906 ERROR Exception: '添加或减去的值产生无法表示的 DateTime。
参数名: value' happened in Class 'AuditDao', Method 'QuerySysAuditLogsCount', Arguments: Int32 = 3, String = h.ID, String = 1330, DateTime = 0001/1/1 0:00:00, DateTime = 9999/12/31 23:59:59 
    在 System.DateTime.AddTicks(Int64 value)
   在 System.DateTime.Add(Double value, Int32 scale)
   在 System.DateTime.AddDays(Double value)
   在 BusinessObjects.DataAccess.AuditDao.QuerySysAuditLogsCount(Int32 objectTypeID, String filterField, String filterText, DateTime startDate, DateTime endDate) 位置 d:\Projects\FujiFilm-MEMS\TeamCode\Code\MedicalEquipmentHostingSystem\BusinessObjects\DataAccess\AuditDao.cs:行号 119
2020-05-13 10:24:57.4466 ERROR 添加或减去的值产生无法表示的 DateTime。
参数名: value 
    在 System.DateTime.AddTicks(Int64 value)
   在 System.DateTime.Add(Double value, Int32 scale)
   在 System.DateTime.AddDays(Double value)
   在 BusinessObjects.DataAccess.AuditDao.QuerySysAuditLogsCount(Int32 objectTypeID, String filterField, String filterText, DateTime startDate, DateTime endDate) 位置 d:\Projects\FujiFilm-MEMS\TeamCode\Code\MedicalEquipmentHostingSystem\BusinessObjects\DataAccess\AuditDao.cs:行号 123
   在 MedicalEquipmentHostingSystem.Controllers.AuditController.QuerySysAuditLogList(Int32 objectTypeID, String filterField, String filterText, String field, Boolean direction, DateTime startDate, DateTime endDate, Int32 currentPage) 位置 d:\Projects\FujiFilm-MEMS\TeamCode\Code\MedicalEquipmentHostingSystem\MedicalEquipmentHostingSystem\Controllers\AuditController.cs:行号 96
2020-05-13 10:25:08.1315 ERROR Exception: '添加或减去的值产生无法表示的 DateTime。
参数名: value' happened in Class 'AuditDao', Method 'QuerySysAuditLogsCount', Arguments: Int32 = 3, String = h.ID, String = 1330, DateTime = 0001/1/1 0:00:00, DateTime = 9999/12/31 23:59:59 
    在 System.DateTime.AddTicks(Int64 value)
   在 System.DateTime.Add(Double value, Int32 scale)
   在 System.DateTime.AddDays(Double value)
   在 BusinessObjects.DataAccess.AuditDao.QuerySysAuditLogsCount(Int32 objectTypeID, String filterField, String filterText, DateTime startDate, DateTime endDate) 位置 d:\Projects\FujiFilm-MEMS\TeamCode\Code\MedicalEquipmentHostingSystem\BusinessObjects\DataAccess\AuditDao.cs:行号 119
2020-05-13 10:25:17.0284 ERROR 添加或减去的值产生无法表示的 DateTime。
参数名: value 
    在 System.DateTime.AddTicks(Int64 value)
   在 System.DateTime.Add(Double value, Int32 scale)
   在 System.DateTime.AddDays(Double value)
   在 BusinessObjects.DataAccess.AuditDao.QuerySysAuditLogsCount(Int32 objectTypeID, String filterField, String filterText, DateTime startDate, DateTime endDate) 位置 d:\Projects\FujiFilm-MEMS\TeamCode\Code\MedicalEquipmentHostingSystem\BusinessObjects\DataAccess\AuditDao.cs:行号 123
   在 MedicalEquipmentHostingSystem.Controllers.AuditController.QuerySysAuditLogList(Int32 objectTypeID, String filterField, String filterText, String field, Boolean direction, DateTime startDate, DateTime endDate, Int32 currentPage) 位置 d:\Projects\FujiFilm-MEMS\TeamCode\Code\MedicalEquipmentHostingSystem\MedicalEquipmentHostingSystem\Controllers\AuditController.cs:行号 96
2020-05-13 10:26:26.8110 ERROR 添加或减去的值产生无法表示的 DateTime。
参数名: value 
    在 System.DateTime.AddTicks(Int64 value)
   在 System.DateTime.Add(Double value, Int32 scale)
   在 System.DateTime.AddDays(Double value)
   在 BusinessObjects.DataAccess.AuditDao.QuerySysAuditLogsCount(Int32 objectTypeID, String filterField, String filterText, DateTime startDate, DateTime endDate)
   在 MedicalEquipmentHostingSystem.Controllers.AuditController.QuerySysAuditLogList(Int32 objectTypeID, String filterField, String filterText, String field, Boolean direction, DateTime startDate, DateTime endDate, Int32 currentPage) 位置 d:\Projects\FujiFilm-MEMS\TeamCode\Code\MedicalEquipmentHostingSystem\MedicalEquipmentHostingSystem\Controllers\AuditController.cs:行号 96
2020-05-13 10:27:42.1239 ERROR Exception: '添加或减去的值产生无法表示的 DateTime。
参数名: value' happened in Class 'AuditDao', Method 'QuerySysAuditLogsCount', Arguments: Int32 = 3, String = h.ID, String = 1330, DateTime = 0001/1/1 0:00:00, DateTime = 9999/12/31 23:59:59 
    在 System.DateTime.AddTicks(Int64 value)
   在 System.DateTime.Add(Double value, Int32 scale)
   在 System.DateTime.AddDays(Double value)
   在 BusinessObjects.DataAccess.AuditDao.QuerySysAuditLogsCount(Int32 objectTypeID, String filterField, String filterText, DateTime startDate, DateTime endDate) 位置 d:\Projects\FujiFilm-MEMS\TeamCode\Code\MedicalEquipmentHostingSystem\BusinessObjects\DataAccess\AuditDao.cs:行号 119
2020-05-13 10:28:19.0631 ERROR Exception: '添加或减去的值产生无法表示的 DateTime。
参数名: value' happened in Class 'AuditDao', Method 'QuerySysAuditLogsCount', Arguments: Int32 = 3, String = h.ID, String = 1330, DateTime = 0001/1/1 0:00:00, DateTime = 9999/12/31 23:59:59 
    在 System.DateTime.AddTicks(Int64 value)
   在 System.DateTime.Add(Double value, Int32 scale)
   在 System.DateTime.AddDays(Double value)
   在 BusinessObjects.DataAccess.AuditDao.QuerySysAuditLogsCount(Int32 objectTypeID, String filterField, String filterText, DateTime startDate, DateTime endDate) 位置 d:\Projects\FujiFilm-MEMS\TeamCode\Code\MedicalEquipmentHostingSystem\BusinessObjects\DataAccess\AuditDao.cs:行号 119
2020-05-13 10:28:19.0943 ERROR 添加或减去的值产生无法表示的 DateTime。
参数名: value 
    在 System.DateTime.AddTicks(Int64 value)
   在 System.DateTime.Add(Double value, Int32 scale)
   在 System.DateTime.AddDays(Double value)
   在 BusinessObjects.DataAccess.AuditDao.QuerySysAuditLogsCount(Int32 objectTypeID, String filterField, String filterText, DateTime startDate, DateTime endDate) 位置 d:\Projects\FujiFilm-MEMS\TeamCode\Code\MedicalEquipmentHostingSystem\BusinessObjects\DataAccess\AuditDao.cs:行号 123
   在 MedicalEquipmentHostingSystem.Controllers.AuditController.QuerySysAuditLogList(Int32 objectTypeID, String filterField, String filterText, String field, Boolean direction, DateTime startDate, DateTime endDate, Int32 currentPage) 位置 d:\Projects\FujiFilm-MEMS\TeamCode\Code\MedicalEquipmentHostingSystem\MedicalEquipmentHostingSystem\Controllers\AuditController.cs:行号 96
2020-05-13 10:28:38.3733 ERROR Exception: 'SqlDateTime 溢出。必须介于 1/1/1753 12:00:00 AM 和 12/31/9999 11:59:59 PM 之间。' happened in Class 'AuditDao', Method 'QuerySysAuditLogsCount', Arguments: Int32 = 3, String = h.ID, String = 1330, DateTime = 0001/1/1 0:00:00, DateTime = 0001/1/1 0:00:00 
    在 System.Data.SqlClient.TdsParser.TdsExecuteRPC(SqlCommand cmd, _SqlRPC[] rpcArray, Int32 timeout, Boolean inSchema, SqlNotificationRequest notificationRequest, TdsParserStateObject stateObj, Boolean isCommandProc, Boolean sync, TaskCompletionSource`1 completion, Int32 startRpc, Int32 startParam)
   在 System.Data.SqlClient.SqlCommand.RunExecuteReaderTds(CommandBehavior cmdBehavior, RunBehavior runBehavior, Boolean returnStream, Boolean async, Int32 timeout, Task& task, Boolean asyncWrite, Boolean inRetry, SqlDataReader ds, Boolean describeParameterEncryptionRequest)
   在 System.Data.SqlClient.SqlCommand.RunExecuteReader(CommandBehavior cmdBehavior, RunBehavior runBehavior, Boolean returnStream, String method, TaskCompletionSource`1 completion, Int32 timeout, Task& task, Boolean& usedCache, Boolean asyncWrite, Boolean inRetry)
   在 System.Data.SqlClient.SqlCommand.RunExecuteReader(CommandBehavior cmdBehavior, RunBehavior runBehavior, Boolean returnStream, String method)
   在 System.Data.SqlClient.SqlCommand.ExecuteScalar()
   在 BusinessObjects.DataAccess.BaseDao.GetCount(SqlCommand command) 位置 d:\Projects\FujiFilm-MEMS\TeamCode\Code\MedicalEquipmentHostingSystem\BusinessObjects\DataAccess\BaseDao.cs:行号 100
   在 BusinessObjects.DataAccess.AuditDao.QuerySysAuditLogsCount(Int32 objectTypeID, String filterField, String filterText, DateTime startDate, DateTime endDate) 位置 d:\Projects\FujiFilm-MEMS\TeamCode\Code\MedicalEquipmentHostingSystem\BusinessObjects\DataAccess\AuditDao.cs:行号 121
2020-05-13 10:31:06.3410 ERROR Exception: 'SqlDateTime 溢出。必须介于 1/1/1753 12:00:00 AM 和 12/31/9999 11:59:59 PM 之间。' happened in Class 'AuditDao', Method 'QuerySysAuditLogsCount', Arguments: Int32 = 3, String = h.ID, String = 1330, DateTime = 0001/1/1 0:00:00, DateTime = 0001/1/1 0:00:00 
    在 System.Data.SqlClient.TdsParser.TdsExecuteRPC(SqlCommand cmd, _SqlRPC[] rpcArray, Int32 timeout, Boolean inSchema, SqlNotificationRequest notificationRequest, TdsParserStateObject stateObj, Boolean isCommandProc, Boolean sync, TaskCompletionSource`1 completion, Int32 startRpc, Int32 startParam)
   在 System.Data.SqlClient.SqlCommand.RunExecuteReaderTds(CommandBehavior cmdBehavior, RunBehavior runBehavior, Boolean returnStream, Boolean async, Int32 timeout, Task& task, Boolean asyncWrite, Boolean inRetry, SqlDataReader ds, Boolean describeParameterEncryptionRequest)
   在 System.Data.SqlClient.SqlCommand.RunExecuteReader(CommandBehavior cmdBehavior, RunBehavior runBehavior, Boolean returnStream, String method, TaskCompletionSource`1 completion, Int32 timeout, Task& task, Boolean& usedCache, Boolean asyncWrite, Boolean inRetry)
   在 System.Data.SqlClient.SqlCommand.RunExecuteReader(CommandBehavior cmdBehavior, RunBehavior runBehavior, Boolean returnStream, String method)
   在 System.Data.SqlClient.SqlCommand.ExecuteScalar()
   在 BusinessObjects.DataAccess.BaseDao.GetCount(SqlCommand command) 位置 d:\Projects\FujiFilm-MEMS\TeamCode\Code\MedicalEquipmentHostingSystem\BusinessObjects\DataAccess\BaseDao.cs:行号 100
   在 BusinessObjects.DataAccess.AuditDao.QuerySysAuditLogsCount(Int32 objectTypeID, String filterField, String filterText, DateTime startDate, DateTime endDate) 位置 d:\Projects\FujiFilm-MEMS\TeamCode\Code\MedicalEquipmentHostingSystem\BusinessObjects\DataAccess\AuditDao.cs:行号 121
2020-05-13 10:36:07.9688 ERROR SqlDateTime 溢出。必须介于 1/1/1753 12:00:00 AM 和 12/31/9999 11:59:59 PM 之间。 
    在 System.Data.SqlClient.TdsParser.TdsExecuteRPC(SqlCommand cmd, _SqlRPC[] rpcArray, Int32 timeout, Boolean inSchema, SqlNotificationRequest notificationRequest, TdsParserStateObject stateObj, Boolean isCommandProc, Boolean sync, TaskCompletionSource`1 completion, Int32 startRpc, Int32 startParam)
   在 System.Data.SqlClient.SqlCommand.RunExecuteReaderTds(CommandBehavior cmdBehavior, RunBehavior runBehavior, Boolean returnStream, Boolean async, Int32 timeout, Task& task, Boolean asyncWrite, Boolean inRetry, SqlDataReader ds, Boolean describeParameterEncryptionRequest)
   在 System.Data.SqlClient.SqlCommand.RunExecuteReader(CommandBehavior cmdBehavior, RunBehavior runBehavior, Boolean returnStream, String method, TaskCompletionSource`1 completion, Int32 timeout, Task& task, Boolean& usedCache, Boolean asyncWrite, Boolean inRetry)
   在 System.Data.SqlClient.SqlCommand.RunExecuteReader(CommandBehavior cmdBehavior, RunBehavior runBehavior, Boolean returnStream, String method)
   在 System.Data.SqlClient.SqlCommand.ExecuteScalar()
   在 BusinessObjects.DataAccess.BaseDao.GetCount(SqlCommand command) 位置 d:\Projects\FujiFilm-MEMS\TeamCode\Code\MedicalEquipmentHostingSystem\BusinessObjects\DataAccess\BaseDao.cs:行号 100
   在 BusinessObjects.DataAccess.AuditDao.QuerySysAuditLogsCount(Int32 objectTypeID, String filterField, String filterText, DateTime startDate, DateTime endDate) 位置 d:\Projects\FujiFilm-MEMS\TeamCode\Code\MedicalEquipmentHostingSystem\BusinessObjects\DataAccess\AuditDao.cs:行号 123
   在 MedicalEquipmentHostingSystem.Controllers.AuditController.QuerySysAuditLogList(Int32 objectTypeID, String filterField, String filterText, String field, Boolean direction, DateTime startDate, DateTime endDate, Int32 currentPage) 位置 d:\Projects\FujiFilm-MEMS\TeamCode\Code\MedicalEquipmentHostingSystem\MedicalEquipmentHostingSystem\Controllers\AuditController.cs:行号 96
2020-05-13 10:44:03.0821 ERROR Exception: 'SqlDateTime 溢出。必须介于 1/1/1753 12:00:00 AM 和 12/31/9999 11:59:59 PM 之间。' happened in Class 'AuditDao', Method 'QuerySysAuditLogsCount', Arguments: Int32 = 3, String = h.ID, String = 1330, DateTime = 0001/1/1 0:00:00, DateTime = 0001/1/1 0:00:00 
    在 System.Data.SqlClient.TdsParser.TdsExecuteRPC(SqlCommand cmd, _SqlRPC[] rpcArray, Int32 timeout, Boolean inSchema, SqlNotificationRequest notificationRequest, TdsParserStateObject stateObj, Boolean isCommandProc, Boolean sync, TaskCompletionSource`1 completion, Int32 startRpc, Int32 startParam)
   在 System.Data.SqlClient.SqlCommand.RunExecuteReaderTds(CommandBehavior cmdBehavior, RunBehavior runBehavior, Boolean returnStream, Boolean async, Int32 timeout, Task& task, Boolean asyncWrite, Boolean inRetry, SqlDataReader ds, Boolean describeParameterEncryptionRequest)
   在 System.Data.SqlClient.SqlCommand.RunExecuteReader(CommandBehavior cmdBehavior, RunBehavior runBehavior, Boolean returnStream, String method, TaskCompletionSource`1 completion, Int32 timeout, Task& task, Boolean& usedCache, Boolean asyncWrite, Boolean inRetry)
   在 System.Data.SqlClient.SqlCommand.RunExecuteReader(CommandBehavior cmdBehavior, RunBehavior runBehavior, Boolean returnStream, String method)
   在 System.Data.SqlClient.SqlCommand.ExecuteScalar()
   在 BusinessObjects.DataAccess.BaseDao.GetCount(SqlCommand command) 位置 d:\Projects\FujiFilm-MEMS\TeamCode\Code\MedicalEquipmentHostingSystem\BusinessObjects\DataAccess\BaseDao.cs:行号 100
   在 BusinessObjects.DataAccess.AuditDao.QuerySysAuditLogsCount(Int32 objectTypeID, String filterField, String filterText, DateTime startDate, DateTime endDate) 位置 d:\Projects\FujiFilm-MEMS\TeamCode\Code\MedicalEquipmentHostingSystem\BusinessObjects\DataAccess\AuditDao.cs:行号 121
2020-05-13 10:45:08.0493 ERROR SqlDateTime 溢出。必须介于 1/1/1753 12:00:00 AM 和 12/31/9999 11:59:59 PM 之间。 
    在 System.Data.SqlClient.TdsParser.TdsExecuteRPC(SqlCommand cmd, _SqlRPC[] rpcArray, Int32 timeout, Boolean inSchema, SqlNotificationRequest notificationRequest, TdsParserStateObject stateObj, Boolean isCommandProc, Boolean sync, TaskCompletionSource`1 completion, Int32 startRpc, Int32 startParam)
   在 System.Data.SqlClient.SqlCommand.RunExecuteReaderTds(CommandBehavior cmdBehavior, RunBehavior runBehavior, Boolean returnStream, Boolean async, Int32 timeout, Task& task, Boolean asyncWrite, Boolean inRetry, SqlDataReader ds, Boolean describeParameterEncryptionRequest)
   在 System.Data.SqlClient.SqlCommand.RunExecuteReader(CommandBehavior cmdBehavior, RunBehavior runBehavior, Boolean returnStream, String method, TaskCompletionSource`1 completion, Int32 timeout, Task& task, Boolean& usedCache, Boolean asyncWrite, Boolean inRetry)
   在 System.Data.SqlClient.SqlCommand.RunExecuteReader(CommandBehavior cmdBehavior, RunBehavior runBehavior, Boolean returnStream, String method)
   在 System.Data.SqlClient.SqlCommand.ExecuteScalar()
   在 BusinessObjects.DataAccess.BaseDao.GetCount(SqlCommand command)
   在 BusinessObjects.DataAccess.AuditDao.QuerySysAuditLogsCount(Int32 objectTypeID, String filterField, String filterText, DateTime startDate, DateTime endDate)
   在 MedicalEquipmentHostingSystem.Controllers.AuditController.QuerySysAuditLogList(Int32 objectTypeID, String filterField, String filterText, String field, Boolean direction, DateTime startDate, DateTime endDate, Int32 currentPage) 位置 d:\Projects\FujiFilm-MEMS\TeamCode\Code\MedicalEquipmentHostingSystem\MedicalEquipmentHostingSystem\Controllers\AuditController.cs:行号 96
2020-05-13 10:45:38.0007 ERROR Exception: 'SqlDateTime 溢出。必须介于 1/1/1753 12:00:00 AM 和 12/31/9999 11:59:59 PM 之间。' happened in Class 'AuditDao', Method 'QuerySysAuditLogsCount', Arguments: Int32 = 3, String = h.ID, String = 1330, DateTime = 0001/1/1 0:00:00, DateTime = 0001/1/1 0:00:00 
    在 System.Data.SqlClient.TdsParser.TdsExecuteRPC(SqlCommand cmd, _SqlRPC[] rpcArray, Int32 timeout, Boolean inSchema, SqlNotificationRequest notificationRequest, TdsParserStateObject stateObj, Boolean isCommandProc, Boolean sync, TaskCompletionSource`1 completion, Int32 startRpc, Int32 startParam)
   在 System.Data.SqlClient.SqlCommand.RunExecuteReaderTds(CommandBehavior cmdBehavior, RunBehavior runBehavior, Boolean returnStream, Boolean async, Int32 timeout, Task& task, Boolean asyncWrite, Boolean inRetry, SqlDataReader ds, Boolean describeParameterEncryptionRequest)
   在 System.Data.SqlClient.SqlCommand.RunExecuteReader(CommandBehavior cmdBehavior, RunBehavior runBehavior, Boolean returnStream, String method, TaskCompletionSource`1 completion, Int32 timeout, Task& task, Boolean& usedCache, Boolean asyncWrite, Boolean inRetry)
   在 System.Data.SqlClient.SqlCommand.RunExecuteReader(CommandBehavior cmdBehavior, RunBehavior runBehavior, Boolean returnStream, String method)
   在 System.Data.SqlClient.SqlCommand.ExecuteScalar()
   在 BusinessObjects.DataAccess.BaseDao.GetCount(SqlCommand command) 位置 d:\Projects\FujiFilm-MEMS\TeamCode\Code\MedicalEquipmentHostingSystem\BusinessObjects\DataAccess\BaseDao.cs:行号 100
   在 BusinessObjects.DataAccess.AuditDao.QuerySysAuditLogsCount(Int32 objectTypeID, String filterField, String filterText, DateTime startDate, DateTime endDate) 位置 d:\Projects\FujiFilm-MEMS\TeamCode\Code\MedicalEquipmentHostingSystem\BusinessObjects\DataAccess\AuditDao.cs:行号 121
2020-05-13 10:46:18.5828 ERROR Exception: 'SqlDateTime 溢出。必须介于 1/1/1753 12:00:00 AM 和 12/31/9999 11:59:59 PM 之间。' happened in Class 'AuditDao', Method 'QuerySysAuditLogsCount', Arguments: Int32 = 3, String = h.ID, String = 1330, DateTime = 0001/1/1 0:00:00, DateTime = 0001/1/1 0:00:00 
    在 System.Data.SqlClient.TdsParser.TdsExecuteRPC(SqlCommand cmd, _SqlRPC[] rpcArray, Int32 timeout, Boolean inSchema, SqlNotificationRequest notificationRequest, TdsParserStateObject stateObj, Boolean isCommandProc, Boolean sync, TaskCompletionSource`1 completion, Int32 startRpc, Int32 startParam)
   在 System.Data.SqlClient.SqlCommand.RunExecuteReaderTds(CommandBehavior cmdBehavior, RunBehavior runBehavior, Boolean returnStream, Boolean async, Int32 timeout, Task& task, Boolean asyncWrite, Boolean inRetry, SqlDataReader ds, Boolean describeParameterEncryptionRequest)
   在 System.Data.SqlClient.SqlCommand.RunExecuteReader(CommandBehavior cmdBehavior, RunBehavior runBehavior, Boolean returnStream, String method, TaskCompletionSource`1 completion, Int32 timeout, Task& task, Boolean& usedCache, Boolean asyncWrite, Boolean inRetry)
   在 System.Data.SqlClient.SqlCommand.RunExecuteReader(CommandBehavior cmdBehavior, RunBehavior runBehavior, Boolean returnStream, String method)
   在 System.Data.SqlClient.SqlCommand.ExecuteScalar()
   在 BusinessObjects.DataAccess.BaseDao.GetCount(SqlCommand command) 位置 d:\Projects\FujiFilm-MEMS\TeamCode\Code\MedicalEquipmentHostingSystem\BusinessObjects\DataAccess\BaseDao.cs:行号 100
   在 BusinessObjects.DataAccess.AuditDao.QuerySysAuditLogsCount(Int32 objectTypeID, String filterField, String filterText, DateTime startDate, DateTime endDate) 位置 d:\Projects\FujiFilm-MEMS\TeamCode\Code\MedicalEquipmentHostingSystem\BusinessObjects\DataAccess\AuditDao.cs:行号 121
2020-05-13 10:47:17.1865 ERROR SqlDateTime 溢出。必须介于 1/1/1753 12:00:00 AM 和 12/31/9999 11:59:59 PM 之间。 
    在 System.Data.SqlClient.TdsParser.TdsExecuteRPC(SqlCommand cmd, _SqlRPC[] rpcArray, Int32 timeout, Boolean inSchema, SqlNotificationRequest notificationRequest, TdsParserStateObject stateObj, Boolean isCommandProc, Boolean sync, TaskCompletionSource`1 completion, Int32 startRpc, Int32 startParam)
   在 System.Data.SqlClient.SqlCommand.RunExecuteReaderTds(CommandBehavior cmdBehavior, RunBehavior runBehavior, Boolean returnStream, Boolean async, Int32 timeout, Task& task, Boolean asyncWrite, Boolean inRetry, SqlDataReader ds, Boolean describeParameterEncryptionRequest)
   在 System.Data.SqlClient.SqlCommand.RunExecuteReader(CommandBehavior cmdBehavior, RunBehavior runBehavior, Boolean returnStream, String method, TaskCompletionSource`1 completion, Int32 timeout, Task& task, Boolean& usedCache, Boolean asyncWrite, Boolean inRetry)
   在 System.Data.SqlClient.SqlCommand.RunExecuteReader(CommandBehavior cmdBehavior, RunBehavior runBehavior, Boolean returnStream, String method)
   在 System.Data.SqlClient.SqlCommand.ExecuteScalar()
   在 BusinessObjects.DataAccess.BaseDao.GetCount(SqlCommand command) 位置 d:\Projects\FujiFilm-MEMS\TeamCode\Code\MedicalEquipmentHostingSystem\BusinessObjects\DataAccess\BaseDao.cs:行号 100
   在 BusinessObjects.DataAccess.AuditDao.QuerySysAuditLogsCount(Int32 objectTypeID, String filterField, String filterText, DateTime startDate, DateTime endDate) 位置 d:\Projects\FujiFilm-MEMS\TeamCode\Code\MedicalEquipmentHostingSystem\BusinessObjects\DataAccess\AuditDao.cs:行号 123
   在 MedicalEquipmentHostingSystem.Controllers.AuditController.QuerySysAuditLogList(Int32 objectTypeID, String filterField, String filterText, String field, Boolean direction, DateTime startDate, DateTime endDate, Int32 currentPage) 位置 d:\Projects\FujiFilm-MEMS\TeamCode\Code\MedicalEquipmentHostingSystem\MedicalEquipmentHostingSystem\Controllers\AuditController.cs:行号 96
2020-05-13 10:50:30.2369 ERROR Exception: 'SqlDateTime 溢出。必须介于 1/1/1753 12:00:00 AM 和 12/31/9999 11:59:59 PM 之间。' happened in Class 'AuditDao', Method 'QuerySysAuditLogsCount', Arguments: Int32 = 3, String = h.ID, String = 1330, DateTime = 0001/1/1 0:00:00, DateTime = 0001/1/1 0:00:00 
    在 System.Data.SqlClient.TdsParser.TdsExecuteRPC(SqlCommand cmd, _SqlRPC[] rpcArray, Int32 timeout, Boolean inSchema, SqlNotificationRequest notificationRequest, TdsParserStateObject stateObj, Boolean isCommandProc, Boolean sync, TaskCompletionSource`1 completion, Int32 startRpc, Int32 startParam)
   在 System.Data.SqlClient.SqlCommand.RunExecuteReaderTds(CommandBehavior cmdBehavior, RunBehavior runBehavior, Boolean returnStream, Boolean async, Int32 timeout, Task& task, Boolean asyncWrite, Boolean inRetry, SqlDataReader ds, Boolean describeParameterEncryptionRequest)
   在 System.Data.SqlClient.SqlCommand.RunExecuteReader(CommandBehavior cmdBehavior, RunBehavior runBehavior, Boolean returnStream, String method, TaskCompletionSource`1 completion, Int32 timeout, Task& task, Boolean& usedCache, Boolean asyncWrite, Boolean inRetry)
   在 System.Data.SqlClient.SqlCommand.RunExecuteReader(CommandBehavior cmdBehavior, RunBehavior runBehavior, Boolean returnStream, String method)
   在 System.Data.SqlClient.SqlCommand.ExecuteScalar()
   在 BusinessObjects.DataAccess.BaseDao.GetCount(SqlCommand command) 位置 d:\Projects\FujiFilm-MEMS\TeamCode\Code\MedicalEquipmentHostingSystem\BusinessObjects\DataAccess\BaseDao.cs:行号 100
   在 BusinessObjects.DataAccess.AuditDao.QuerySysAuditLogsCount(Int32 objectTypeID, String filterField, String filterText, DateTime startDate, DateTime endDate) 位置 d:\Projects\FujiFilm-MEMS\TeamCode\Code\MedicalEquipmentHostingSystem\BusinessObjects\DataAccess\AuditDao.cs:行号 121
2020-05-13 10:50:30.2838 ERROR SqlDateTime 溢出。必须介于 1/1/1753 12:00:00 AM 和 12/31/9999 11:59:59 PM 之间。 
    在 System.Data.SqlClient.TdsParser.TdsExecuteRPC(SqlCommand cmd, _SqlRPC[] rpcArray, Int32 timeout, Boolean inSchema, SqlNotificationRequest notificationRequest, TdsParserStateObject stateObj, Boolean isCommandProc, Boolean sync, TaskCompletionSource`1 completion, Int32 startRpc, Int32 startParam)
   在 System.Data.SqlClient.SqlCommand.RunExecuteReaderTds(CommandBehavior cmdBehavior, RunBehavior runBehavior, Boolean returnStream, Boolean async, Int32 timeout, Task& task, Boolean asyncWrite, Boolean inRetry, SqlDataReader ds, Boolean describeParameterEncryptionRequest)
   在 System.Data.SqlClient.SqlCommand.RunExecuteReader(CommandBehavior cmdBehavior, RunBehavior runBehavior, Boolean returnStream, String method, TaskCompletionSource`1 completion, Int32 timeout, Task& task, Boolean& usedCache, Boolean asyncWrite, Boolean inRetry)
   在 System.Data.SqlClient.SqlCommand.RunExecuteReader(CommandBehavior cmdBehavior, RunBehavior runBehavior, Boolean returnStream, String method)
   在 System.Data.SqlClient.SqlCommand.ExecuteScalar()
   在 BusinessObjects.DataAccess.BaseDao.GetCount(SqlCommand command) 位置 d:\Projects\FujiFilm-MEMS\TeamCode\Code\MedicalEquipmentHostingSystem\BusinessObjects\DataAccess\BaseDao.cs:行号 100
   在 BusinessObjects.DataAccess.AuditDao.QuerySysAuditLogsCount(Int32 objectTypeID, String filterField, String filterText, DateTime startDate, DateTime endDate) 位置 d:\Projects\FujiFilm-MEMS\TeamCode\Code\MedicalEquipmentHostingSystem\BusinessObjects\DataAccess\AuditDao.cs:行号 123
   在 MedicalEquipmentHostingSystem.Controllers.AuditController.QuerySysAuditLogList(Int32 objectTypeID, String filterField, String filterText, String field, Boolean direction, DateTime startDate, DateTime endDate, Int32 currentPage) 位置 d:\Projects\FujiFilm-MEMS\TeamCode\Code\MedicalEquipmentHostingSystem\MedicalEquipmentHostingSystem\Controllers\AuditController.cs:行号 96
2020-05-13 10:50:38.1155 ERROR Exception: '添加或减去的值产生无法表示的 DateTime。
参数名: value' happened in Class 'AuditDao', Method 'QuerySysAuditLogsCount', Arguments: Int32 = 3, String = h.ID, String = 1330, DateTime = 9999/12/31 23:59:59, DateTime = 9999/12/31 23:59:59 
    在 System.DateTime.AddTicks(Int64 value)
   在 System.DateTime.Add(Double value, Int32 scale)
   在 System.DateTime.AddDays(Double value)
   在 BusinessObjects.DataAccess.AuditDao.QuerySysAuditLogsCount(Int32 objectTypeID, String filterField, String filterText, DateTime startDate, DateTime endDate) 位置 d:\Projects\FujiFilm-MEMS\TeamCode\Code\MedicalEquipmentHostingSystem\BusinessObjects\DataAccess\AuditDao.cs:行号 119
2020-05-13 10:51:45.8041 ERROR Exception: '添加或减去的值产生无法表示的 DateTime。
参数名: value' happened in Class 'AuditDao', Method 'QuerySysAuditLogsCount', Arguments: Int32 = 3, String = h.ID, String = 1330, DateTime = 9999/12/31 23:59:59, DateTime = 9999/12/31 23:59:59 
    在 System.DateTime.AddTicks(Int64 value)
   在 System.DateTime.Add(Double value, Int32 scale)
   在 System.DateTime.AddDays(Double value)
   在 BusinessObjects.DataAccess.AuditDao.QuerySysAuditLogsCount(Int32 objectTypeID, String filterField, String filterText, DateTime startDate, DateTime endDate) 位置 d:\Projects\FujiFilm-MEMS\TeamCode\Code\MedicalEquipmentHostingSystem\BusinessObjects\DataAccess\AuditDao.cs:行号 119
2020-05-13 10:51:49.9844 ERROR 添加或减去的值产生无法表示的 DateTime。
参数名: value 
    在 System.DateTime.AddTicks(Int64 value)
   在 System.DateTime.Add(Double value, Int32 scale)
   在 System.DateTime.AddDays(Double value)
   在 BusinessObjects.DataAccess.AuditDao.QuerySysAuditLogsCount(Int32 objectTypeID, String filterField, String filterText, DateTime startDate, DateTime endDate) 位置 d:\Projects\FujiFilm-MEMS\TeamCode\Code\MedicalEquipmentHostingSystem\BusinessObjects\DataAccess\AuditDao.cs:行号 123
   在 MedicalEquipmentHostingSystem.Controllers.AuditController.QuerySysAuditLogList(Int32 objectTypeID, String filterField, String filterText, String field, Boolean direction, DateTime startDate, DateTime endDate, Int32 currentPage) 位置 d:\Projects\FujiFilm-MEMS\TeamCode\Code\MedicalEquipmentHostingSystem\MedicalEquipmentHostingSystem\Controllers\AuditController.cs:行号 96
2020-05-13 11:11:01.3442 ERROR Exception: '输入字符串的格式不正确。' happened in Class 'AuditManager', Method 'InitEquipmentDetail', Arguments: List`1 = System.Collections.Generic.List`1[BusinessObjects.Domain.AuditDetailInfo] 
    在 System.Number.StringToNumber(String str, NumberStyles options, NumberBuffer& number, NumberFormatInfo info, Boolean parseDecimal)
   在 System.Number.ParseInt32(String s, NumberStyles style, NumberFormatInfo info)
   在 System.Convert.ToInt32(String value)
   在 BusinessObjects.Util.SQLUtil.ConvertInt(Object obj) 位置 d:\Projects\FujiFilm-MEMS\TeamCode\Code\MedicalEquipmentHostingSystem\BusinessObjects\Util\SQLUtil.cs:行号 40
   在 BusinessObjects.Manager.AuditManager.InitEquipmentDetail(List`1 infos) 位置 d:\Projects\FujiFilm-MEMS\TeamCode\Code\MedicalEquipmentHostingSystem\BusinessObjects\Manager\AuditManager.cs:行号 102
2020-05-13 11:11:01.4061 ERROR Exception: '输入字符串的格式不正确。' happened in Class 'AuditManager', Method 'GetAuditInfo', Arguments: Int32 = 1323 
    在 System.Number.StringToNumber(String str, NumberStyles options, NumberBuffer& number, NumberFormatInfo info, Boolean parseDecimal)
   在 System.Number.ParseInt32(String s, NumberStyles style, NumberFormatInfo info)
   在 System.Convert.ToInt32(String value)
   在 BusinessObjects.Util.SQLUtil.ConvertInt(Object obj) 位置 d:\Projects\FujiFilm-MEMS\TeamCode\Code\MedicalEquipmentHostingSystem\BusinessObjects\Util\SQLUtil.cs:行号 40
   在 BusinessObjects.Manager.AuditManager.InitEquipmentDetail(List`1 infos) 位置 d:\Projects\FujiFilm-MEMS\TeamCode\Code\MedicalEquipmentHostingSystem\BusinessObjects\Manager\AuditManager.cs:行号 187
   在 BusinessObjects.Manager.AuditManager.GetAuditInfo(Int32 auditID) 位置 d:\Projects\FujiFilm-MEMS\TeamCode\Code\MedicalEquipmentHostingSystem\BusinessObjects\Manager\AuditManager.cs:行号 74
2020-05-13 11:11:01.4531 ERROR 输入字符串的格式不正确。 
    在 System.Number.StringToNumber(String str, NumberStyles options, NumberBuffer& number, NumberFormatInfo info, Boolean parseDecimal)
   在 System.Number.ParseInt32(String s, NumberStyles style, NumberFormatInfo info)
   在 System.Convert.ToInt32(String value)
   在 BusinessObjects.Util.SQLUtil.ConvertInt(Object obj) 位置 d:\Projects\FujiFilm-MEMS\TeamCode\Code\MedicalEquipmentHostingSystem\BusinessObjects\Util\SQLUtil.cs:行号 40
   在 BusinessObjects.Manager.AuditManager.InitEquipmentDetail(List`1 infos) 位置 d:\Projects\FujiFilm-MEMS\TeamCode\Code\MedicalEquipmentHostingSystem\BusinessObjects\Manager\AuditManager.cs:行号 187
   在 BusinessObjects.Manager.AuditManager.GetAuditInfo(Int32 auditID) 位置 d:\Projects\FujiFilm-MEMS\TeamCode\Code\MedicalEquipmentHostingSystem\BusinessObjects\Manager\AuditManager.cs:行号 79
   在 MedicalEquipmentHostingSystem.Controllers.AuditController.GetSysAuditLog(Int32 id) 位置 d:\Projects\FujiFilm-MEMS\TeamCode\Code\MedicalEquipmentHostingSystem\MedicalEquipmentHostingSystem\Controllers\AuditController.cs:行号 134
2020-05-13 11:11:13.5431 ERROR Exception: '输入字符串的格式不正确。' happened in Class 'AuditManager', Method 'InitEquipmentDetail', Arguments: List`1 = System.Collections.Generic.List`1[BusinessObjects.Domain.AuditDetailInfo] 
    在 System.Number.StringToNumber(String str, NumberStyles options, NumberBuffer& number, NumberFormatInfo info, Boolean parseDecimal)
   在 System.Number.ParseInt32(String s, NumberStyles style, NumberFormatInfo info)
   在 System.Convert.ToInt32(String value)
   在 BusinessObjects.Util.SQLUtil.ConvertInt(Object obj) 位置 d:\Projects\FujiFilm-MEMS\TeamCode\Code\MedicalEquipmentHostingSystem\BusinessObjects\Util\SQLUtil.cs:行号 40
   在 BusinessObjects.Manager.AuditManager.InitEquipmentDetail(List`1 infos) 位置 d:\Projects\FujiFilm-MEMS\TeamCode\Code\MedicalEquipmentHostingSystem\BusinessObjects\Manager\AuditManager.cs:行号 102
2020-05-13 11:11:13.6001 ERROR Exception: '输入字符串的格式不正确。' happened in Class 'AuditManager', Method 'GetAuditInfo', Arguments: Int32 = 1323 
    在 System.Number.StringToNumber(String str, NumberStyles options, NumberBuffer& number, NumberFormatInfo info, Boolean parseDecimal)
   在 System.Number.ParseInt32(String s, NumberStyles style, NumberFormatInfo info)
   在 System.Convert.ToInt32(String value)
   在 BusinessObjects.Util.SQLUtil.ConvertInt(Object obj) 位置 d:\Projects\FujiFilm-MEMS\TeamCode\Code\MedicalEquipmentHostingSystem\BusinessObjects\Util\SQLUtil.cs:行号 40
   在 BusinessObjects.Manager.AuditManager.InitEquipmentDetail(List`1 infos) 位置 d:\Projects\FujiFilm-MEMS\TeamCode\Code\MedicalEquipmentHostingSystem\BusinessObjects\Manager\AuditManager.cs:行号 187
   在 BusinessObjects.Manager.AuditManager.GetAuditInfo(Int32 auditID) 位置 d:\Projects\FujiFilm-MEMS\TeamCode\Code\MedicalEquipmentHostingSystem\BusinessObjects\Manager\AuditManager.cs:行号 74
2020-05-13 11:11:13.6431 ERROR 输入字符串的格式不正确。 
    在 System.Number.StringToNumber(String str, NumberStyles options, NumberBuffer& number, NumberFormatInfo info, Boolean parseDecimal)
   在 System.Number.ParseInt32(String s, NumberStyles style, NumberFormatInfo info)
   在 System.Convert.ToInt32(String value)
   在 BusinessObjects.Util.SQLUtil.ConvertInt(Object obj) 位置 d:\Projects\FujiFilm-MEMS\TeamCode\Code\MedicalEquipmentHostingSystem\BusinessObjects\Util\SQLUtil.cs:行号 40
   在 BusinessObjects.Manager.AuditManager.InitEquipmentDetail(List`1 infos) 位置 d:\Projects\FujiFilm-MEMS\TeamCode\Code\MedicalEquipmentHostingSystem\BusinessObjects\Manager\AuditManager.cs:行号 187
   在 BusinessObjects.Manager.AuditManager.GetAuditInfo(Int32 auditID) 位置 d:\Projects\FujiFilm-MEMS\TeamCode\Code\MedicalEquipmentHostingSystem\BusinessObjects\Manager\AuditManager.cs:行号 79
   在 MedicalEquipmentHostingSystem.Controllers.AuditController.GetSysAuditLog(Int32 id) 位置 d:\Projects\FujiFilm-MEMS\TeamCode\Code\MedicalEquipmentHostingSystem\MedicalEquipmentHostingSystem\Controllers\AuditController.cs:行号 134
2020-05-13 11:11:45.3937 ERROR Exception: '输入字符串的格式不正确。' happened in Class 'AuditManager', Method 'InitEquipmentDetail', Arguments: List`1 = System.Collections.Generic.List`1[BusinessObjects.Domain.AuditDetailInfo] 
    在 System.Number.StringToNumber(String str, NumberStyles options, NumberBuffer& number, NumberFormatInfo info, Boolean parseDecimal)
   在 System.Number.ParseInt32(String s, NumberStyles style, NumberFormatInfo info)
   在 System.Convert.ToInt32(String value)
   在 BusinessObjects.Util.SQLUtil.ConvertInt(Object obj) 位置 d:\Projects\FujiFilm-MEMS\TeamCode\Code\MedicalEquipmentHostingSystem\BusinessObjects\Util\SQLUtil.cs:行号 40
   在 BusinessObjects.Manager.AuditManager.InitEquipmentDetail(List`1 infos) 位置 d:\Projects\FujiFilm-MEMS\TeamCode\Code\MedicalEquipmentHostingSystem\BusinessObjects\Manager\AuditManager.cs:行号 102
2020-05-13 11:11:45.4596 ERROR Exception: '输入字符串的格式不正确。' happened in Class 'AuditManager', Method 'GetAuditInfo', Arguments: Int32 = 1323 
    在 System.Number.StringToNumber(String str, NumberStyles options, NumberBuffer& number, NumberFormatInfo info, Boolean parseDecimal)
   在 System.Number.ParseInt32(String s, NumberStyles style, NumberFormatInfo info)
   在 System.Convert.ToInt32(String value)
   在 BusinessObjects.Util.SQLUtil.ConvertInt(Object obj) 位置 d:\Projects\FujiFilm-MEMS\TeamCode\Code\MedicalEquipmentHostingSystem\BusinessObjects\Util\SQLUtil.cs:行号 40
   在 BusinessObjects.Manager.AuditManager.InitEquipmentDetail(List`1 infos) 位置 d:\Projects\FujiFilm-MEMS\TeamCode\Code\MedicalEquipmentHostingSystem\BusinessObjects\Manager\AuditManager.cs:行号 187
   在 BusinessObjects.Manager.AuditManager.GetAuditInfo(Int32 auditID) 位置 d:\Projects\FujiFilm-MEMS\TeamCode\Code\MedicalEquipmentHostingSystem\BusinessObjects\Manager\AuditManager.cs:行号 74
2020-05-13 11:11:50.5570 ERROR 输入字符串的格式不正确。 
    在 System.Number.StringToNumber(String str, NumberStyles options, NumberBuffer& number, NumberFormatInfo info, Boolean parseDecimal)
   在 System.Number.ParseInt32(String s, NumberStyles style, NumberFormatInfo info)
   在 System.Convert.ToInt32(String value)
   在 BusinessObjects.Util.SQLUtil.ConvertInt(Object obj) 位置 d:\Projects\FujiFilm-MEMS\TeamCode\Code\MedicalEquipmentHostingSystem\BusinessObjects\Util\SQLUtil.cs:行号 40
   在 BusinessObjects.Manager.AuditManager.InitEquipmentDetail(List`1 infos) 位置 d:\Projects\FujiFilm-MEMS\TeamCode\Code\MedicalEquipmentHostingSystem\BusinessObjects\Manager\AuditManager.cs:行号 187
   在 BusinessObjects.Manager.AuditManager.GetAuditInfo(Int32 auditID) 位置 d:\Projects\FujiFilm-MEMS\TeamCode\Code\MedicalEquipmentHostingSystem\BusinessObjects\Manager\AuditManager.cs:行号 79
   在 MedicalEquipmentHostingSystem.Controllers.AuditController.GetSysAuditLog(Int32 id) 位置 d:\Projects\FujiFilm-MEMS\TeamCode\Code\MedicalEquipmentHostingSystem\MedicalEquipmentHostingSystem\Controllers\AuditController.cs:行号 134
2020-05-13 13:47:12.8111 ERROR Exception: '添加或减去的值产生无法表示的 DateTime。
参数名: value' happened in Class 'AuditDao', Method 'QuerySysAuditLogsCount', Arguments: Int32 = 3, String = h.ObjectID, String = 3, DateTime = 0001/1/1 0:00:00, DateTime = 9999/12/31 23:59:59 
    在 System.DateTime.AddTicks(Int64 value)
   在 System.DateTime.Add(Double value, Int32 scale)
   在 System.DateTime.AddDays(Double value)
   在 BusinessObjects.DataAccess.AuditDao.QuerySysAuditLogsCount(Int32 objectTypeID, String filterField, String filterText, DateTime startDate, DateTime endDate) 位置 d:\Projects\FujiFilm-MEMS\TeamCode\Code\MedicalEquipmentHostingSystem\BusinessObjects\DataAccess\AuditDao.cs:行号 119
2020-05-13 13:47:12.9261 ERROR 添加或减去的值产生无法表示的 DateTime。
参数名: value 
    在 System.DateTime.AddTicks(Int64 value)
   在 System.DateTime.Add(Double value, Int32 scale)
   在 System.DateTime.AddDays(Double value)
   在 BusinessObjects.DataAccess.AuditDao.QuerySysAuditLogsCount(Int32 objectTypeID, String filterField, String filterText, DateTime startDate, DateTime endDate) 位置 d:\Projects\FujiFilm-MEMS\TeamCode\Code\MedicalEquipmentHostingSystem\BusinessObjects\DataAccess\AuditDao.cs:行号 123
   在 MedicalEquipmentHostingSystem.Controllers.AuditController.QuerySysAuditLogList(Int32 objectTypeID, String filterField, String filterText, String field, Boolean direction, DateTime startDate, DateTime endDate, Int32 currentPage) 位置 d:\Projects\FujiFilm-MEMS\TeamCode\Code\MedicalEquipmentHostingSystem\MedicalEquipmentHostingSystem\Controllers\AuditController.cs:行号 75
2020-05-13 13:47:38.4602 ERROR Exception: '添加或减去的值产生无法表示的 DateTime。
参数名: value' happened in Class 'AuditDao', Method 'QuerySysAuditLogsCount', Arguments: Int32 = 3, String = h.ObjectID, String = 3, DateTime = 0001/1/1 0:00:00, DateTime = 9999/12/31 23:59:59 
    在 System.DateTime.AddTicks(Int64 value)
   在 System.DateTime.Add(Double value, Int32 scale)
   在 System.DateTime.AddDays(Double value)
   在 BusinessObjects.DataAccess.AuditDao.QuerySysAuditLogsCount(Int32 objectTypeID, String filterField, String filterText, DateTime startDate, DateTime endDate) 位置 d:\Projects\FujiFilm-MEMS\TeamCode\Code\MedicalEquipmentHostingSystem\BusinessObjects\DataAccess\AuditDao.cs:行号 119
2020-05-13 13:47:42.9417 ERROR 添加或减去的值产生无法表示的 DateTime。
参数名: value 
    在 System.DateTime.AddTicks(Int64 value)
   在 System.DateTime.Add(Double value, Int32 scale)
   在 System.DateTime.AddDays(Double value)
   在 BusinessObjects.DataAccess.AuditDao.QuerySysAuditLogsCount(Int32 objectTypeID, String filterField, String filterText, DateTime startDate, DateTime endDate) 位置 d:\Projects\FujiFilm-MEMS\TeamCode\Code\MedicalEquipmentHostingSystem\BusinessObjects\DataAccess\AuditDao.cs:行号 123
   在 MedicalEquipmentHostingSystem.Controllers.AuditController.QuerySysAuditLogList(Int32 objectTypeID, String filterField, String filterText, String field, Boolean direction, DateTime startDate, DateTime endDate, Int32 currentPage) 位置 d:\Projects\FujiFilm-MEMS\TeamCode\Code\MedicalEquipmentHostingSystem\MedicalEquipmentHostingSystem\Controllers\AuditController.cs:行号 75
2020-05-13 13:48:12.3237 ERROR Exception: '添加或减去的值产生无法表示的 DateTime。
参数名: value' happened in Class 'AuditDao', Method 'QuerySysAuditLogsCount', Arguments: Int32 = 3, String = h.ObjectID, String = 3, DateTime = 0001/1/1 0:00:00, DateTime = 9999/12/31 23:59:59 
    在 System.DateTime.AddTicks(Int64 value)
   在 System.DateTime.Add(Double value, Int32 scale)
   在 System.DateTime.AddDays(Double value)
   在 BusinessObjects.DataAccess.AuditDao.QuerySysAuditLogsCount(Int32 objectTypeID, String filterField, String filterText, DateTime startDate, DateTime endDate) 位置 d:\Projects\FujiFilm-MEMS\TeamCode\Code\MedicalEquipmentHostingSystem\BusinessObjects\DataAccess\AuditDao.cs:行号 119
2020-05-13 13:48:12.3916 ERROR 添加或减去的值产生无法表示的 DateTime。
参数名: value 
    在 System.DateTime.AddTicks(Int64 value)
   在 System.DateTime.Add(Double value, Int32 scale)
   在 System.DateTime.AddDays(Double value)
   在 BusinessObjects.DataAccess.AuditDao.QuerySysAuditLogsCount(Int32 objectTypeID, String filterField, String filterText, DateTime startDate, DateTime endDate) 位置 d:\Projects\FujiFilm-MEMS\TeamCode\Code\MedicalEquipmentHostingSystem\BusinessObjects\DataAccess\AuditDao.cs:行号 123
   在 MedicalEquipmentHostingSystem.Controllers.AuditController.QuerySysAuditLogList(Int32 objectTypeID, String filterField, String filterText, String field, Boolean direction, DateTime startDate, DateTime endDate, Int32 currentPage) 位置 d:\Projects\FujiFilm-MEMS\TeamCode\Code\MedicalEquipmentHostingSystem\MedicalEquipmentHostingSystem\Controllers\AuditController.cs:行号 75
2020-05-13 16:30:06.4901 ERROR 未将对象引用设置到对象的实例。 
    在 BusinessObjects.Manager.CustomReportManager.SortColumn(CustomReportInfo info, DataTable dt) 位置 d:\Projects\FujiFilm-MEMS\TeamCode\Code\MedicalEquipmentHostingSystem\BusinessObjects\Manager\CustomReportManager.cs:行号 163
   在 BusinessObjects.Manager.CustomReportManager.QueryCustRpt4Equipment(CustomReportInfo info, String field, DateTime startTime, DateTime endTime) 位置 d:\Projects\FujiFilm-MEMS\TeamCode\Code\MedicalEquipmentHostingSystem\BusinessObjects\Manager\CustomReportManager.cs:行号 75
   在 MedicalEquipmentHostingSystem.Controllers.CustomReportController.RunCustRpt(CustomReportInfo info, String field, DateTime startTime, DateTime endTime) 位置 d:\Projects\FujiFilm-MEMS\TeamCode\Code\MedicalEquipmentHostingSystem\MedicalEquipmentHostingSystem\Controllers\CustomReportController.cs:行号 215
2020-05-13 16:30:19.7595 ERROR 未将对象引用设置到对象的实例。 
    在 BusinessObjects.Manager.CustomReportManager.SortColumn(CustomReportInfo info, DataTable dt) 位置 d:\Projects\FujiFilm-MEMS\TeamCode\Code\MedicalEquipmentHostingSystem\BusinessObjects\Manager\CustomReportManager.cs:行号 163
   在 BusinessObjects.Manager.CustomReportManager.QueryCustRpt4Equipment(CustomReportInfo info, String field, DateTime startTime, DateTime endTime) 位置 d:\Projects\FujiFilm-MEMS\TeamCode\Code\MedicalEquipmentHostingSystem\BusinessObjects\Manager\CustomReportManager.cs:行号 75
   在 MedicalEquipmentHostingSystem.Controllers.CustomReportController.RunCustRpt(CustomReportInfo info, String field, DateTime startTime, DateTime endTime) 位置 d:\Projects\FujiFilm-MEMS\TeamCode\Code\MedicalEquipmentHostingSystem\MedicalEquipmentHostingSystem\Controllers\CustomReportController.cs:行号 215
2020-05-13 16:31:28.3627 ERROR 未将对象引用设置到对象的实例。 
    在 BusinessObjects.Manager.CustomReportManager.SortColumn(CustomReportInfo info, DataTable dt) 位置 d:\Projects\FujiFilm-MEMS\TeamCode\Code\MedicalEquipmentHostingSystem\BusinessObjects\Manager\CustomReportManager.cs:行号 163
   在 BusinessObjects.Manager.CustomReportManager.QueryCustRpt4Equipment(CustomReportInfo info, String field, DateTime startTime, DateTime endTime) 位置 d:\Projects\FujiFilm-MEMS\TeamCode\Code\MedicalEquipmentHostingSystem\BusinessObjects\Manager\CustomReportManager.cs:行号 75
   在 MedicalEquipmentHostingSystem.Controllers.CustomReportController.RunCustRpt(CustomReportInfo info, String field, DateTime startTime, DateTime endTime) 位置 d:\Projects\FujiFilm-MEMS\TeamCode\Code\MedicalEquipmentHostingSystem\MedicalEquipmentHostingSystem\Controllers\CustomReportController.cs:行号 215
2020-05-13 16:35:40.5689 ERROR 未将对象引用设置到对象的实例。 
    在 BusinessObjects.Manager.CustomReportManager.SortColumn(CustomReportInfo info, DataTable dt) 位置 d:\Projects\FujiFilm-MEMS\TeamCode\Code\MedicalEquipmentHostingSystem\BusinessObjects\Manager\CustomReportManager.cs:行号 163
   在 BusinessObjects.Manager.CustomReportManager.QueryCustRpt4Equipment(CustomReportInfo info, String field, DateTime startTime, DateTime endTime) 位置 d:\Projects\FujiFilm-MEMS\TeamCode\Code\MedicalEquipmentHostingSystem\BusinessObjects\Manager\CustomReportManager.cs:行号 75
   在 MedicalEquipmentHostingSystem.Controllers.CustomReportController.RunCustRpt(CustomReportInfo info, String field, DateTime startTime, DateTime endTime) 位置 d:\Projects\FujiFilm-MEMS\TeamCode\Code\MedicalEquipmentHostingSystem\MedicalEquipmentHostingSystem\Controllers\CustomReportController.cs:行号 215
2020-05-13 16:38:44.4789 ERROR 未将对象引用设置到对象的实例。 
    在 BusinessObjects.Manager.CustomReportManager.SortColumn(CustomReportInfo info, DataTable dt) 位置 d:\Projects\FujiFilm-MEMS\TeamCode\Code\MedicalEquipmentHostingSystem\BusinessObjects\Manager\CustomReportManager.cs:行号 163
   在 BusinessObjects.Manager.CustomReportManager.QueryCustRpt4Equipment(CustomReportInfo info, String field, DateTime startTime, DateTime endTime) 位置 d:\Projects\FujiFilm-MEMS\TeamCode\Code\MedicalEquipmentHostingSystem\BusinessObjects\Manager\CustomReportManager.cs:行号 75
   在 MedicalEquipmentHostingSystem.Controllers.CustomReportController.RunCustRpt(CustomReportInfo info, String field, DateTime startTime, DateTime endTime) 位置 d:\Projects\FujiFilm-MEMS\TeamCode\Code\MedicalEquipmentHostingSystem\MedicalEquipmentHostingSystem\Controllers\CustomReportController.cs:行号 215
2020-05-13 16:42:09.6841 ERROR 未将对象引用设置到对象的实例。 
    在 BusinessObjects.Manager.CustomReportManager.SortColumn(CustomReportInfo info, DataTable dt) 位置 d:\Projects\FujiFilm-MEMS\TeamCode\Code\MedicalEquipmentHostingSystem\BusinessObjects\Manager\CustomReportManager.cs:行号 163
   在 BusinessObjects.Manager.CustomReportManager.QueryCustRpt4Equipment(CustomReportInfo info, String field, DateTime startTime, DateTime endTime) 位置 d:\Projects\FujiFilm-MEMS\TeamCode\Code\MedicalEquipmentHostingSystem\BusinessObjects\Manager\CustomReportManager.cs:行号 75
   在 MedicalEquipmentHostingSystem.Controllers.CustomReportController.RunCustRpt(CustomReportInfo info, String field, DateTime startTime, DateTime endTime) 位置 d:\Projects\FujiFilm-MEMS\TeamCode\Code\MedicalEquipmentHostingSystem\MedicalEquipmentHostingSystem\Controllers\CustomReportController.cs:行号 215
2020-05-13 16:51:40.4106 ERROR 未将对象引用设置到对象的实例。 
    在 BusinessObjects.Manager.CustomReportManager.SortColumn(CustomReportInfo info, DataTable dt) 位置 d:\Projects\FujiFilm-MEMS\TeamCode\Code\MedicalEquipmentHostingSystem\BusinessObjects\Manager\CustomReportManager.cs:行号 163
   在 BusinessObjects.Manager.CustomReportManager.QueryCustRpt4Equipment(CustomReportInfo info, String field, DateTime startTime, DateTime endTime) 位置 d:\Projects\FujiFilm-MEMS\TeamCode\Code\MedicalEquipmentHostingSystem\BusinessObjects\Manager\CustomReportManager.cs:行号 75
   在 MedicalEquipmentHostingSystem.Controllers.CustomReportController.RunCustRpt(CustomReportInfo info, String field, DateTime startTime, DateTime endTime) 位置 d:\Projects\FujiFilm-MEMS\TeamCode\Code\MedicalEquipmentHostingSystem\MedicalEquipmentHostingSystem\Controllers\CustomReportController.cs:行号 215
2020-05-13 16:52:55.1284 ERROR 未将对象引用设置到对象的实例。 
    在 BusinessObjects.Manager.CustomReportManager.SortColumn(CustomReportInfo info, DataTable dt) 位置 d:\Projects\FujiFilm-MEMS\TeamCode\Code\MedicalEquipmentHostingSystem\BusinessObjects\Manager\CustomReportManager.cs:行号 163
   在 BusinessObjects.Manager.CustomReportManager.QueryCustRpt4Equipment(CustomReportInfo info, String field, DateTime startTime, DateTime endTime) 位置 d:\Projects\FujiFilm-MEMS\TeamCode\Code\MedicalEquipmentHostingSystem\BusinessObjects\Manager\CustomReportManager.cs:行号 75
   在 MedicalEquipmentHostingSystem.Controllers.CustomReportController.RunCustRpt(CustomReportInfo info, String field, DateTime startTime, DateTime endTime) 位置 d:\Projects\FujiFilm-MEMS\TeamCode\Code\MedicalEquipmentHostingSystem\MedicalEquipmentHostingSystem\Controllers\CustomReportController.cs:行号 215
2020-05-13 16:54:20.7082 ERROR 未将对象引用设置到对象的实例。 
    在 BusinessObjects.Manager.CustomReportManager.SortColumn(CustomReportInfo info, DataTable dt) 位置 d:\Projects\FujiFilm-MEMS\TeamCode\Code\MedicalEquipmentHostingSystem\BusinessObjects\Manager\CustomReportManager.cs:行号 163
   在 BusinessObjects.Manager.CustomReportManager.QueryCustRpt4Contract(CustomReportInfo info, String field, DateTime startTime, DateTime endTime) 位置 d:\Projects\FujiFilm-MEMS\TeamCode\Code\MedicalEquipmentHostingSystem\BusinessObjects\Manager\CustomReportManager.cs:行号 96
   在 MedicalEquipmentHostingSystem.Controllers.CustomReportController.RunCustRpt(CustomReportInfo info, String field, DateTime startTime, DateTime endTime) 位置 d:\Projects\FujiFilm-MEMS\TeamCode\Code\MedicalEquipmentHostingSystem\MedicalEquipmentHostingSystem\Controllers\CustomReportController.cs:行号 217
