2020-06-24 08:38:54.7968 ERROR Exception: 'ExecuteNonQuery: CommandText 属性尚未初始化' happened in Class 'ValuationDao', Method 'InitSpares', Arguments: None 
    在 System.Data.SqlClient.SqlCommand.ValidateCommand(String method, Boolean async)
   在 System.Data.SqlClient.SqlCommand.InternalExecuteNonQuery(TaskCompletionSource`1 completion, String methodName, Boolean sendToPipe, Int32 timeout, Boolean& usedCache, Boolean asyncWrite, Boolean inRetry)
   在 System.Data.SqlClient.SqlCommand.ExecuteNonQuery()
   在 BusinessObjects.DataAccess.ValuationDao.InitSpares() 位置 d:\Projects\FujiFilm-MEMS\TeamCode\Code\MedicalEquipmentHostingSystem\BusinessObjects\DataAccess\ValuationDao.cs:行号 573
2020-06-24 08:38:54.8749 ERROR ExecuteNonQuery: CommandText 属性尚未初始化 
    在 System.Data.SqlClient.SqlCommand.ValidateCommand(String method, Boolean async)
   在 System.Data.SqlClient.SqlCommand.InternalExecuteNonQuery(TaskCompletionSource`1 completion, String methodName, Boolean sendToPipe, Int32 timeout, Boolean& usedCache, Boolean asyncWrite, Boolean inRetry)
   在 System.Data.SqlClient.SqlCommand.ExecuteNonQuery()
   在 BusinessObjects.DataAccess.ValuationDao.InitSpares() 位置 d:\Projects\FujiFilm-MEMS\TeamCode\Code\MedicalEquipmentHostingSystem\BusinessObjects\DataAccess\ValuationDao.cs:行号 575
   在 MedicalEquipmentHostingSystem.Controllers.ValuationController.InitValSpares() 位置 d:\Projects\FujiFilm-MEMS\TeamCode\Code\MedicalEquipmentHostingSystem\MedicalEquipmentHostingSystem\Controllers\ValuationController.cs:行号 391
2020-06-24 08:38:55.9946 ERROR Exception: 'The select list for the INSERT statement contains more items than the insert list. The number of SELECT values must match the number of INSERT columns.' happened in Class 'ValuationDao', Method 'InitEquipments', Arguments: None 
    在 System.Data.SqlClient.SqlConnection.OnError(SqlException exception, Boolean breakConnection, Action`1 wrapCloseInAction)
   在 System.Data.SqlClient.SqlInternalConnection.OnError(SqlException exception, Boolean breakConnection, Action`1 wrapCloseInAction)
   在 System.Data.SqlClient.TdsParser.ThrowExceptionAndWarning(TdsParserStateObject stateObj, Boolean callerHasConnectionLock, Boolean asyncClose)
   在 System.Data.SqlClient.TdsParser.TryRun(RunBehavior runBehavior, SqlCommand cmdHandler, SqlDataReader dataStream, BulkCopySimpleResultSet bulkCopyHandler, TdsParserStateObject stateObj, Boolean& dataReady)
   在 System.Data.SqlClient.SqlCommand.RunExecuteNonQueryTds(String methodName, Boolean async, Int32 timeout, Boolean asyncWrite)
   在 System.Data.SqlClient.SqlCommand.InternalExecuteNonQuery(TaskCompletionSource`1 completion, String methodName, Boolean sendToPipe, Int32 timeout, Boolean& usedCache, Boolean asyncWrite, Boolean inRetry)
   在 System.Data.SqlClient.SqlCommand.ExecuteNonQuery()
   在 BusinessObjects.DataAccess.ValuationDao.InitEquipments() 位置 d:\Projects\FujiFilm-MEMS\TeamCode\Code\MedicalEquipmentHostingSystem\BusinessObjects\DataAccess\ValuationDao.cs:行号 124
2020-06-24 08:38:56.0456 ERROR The select list for the INSERT statement contains more items than the insert list. The number of SELECT values must match the number of INSERT columns. 
    在 System.Data.SqlClient.SqlConnection.OnError(SqlException exception, Boolean breakConnection, Action`1 wrapCloseInAction)
   在 System.Data.SqlClient.SqlInternalConnection.OnError(SqlException exception, Boolean breakConnection, Action`1 wrapCloseInAction)
   在 System.Data.SqlClient.TdsParser.ThrowExceptionAndWarning(TdsParserStateObject stateObj, Boolean callerHasConnectionLock, Boolean asyncClose)
   在 System.Data.SqlClient.TdsParser.TryRun(RunBehavior runBehavior, SqlCommand cmdHandler, SqlDataReader dataStream, BulkCopySimpleResultSet bulkCopyHandler, TdsParserStateObject stateObj, Boolean& dataReady)
   在 System.Data.SqlClient.SqlCommand.RunExecuteNonQueryTds(String methodName, Boolean async, Int32 timeout, Boolean asyncWrite)
   在 System.Data.SqlClient.SqlCommand.InternalExecuteNonQuery(TaskCompletionSource`1 completion, String methodName, Boolean sendToPipe, Int32 timeout, Boolean& usedCache, Boolean asyncWrite, Boolean inRetry)
   在 System.Data.SqlClient.SqlCommand.ExecuteNonQuery()
   在 BusinessObjects.DataAccess.ValuationDao.InitEquipments() 位置 d:\Projects\FujiFilm-MEMS\TeamCode\Code\MedicalEquipmentHostingSystem\BusinessObjects\DataAccess\ValuationDao.cs:行号 126
   在 MedicalEquipmentHostingSystem.Controllers.ValuationController.InitValEquipments() 位置 d:\Projects\FujiFilm-MEMS\TeamCode\Code\MedicalEquipmentHostingSystem\MedicalEquipmentHostingSystem\Controllers\ValuationController.cs:行号 155
2020-06-24 08:39:03.2083 ERROR Exception: 'ExecuteNonQuery: CommandText 属性尚未初始化' happened in Class 'ValuationDao', Method 'InitSpares', Arguments: None 
    在 System.Data.SqlClient.SqlCommand.ValidateCommand(String method, Boolean async)
   在 System.Data.SqlClient.SqlCommand.InternalExecuteNonQuery(TaskCompletionSource`1 completion, String methodName, Boolean sendToPipe, Int32 timeout, Boolean& usedCache, Boolean asyncWrite, Boolean inRetry)
   在 System.Data.SqlClient.SqlCommand.ExecuteNonQuery()
   在 BusinessObjects.DataAccess.ValuationDao.InitSpares() 位置 d:\Projects\FujiFilm-MEMS\TeamCode\Code\MedicalEquipmentHostingSystem\BusinessObjects\DataAccess\ValuationDao.cs:行号 573
2020-06-24 08:39:03.2613 ERROR ExecuteNonQuery: CommandText 属性尚未初始化 
    在 System.Data.SqlClient.SqlCommand.ValidateCommand(String method, Boolean async)
   在 System.Data.SqlClient.SqlCommand.InternalExecuteNonQuery(TaskCompletionSource`1 completion, String methodName, Boolean sendToPipe, Int32 timeout, Boolean& usedCache, Boolean asyncWrite, Boolean inRetry)
   在 System.Data.SqlClient.SqlCommand.ExecuteNonQuery()
   在 BusinessObjects.DataAccess.ValuationDao.InitSpares() 位置 d:\Projects\FujiFilm-MEMS\TeamCode\Code\MedicalEquipmentHostingSystem\BusinessObjects\DataAccess\ValuationDao.cs:行号 575
   在 MedicalEquipmentHostingSystem.Controllers.ValuationController.InitValSpares() 位置 d:\Projects\FujiFilm-MEMS\TeamCode\Code\MedicalEquipmentHostingSystem\MedicalEquipmentHostingSystem\Controllers\ValuationController.cs:行号 391
2020-06-24 08:39:03.7648 ERROR Exception: 'The select list for the INSERT statement contains more items than the insert list. The number of SELECT values must match the number of INSERT columns.' happened in Class 'ValuationDao', Method 'InitEquipments', Arguments: None 
    在 System.Data.SqlClient.SqlConnection.OnError(SqlException exception, Boolean breakConnection, Action`1 wrapCloseInAction)
   在 System.Data.SqlClient.SqlInternalConnection.OnError(SqlException exception, Boolean breakConnection, Action`1 wrapCloseInAction)
   在 System.Data.SqlClient.TdsParser.ThrowExceptionAndWarning(TdsParserStateObject stateObj, Boolean callerHasConnectionLock, Boolean asyncClose)
   在 System.Data.SqlClient.TdsParser.TryRun(RunBehavior runBehavior, SqlCommand cmdHandler, SqlDataReader dataStream, BulkCopySimpleResultSet bulkCopyHandler, TdsParserStateObject stateObj, Boolean& dataReady)
   在 System.Data.SqlClient.SqlCommand.RunExecuteNonQueryTds(String methodName, Boolean async, Int32 timeout, Boolean asyncWrite)
   在 System.Data.SqlClient.SqlCommand.InternalExecuteNonQuery(TaskCompletionSource`1 completion, String methodName, Boolean sendToPipe, Int32 timeout, Boolean& usedCache, Boolean asyncWrite, Boolean inRetry)
   在 System.Data.SqlClient.SqlCommand.ExecuteNonQuery()
   在 BusinessObjects.DataAccess.ValuationDao.InitEquipments() 位置 d:\Projects\FujiFilm-MEMS\TeamCode\Code\MedicalEquipmentHostingSystem\BusinessObjects\DataAccess\ValuationDao.cs:行号 124
2020-06-24 08:39:03.8117 ERROR The select list for the INSERT statement contains more items than the insert list. The number of SELECT values must match the number of INSERT columns. 
    在 System.Data.SqlClient.SqlConnection.OnError(SqlException exception, Boolean breakConnection, Action`1 wrapCloseInAction)
   在 System.Data.SqlClient.SqlInternalConnection.OnError(SqlException exception, Boolean breakConnection, Action`1 wrapCloseInAction)
   在 System.Data.SqlClient.TdsParser.ThrowExceptionAndWarning(TdsParserStateObject stateObj, Boolean callerHasConnectionLock, Boolean asyncClose)
   在 System.Data.SqlClient.TdsParser.TryRun(RunBehavior runBehavior, SqlCommand cmdHandler, SqlDataReader dataStream, BulkCopySimpleResultSet bulkCopyHandler, TdsParserStateObject stateObj, Boolean& dataReady)
   在 System.Data.SqlClient.SqlCommand.RunExecuteNonQueryTds(String methodName, Boolean async, Int32 timeout, Boolean asyncWrite)
   在 System.Data.SqlClient.SqlCommand.InternalExecuteNonQuery(TaskCompletionSource`1 completion, String methodName, Boolean sendToPipe, Int32 timeout, Boolean& usedCache, Boolean asyncWrite, Boolean inRetry)
   在 System.Data.SqlClient.SqlCommand.ExecuteNonQuery()
   在 BusinessObjects.DataAccess.ValuationDao.InitEquipments() 位置 d:\Projects\FujiFilm-MEMS\TeamCode\Code\MedicalEquipmentHostingSystem\BusinessObjects\DataAccess\ValuationDao.cs:行号 126
   在 MedicalEquipmentHostingSystem.Controllers.ValuationController.InitValEquipments() 位置 d:\Projects\FujiFilm-MEMS\TeamCode\Code\MedicalEquipmentHostingSystem\MedicalEquipmentHostingSystem\Controllers\ValuationController.cs:行号 155
2020-06-24 08:39:31.2558 ERROR Exception: 'ExecuteNonQuery: CommandText 属性尚未初始化' happened in Class 'ValuationDao', Method 'InitSpares', Arguments: None 
    在 System.Data.SqlClient.SqlCommand.ValidateCommand(String method, Boolean async)
   在 System.Data.SqlClient.SqlCommand.InternalExecuteNonQuery(TaskCompletionSource`1 completion, String methodName, Boolean sendToPipe, Int32 timeout, Boolean& usedCache, Boolean asyncWrite, Boolean inRetry)
   在 System.Data.SqlClient.SqlCommand.ExecuteNonQuery()
   在 BusinessObjects.DataAccess.ValuationDao.InitSpares() 位置 d:\Projects\FujiFilm-MEMS\TeamCode\Code\MedicalEquipmentHostingSystem\BusinessObjects\DataAccess\ValuationDao.cs:行号 573
2020-06-24 08:39:31.3008 ERROR ExecuteNonQuery: CommandText 属性尚未初始化 
    在 System.Data.SqlClient.SqlCommand.ValidateCommand(String method, Boolean async)
   在 System.Data.SqlClient.SqlCommand.InternalExecuteNonQuery(TaskCompletionSource`1 completion, String methodName, Boolean sendToPipe, Int32 timeout, Boolean& usedCache, Boolean asyncWrite, Boolean inRetry)
   在 System.Data.SqlClient.SqlCommand.ExecuteNonQuery()
   在 BusinessObjects.DataAccess.ValuationDao.InitSpares() 位置 d:\Projects\FujiFilm-MEMS\TeamCode\Code\MedicalEquipmentHostingSystem\BusinessObjects\DataAccess\ValuationDao.cs:行号 575
   在 MedicalEquipmentHostingSystem.Controllers.ValuationController.InitValSpares() 位置 d:\Projects\FujiFilm-MEMS\TeamCode\Code\MedicalEquipmentHostingSystem\MedicalEquipmentHostingSystem\Controllers\ValuationController.cs:行号 391
2020-06-24 08:43:52.1418 ERROR Exception: '在从服务器接收结果时发生传输级错误。 (provider: TCP Provider, error: 0 - 信号灯超时时间已到)' happened in Class 'FujiClassDao', Method 'GetFujiClass2', Arguments: None 
    在 System.Data.SqlClient.SqlConnection.OnError(SqlException exception, Boolean breakConnection, Action`1 wrapCloseInAction)
   在 System.Data.SqlClient.SqlInternalConnection.OnError(SqlException exception, Boolean breakConnection, Action`1 wrapCloseInAction)
   在 System.Data.SqlClient.TdsParser.ThrowExceptionAndWarning(TdsParserStateObject stateObj, Boolean callerHasConnectionLock, Boolean asyncClose)
   在 System.Data.SqlClient.TdsParserStateObject.ReadSniError(TdsParserStateObject stateObj, UInt32 error)
   在 System.Data.SqlClient.TdsParserStateObject.ReadSniSyncOverAsync()
   在 System.Data.SqlClient.TdsParserStateObject.TryReadNetworkPacket()
   在 System.Data.SqlClient.TdsParserStateObject.TryPrepareBuffer()
   在 System.Data.SqlClient.TdsParserStateObject.TryReadByte(Byte& value)
   在 System.Data.SqlClient.TdsParser.TryRun(RunBehavior runBehavior, SqlCommand cmdHandler, SqlDataReader dataStream, BulkCopySimpleResultSet bulkCopyHandler, TdsParserStateObject stateObj, Boolean& dataReady)
   在 System.Data.SqlClient.SqlDataReader.TryConsumeMetaData()
   在 System.Data.SqlClient.SqlDataReader.get_MetaData()
   在 System.Data.SqlClient.SqlCommand.FinishExecuteReader(SqlDataReader ds, RunBehavior runBehavior, String resetOptionsString, Boolean isInternal, Boolean forDescribeParameterEncryption, Boolean shouldCacheForAlwaysEncrypted)
   在 System.Data.SqlClient.SqlCommand.RunExecuteReaderTds(CommandBehavior cmdBehavior, RunBehavior runBehavior, Boolean returnStream, Boolean async, Int32 timeout, Task& task, Boolean asyncWrite, Boolean inRetry, SqlDataReader ds, Boolean describeParameterEncryptionRequest)
   在 System.Data.SqlClient.SqlCommand.RunExecuteReader(CommandBehavior cmdBehavior, RunBehavior runBehavior, Boolean returnStream, String method, TaskCompletionSource`1 completion, Int32 timeout, Task& task, Boolean& usedCache, Boolean asyncWrite, Boolean inRetry)
   在 System.Data.SqlClient.SqlCommand.RunExecuteReader(CommandBehavior cmdBehavior, RunBehavior runBehavior, Boolean returnStream, String method)
   在 System.Data.SqlClient.SqlCommand.ExecuteReader(CommandBehavior behavior, String method)
   在 System.Data.SqlClient.SqlCommand.ExecuteDbDataReader(CommandBehavior behavior)
   在 System.Data.Common.DbCommand.System.Data.IDbCommand.ExecuteReader(CommandBehavior behavior)
   在 System.Data.Common.DbDataAdapter.FillInternal(DataSet dataset, DataTable[] datatables, Int32 startRecord, Int32 maxRecords, String srcTable, IDbCommand command, CommandBehavior behavior)
   在 System.Data.Common.DbDataAdapter.Fill(DataTable[] dataTables, Int32 startRecord, Int32 maxRecords, IDbCommand command, CommandBehavior behavior)
   在 System.Data.Common.DbDataAdapter.Fill(DataTable dataTable)
   在 BusinessObjects.DataAccess.BaseDao.GetDataTable(SqlCommand command, String tableName) 位置 d:\Projects\FujiFilm-MEMS\TeamCode\Code\MedicalEquipmentHostingSystem\BusinessObjects\DataAccess\BaseDao.cs:行号 70
   在 BusinessObjects.DataAccess.FujiClassDao.GetFujiClass2() 位置 d:\Projects\FujiFilm-MEMS\TeamCode\Code\MedicalEquipmentHostingSystem\BusinessObjects\DataAccess\FujiClassDao.cs:行号 137
2020-06-24 08:43:52.1939 ERROR 在从服务器接收结果时发生传输级错误。 (provider: TCP Provider, error: 0 - 信号灯超时时间已到) 
    在 System.Data.SqlClient.SqlConnection.OnError(SqlException exception, Boolean breakConnection, Action`1 wrapCloseInAction)
   在 System.Data.SqlClient.SqlInternalConnection.OnError(SqlException exception, Boolean breakConnection, Action`1 wrapCloseInAction)
   在 System.Data.SqlClient.TdsParser.ThrowExceptionAndWarning(TdsParserStateObject stateObj, Boolean callerHasConnectionLock, Boolean asyncClose)
   在 System.Data.SqlClient.TdsParserStateObject.ReadSniError(TdsParserStateObject stateObj, UInt32 error)
   在 System.Data.SqlClient.TdsParserStateObject.ReadSniSyncOverAsync()
   在 System.Data.SqlClient.TdsParserStateObject.TryReadNetworkPacket()
   在 System.Data.SqlClient.TdsParserStateObject.TryPrepareBuffer()
   在 System.Data.SqlClient.TdsParserStateObject.TryReadByte(Byte& value)
   在 System.Data.SqlClient.TdsParser.TryRun(RunBehavior runBehavior, SqlCommand cmdHandler, SqlDataReader dataStream, BulkCopySimpleResultSet bulkCopyHandler, TdsParserStateObject stateObj, Boolean& dataReady)
   在 System.Data.SqlClient.SqlDataReader.TryConsumeMetaData()
   在 System.Data.SqlClient.SqlDataReader.get_MetaData()
   在 System.Data.SqlClient.SqlCommand.FinishExecuteReader(SqlDataReader ds, RunBehavior runBehavior, String resetOptionsString, Boolean isInternal, Boolean forDescribeParameterEncryption, Boolean shouldCacheForAlwaysEncrypted)
   在 System.Data.SqlClient.SqlCommand.RunExecuteReaderTds(CommandBehavior cmdBehavior, RunBehavior runBehavior, Boolean returnStream, Boolean async, Int32 timeout, Task& task, Boolean asyncWrite, Boolean inRetry, SqlDataReader ds, Boolean describeParameterEncryptionRequest)
   在 System.Data.SqlClient.SqlCommand.RunExecuteReader(CommandBehavior cmdBehavior, RunBehavior runBehavior, Boolean returnStream, String method, TaskCompletionSource`1 completion, Int32 timeout, Task& task, Boolean& usedCache, Boolean asyncWrite, Boolean inRetry)
   在 System.Data.SqlClient.SqlCommand.RunExecuteReader(CommandBehavior cmdBehavior, RunBehavior runBehavior, Boolean returnStream, String method)
   在 System.Data.SqlClient.SqlCommand.ExecuteReader(CommandBehavior behavior, String method)
   在 System.Data.SqlClient.SqlCommand.ExecuteDbDataReader(CommandBehavior behavior)
   在 System.Data.Common.DbCommand.System.Data.IDbCommand.ExecuteReader(CommandBehavior behavior)
   在 System.Data.Common.DbDataAdapter.FillInternal(DataSet dataset, DataTable[] datatables, Int32 startRecord, Int32 maxRecords, String srcTable, IDbCommand command, CommandBehavior behavior)
   在 System.Data.Common.DbDataAdapter.Fill(DataTable[] dataTables, Int32 startRecord, Int32 maxRecords, IDbCommand command, CommandBehavior behavior)
   在 System.Data.Common.DbDataAdapter.Fill(DataTable dataTable)
   在 BusinessObjects.DataAccess.BaseDao.GetDataTable(SqlCommand command, String tableName) 位置 d:\Projects\FujiFilm-MEMS\TeamCode\Code\MedicalEquipmentHostingSystem\BusinessObjects\DataAccess\BaseDao.cs:行号 70
   在 BusinessObjects.DataAccess.FujiClassDao.GetFujiClass2() 位置 d:\Projects\FujiFilm-MEMS\TeamCode\Code\MedicalEquipmentHostingSystem\BusinessObjects\DataAccess\FujiClassDao.cs:行号 147
   在 MedicalEquipmentHostingSystem.Controllers.FujiClass2Controller.GetFujiClass2() 位置 d:\Projects\FujiFilm-MEMS\TeamCode\Code\MedicalEquipmentHostingSystem\MedicalEquipmentHostingSystem\Controllers\FujiClass2Controller.cs:行号 123
2020-06-24 09:35:53.7009 ERROR Exception: 'The parameterized query '(@EquipmentID int,@AssetCode nvarchar(17),@Name nvarchar(6),@Ser' expects the parameter '@FujiClass2ID', which was not supplied.' happened in Class 'ValuationDao', Method 'SaveEquipments', Arguments: DataTable =  
    在 System.Data.Common.DbDataAdapter.UpdatedRowStatusErrors(RowUpdatedEventArgs rowUpdatedEvent, BatchCommandInfo[] batchCommands, Int32 commandCount)
   在 System.Data.Common.DbDataAdapter.UpdatedRowStatus(RowUpdatedEventArgs rowUpdatedEvent, BatchCommandInfo[] batchCommands, Int32 commandCount)
   在 System.Data.Common.DbDataAdapter.Update(DataRow[] dataRows, DataTableMapping tableMapping)
   在 System.Data.Common.DbDataAdapter.UpdateFromDataTable(DataTable dataTable, DataTableMapping tableMapping)
   在 System.Data.Common.DbDataAdapter.Update(DataTable dataTable)
   在 BusinessObjects.DataAccess.ValuationDao.SaveEquipments(DataTable dt) 位置 d:\Projects\FujiFilm-MEMS\TeamCode\Code\MedicalEquipmentHostingSystem\BusinessObjects\DataAccess\ValuationDao.cs:行号 232
2020-06-24 09:35:53.7576 ERROR Exception: 'The parameterized query '(@EquipmentID int,@AssetCode nvarchar(17),@Name nvarchar(6),@Ser' expects the parameter '@FujiClass2ID', which was not supplied.' happened in Class 'ValuationManager', Method 'SaveValEquipments', Arguments: List`1 = System.Collections.Generic.List`1[BusinessObjects.Domain.ValEquipmentInfo] 
    在 System.Data.Common.DbDataAdapter.UpdatedRowStatusErrors(RowUpdatedEventArgs rowUpdatedEvent, BatchCommandInfo[] batchCommands, Int32 commandCount)
   在 System.Data.Common.DbDataAdapter.UpdatedRowStatus(RowUpdatedEventArgs rowUpdatedEvent, BatchCommandInfo[] batchCommands, Int32 commandCount)
   在 System.Data.Common.DbDataAdapter.Update(DataRow[] dataRows, DataTableMapping tableMapping)
   在 System.Data.Common.DbDataAdapter.UpdateFromDataTable(DataTable dataTable, DataTableMapping tableMapping)
   在 System.Data.Common.DbDataAdapter.Update(DataTable dataTable)
   在 BusinessObjects.DataAccess.ValuationDao.SaveEquipments(DataTable dt) 位置 d:\Projects\FujiFilm-MEMS\TeamCode\Code\MedicalEquipmentHostingSystem\BusinessObjects\DataAccess\ValuationDao.cs:行号 236
   在 BusinessObjects.Manager.ValuationManager.SaveValEquipments(List`1 infos) 位置 d:\Projects\FujiFilm-MEMS\TeamCode\Code\MedicalEquipmentHostingSystem\BusinessObjects\Manager\ValuationManager.cs:行号 38
2020-06-24 09:35:53.8201 ERROR The parameterized query '(@EquipmentID int,@AssetCode nvarchar(17),@Name nvarchar(6),@Ser' expects the parameter '@FujiClass2ID', which was not supplied. 
    在 System.Data.Common.DbDataAdapter.UpdatedRowStatusErrors(RowUpdatedEventArgs rowUpdatedEvent, BatchCommandInfo[] batchCommands, Int32 commandCount)
   在 System.Data.Common.DbDataAdapter.UpdatedRowStatus(RowUpdatedEventArgs rowUpdatedEvent, BatchCommandInfo[] batchCommands, Int32 commandCount)
   在 System.Data.Common.DbDataAdapter.Update(DataRow[] dataRows, DataTableMapping tableMapping)
   在 System.Data.Common.DbDataAdapter.UpdateFromDataTable(DataTable dataTable, DataTableMapping tableMapping)
   在 System.Data.Common.DbDataAdapter.Update(DataTable dataTable)
   在 BusinessObjects.DataAccess.ValuationDao.SaveEquipments(DataTable dt) 位置 d:\Projects\FujiFilm-MEMS\TeamCode\Code\MedicalEquipmentHostingSystem\BusinessObjects\DataAccess\ValuationDao.cs:行号 236
   在 BusinessObjects.Manager.ValuationManager.SaveValEquipments(List`1 infos) 位置 d:\Projects\FujiFilm-MEMS\TeamCode\Code\MedicalEquipmentHostingSystem\BusinessObjects\Manager\ValuationManager.cs:行号 39
   在 MedicalEquipmentHostingSystem.Controllers.ValuationController.SaveValEquipments(List`1 infos) 位置 d:\Projects\FujiFilm-MEMS\TeamCode\Code\MedicalEquipmentHostingSystem\MedicalEquipmentHostingSystem\Controllers\ValuationController.cs:行号 228
2020-06-24 09:36:39.9586 ERROR Exception: 'The parameterized query '(@EquipmentID int,@AssetCode nvarchar(17),@Name nvarchar(6),@Ser' expects the parameter '@FujiClass2ID', which was not supplied.' happened in Class 'ValuationDao', Method 'SaveEquipments', Arguments: DataTable =  
    在 System.Data.Common.DbDataAdapter.UpdatedRowStatusErrors(RowUpdatedEventArgs rowUpdatedEvent, BatchCommandInfo[] batchCommands, Int32 commandCount)
   在 System.Data.Common.DbDataAdapter.UpdatedRowStatus(RowUpdatedEventArgs rowUpdatedEvent, BatchCommandInfo[] batchCommands, Int32 commandCount)
   在 System.Data.Common.DbDataAdapter.Update(DataRow[] dataRows, DataTableMapping tableMapping)
   在 System.Data.Common.DbDataAdapter.UpdateFromDataTable(DataTable dataTable, DataTableMapping tableMapping)
   在 System.Data.Common.DbDataAdapter.Update(DataTable dataTable)
   在 BusinessObjects.DataAccess.ValuationDao.SaveEquipments(DataTable dt) 位置 d:\Projects\FujiFilm-MEMS\TeamCode\Code\MedicalEquipmentHostingSystem\BusinessObjects\DataAccess\ValuationDao.cs:行号 232
2020-06-24 09:36:40.0055 ERROR Exception: 'The parameterized query '(@EquipmentID int,@AssetCode nvarchar(17),@Name nvarchar(6),@Ser' expects the parameter '@FujiClass2ID', which was not supplied.' happened in Class 'ValuationManager', Method 'SaveValEquipments', Arguments: List`1 = System.Collections.Generic.List`1[BusinessObjects.Domain.ValEquipmentInfo] 
    在 System.Data.Common.DbDataAdapter.UpdatedRowStatusErrors(RowUpdatedEventArgs rowUpdatedEvent, BatchCommandInfo[] batchCommands, Int32 commandCount)
   在 System.Data.Common.DbDataAdapter.UpdatedRowStatus(RowUpdatedEventArgs rowUpdatedEvent, BatchCommandInfo[] batchCommands, Int32 commandCount)
   在 System.Data.Common.DbDataAdapter.Update(DataRow[] dataRows, DataTableMapping tableMapping)
   在 System.Data.Common.DbDataAdapter.UpdateFromDataTable(DataTable dataTable, DataTableMapping tableMapping)
   在 System.Data.Common.DbDataAdapter.Update(DataTable dataTable)
   在 BusinessObjects.DataAccess.ValuationDao.SaveEquipments(DataTable dt) 位置 d:\Projects\FujiFilm-MEMS\TeamCode\Code\MedicalEquipmentHostingSystem\BusinessObjects\DataAccess\ValuationDao.cs:行号 236
   在 BusinessObjects.Manager.ValuationManager.SaveValEquipments(List`1 infos) 位置 d:\Projects\FujiFilm-MEMS\TeamCode\Code\MedicalEquipmentHostingSystem\BusinessObjects\Manager\ValuationManager.cs:行号 38
2020-06-24 09:54:03.2507 ERROR Exception: 'Violation of PRIMARY KEY constraint 'PK_tblValEquipment'. Cannot insert duplicate key in object 'dbo.tblValEquipment'. The duplicate key value is (LSRM0020201000121).
The statement has been terminated.' happened in Class 'ValuationDao', Method 'SaveEquipments', Arguments: DataTable =  
    在 System.Data.Common.DbDataAdapter.UpdatedRowStatusErrors(RowUpdatedEventArgs rowUpdatedEvent, BatchCommandInfo[] batchCommands, Int32 commandCount)
   在 System.Data.Common.DbDataAdapter.UpdatedRowStatus(RowUpdatedEventArgs rowUpdatedEvent, BatchCommandInfo[] batchCommands, Int32 commandCount)
   在 System.Data.Common.DbDataAdapter.Update(DataRow[] dataRows, DataTableMapping tableMapping)
   在 System.Data.Common.DbDataAdapter.UpdateFromDataTable(DataTable dataTable, DataTableMapping tableMapping)
   在 System.Data.Common.DbDataAdapter.Update(DataTable dataTable)
   在 BusinessObjects.DataAccess.ValuationDao.SaveEquipments(DataTable dt) 位置 d:\Projects\FujiFilm-MEMS\TeamCode\Code\MedicalEquipmentHostingSystem\BusinessObjects\DataAccess\ValuationDao.cs:行号 232
2020-06-24 09:54:03.2867 ERROR Exception: 'Violation of PRIMARY KEY constraint 'PK_tblValEquipment'. Cannot insert duplicate key in object 'dbo.tblValEquipment'. The duplicate key value is (LSRM0020201000121).
The statement has been terminated.' happened in Class 'ValuationManager', Method 'SaveValEquipments', Arguments: List`1 = System.Collections.Generic.List`1[BusinessObjects.Domain.ValEquipmentInfo] 
    在 System.Data.Common.DbDataAdapter.UpdatedRowStatusErrors(RowUpdatedEventArgs rowUpdatedEvent, BatchCommandInfo[] batchCommands, Int32 commandCount)
   在 System.Data.Common.DbDataAdapter.UpdatedRowStatus(RowUpdatedEventArgs rowUpdatedEvent, BatchCommandInfo[] batchCommands, Int32 commandCount)
   在 System.Data.Common.DbDataAdapter.Update(DataRow[] dataRows, DataTableMapping tableMapping)
   在 System.Data.Common.DbDataAdapter.UpdateFromDataTable(DataTable dataTable, DataTableMapping tableMapping)
   在 System.Data.Common.DbDataAdapter.Update(DataTable dataTable)
   在 BusinessObjects.DataAccess.ValuationDao.SaveEquipments(DataTable dt) 位置 d:\Projects\FujiFilm-MEMS\TeamCode\Code\MedicalEquipmentHostingSystem\BusinessObjects\DataAccess\ValuationDao.cs:行号 236
   在 BusinessObjects.Manager.ValuationManager.SaveValEquipments(List`1 infos) 位置 d:\Projects\FujiFilm-MEMS\TeamCode\Code\MedicalEquipmentHostingSystem\BusinessObjects\Manager\ValuationManager.cs:行号 38
2020-06-24 09:54:53.3542 ERROR Violation of PRIMARY KEY constraint 'PK_tblValEquipment'. Cannot insert duplicate key in object 'dbo.tblValEquipment'. The duplicate key value is (LSRM0020201000121).
The statement has been terminated. 
    在 System.Data.Common.DbDataAdapter.UpdatedRowStatusErrors(RowUpdatedEventArgs rowUpdatedEvent, BatchCommandInfo[] batchCommands, Int32 commandCount)
   在 System.Data.Common.DbDataAdapter.UpdatedRowStatus(RowUpdatedEventArgs rowUpdatedEvent, BatchCommandInfo[] batchCommands, Int32 commandCount)
   在 System.Data.Common.DbDataAdapter.Update(DataRow[] dataRows, DataTableMapping tableMapping)
   在 System.Data.Common.DbDataAdapter.UpdateFromDataTable(DataTable dataTable, DataTableMapping tableMapping)
   在 System.Data.Common.DbDataAdapter.Update(DataTable dataTable)
   在 BusinessObjects.DataAccess.ValuationDao.SaveEquipments(DataTable dt) 位置 d:\Projects\FujiFilm-MEMS\TeamCode\Code\MedicalEquipmentHostingSystem\BusinessObjects\DataAccess\ValuationDao.cs:行号 236
   在 BusinessObjects.Manager.ValuationManager.SaveValEquipments(List`1 infos) 位置 d:\Projects\FujiFilm-MEMS\TeamCode\Code\MedicalEquipmentHostingSystem\BusinessObjects\Manager\ValuationManager.cs:行号 39
   在 MedicalEquipmentHostingSystem.Controllers.ValuationController.SaveValEquipments(List`1 infos) 位置 d:\Projects\FujiFilm-MEMS\TeamCode\Code\MedicalEquipmentHostingSystem\MedicalEquipmentHostingSystem\Controllers\ValuationController.cs:行号 228
2020-06-24 10:02:17.2779 ERROR Exception: 'Violation of PRIMARY KEY constraint 'PK_tblValEquipment'. Cannot insert duplicate key in object 'dbo.tblValEquipment'. The duplicate key value is (LSRM0020201000121).
The statement has been terminated.' happened in Class 'ValuationDao', Method 'SaveEquipments', Arguments: DataTable =  
    在 System.Data.Common.DbDataAdapter.UpdatedRowStatusErrors(RowUpdatedEventArgs rowUpdatedEvent, BatchCommandInfo[] batchCommands, Int32 commandCount)
   在 System.Data.Common.DbDataAdapter.UpdatedRowStatus(RowUpdatedEventArgs rowUpdatedEvent, BatchCommandInfo[] batchCommands, Int32 commandCount)
   在 System.Data.Common.DbDataAdapter.Update(DataRow[] dataRows, DataTableMapping tableMapping)
   在 System.Data.Common.DbDataAdapter.UpdateFromDataTable(DataTable dataTable, DataTableMapping tableMapping)
   在 System.Data.Common.DbDataAdapter.Update(DataTable dataTable)
   在 BusinessObjects.DataAccess.ValuationDao.SaveEquipments(DataTable dt) 位置 d:\Projects\FujiFilm-MEMS\TeamCode\Code\MedicalEquipmentHostingSystem\BusinessObjects\DataAccess\ValuationDao.cs:行号 232
2020-06-24 10:02:17.3099 ERROR Exception: 'Violation of PRIMARY KEY constraint 'PK_tblValEquipment'. Cannot insert duplicate key in object 'dbo.tblValEquipment'. The duplicate key value is (LSRM0020201000121).
The statement has been terminated.' happened in Class 'ValuationManager', Method 'SaveValEquipments', Arguments: List`1 = System.Collections.Generic.List`1[BusinessObjects.Domain.ValEquipmentInfo] 
    在 System.Data.Common.DbDataAdapter.UpdatedRowStatusErrors(RowUpdatedEventArgs rowUpdatedEvent, BatchCommandInfo[] batchCommands, Int32 commandCount)
   在 System.Data.Common.DbDataAdapter.UpdatedRowStatus(RowUpdatedEventArgs rowUpdatedEvent, BatchCommandInfo[] batchCommands, Int32 commandCount)
   在 System.Data.Common.DbDataAdapter.Update(DataRow[] dataRows, DataTableMapping tableMapping)
   在 System.Data.Common.DbDataAdapter.UpdateFromDataTable(DataTable dataTable, DataTableMapping tableMapping)
   在 System.Data.Common.DbDataAdapter.Update(DataTable dataTable)
   在 BusinessObjects.DataAccess.ValuationDao.SaveEquipments(DataTable dt) 位置 d:\Projects\FujiFilm-MEMS\TeamCode\Code\MedicalEquipmentHostingSystem\BusinessObjects\DataAccess\ValuationDao.cs:行号 236
   在 BusinessObjects.Manager.ValuationManager.SaveValEquipments(List`1 infos) 位置 d:\Projects\FujiFilm-MEMS\TeamCode\Code\MedicalEquipmentHostingSystem\BusinessObjects\Manager\ValuationManager.cs:行号 38
2020-06-24 10:03:36.8155 ERROR Violation of PRIMARY KEY constraint 'PK_tblValEquipment'. Cannot insert duplicate key in object 'dbo.tblValEquipment'. The duplicate key value is (LSRM0020201000121).
The statement has been terminated. 
    在 System.Data.Common.DbDataAdapter.UpdatedRowStatusErrors(RowUpdatedEventArgs rowUpdatedEvent, BatchCommandInfo[] batchCommands, Int32 commandCount)
   在 System.Data.Common.DbDataAdapter.UpdatedRowStatus(RowUpdatedEventArgs rowUpdatedEvent, BatchCommandInfo[] batchCommands, Int32 commandCount)
   在 System.Data.Common.DbDataAdapter.Update(DataRow[] dataRows, DataTableMapping tableMapping)
   在 System.Data.Common.DbDataAdapter.UpdateFromDataTable(DataTable dataTable, DataTableMapping tableMapping)
   在 System.Data.Common.DbDataAdapter.Update(DataTable dataTable)
   在 BusinessObjects.DataAccess.ValuationDao.SaveEquipments(DataTable dt)
   在 BusinessObjects.Manager.ValuationManager.SaveValEquipments(List`1 infos)
   在 MedicalEquipmentHostingSystem.Controllers.ValuationController.SaveValEquipments(List`1 infos) 位置 d:\Projects\FujiFilm-MEMS\TeamCode\Code\MedicalEquipmentHostingSystem\MedicalEquipmentHostingSystem\Controllers\ValuationController.cs:行号 228
2020-06-24 10:03:59.3438 ERROR Exception: '当传递具有新行的 DataRow 集合时，Update 要求有效的 InsertCommand。' happened in Class 'ValuationManager', Method 'SaveValEquipments', Arguments: List`1 = System.Collections.Generic.List`1[BusinessObjects.Domain.ValEquipmentInfo] 
    在 System.Data.Common.DbDataAdapter.UpdatedRowStatusErrors(RowUpdatedEventArgs rowUpdatedEvent, BatchCommandInfo[] batchCommands, Int32 commandCount)
   在 System.Data.Common.DbDataAdapter.UpdatedRowStatus(RowUpdatedEventArgs rowUpdatedEvent, BatchCommandInfo[] batchCommands, Int32 commandCount)
   在 System.Data.Common.DbDataAdapter.Update(DataRow[] dataRows, DataTableMapping tableMapping)
   在 System.Data.Common.DbDataAdapter.UpdateFromDataTable(DataTable dataTable, DataTableMapping tableMapping)
   在 System.Data.Common.DbDataAdapter.Update(DataTable dataTable)
   在 BusinessObjects.DataAccess.ValuationDao.SaveEquipments(DataTable dt)
   在 BusinessObjects.Manager.ValuationManager.SaveValEquipments(List`1 infos)
2020-06-24 10:04:15.8984 ERROR 当传递具有新行的 DataRow 集合时，Update 要求有效的 InsertCommand。 
    在 System.Data.Common.DbDataAdapter.UpdatedRowStatusErrors(RowUpdatedEventArgs rowUpdatedEvent, BatchCommandInfo[] batchCommands, Int32 commandCount)
   在 System.Data.Common.DbDataAdapter.UpdatedRowStatus(RowUpdatedEventArgs rowUpdatedEvent, BatchCommandInfo[] batchCommands, Int32 commandCount)
   在 System.Data.Common.DbDataAdapter.Update(DataRow[] dataRows, DataTableMapping tableMapping)
   在 System.Data.Common.DbDataAdapter.UpdateFromDataTable(DataTable dataTable, DataTableMapping tableMapping)
   在 System.Data.Common.DbDataAdapter.Update(DataTable dataTable)
   在 BusinessObjects.DataAccess.ValuationDao.SaveEquipments(DataTable dt)
   在 BusinessObjects.Manager.ValuationManager.SaveValEquipments(List`1 infos)
   在 MedicalEquipmentHostingSystem.Controllers.ValuationController.SaveValEquipments(List`1 infos) 位置 d:\Projects\FujiFilm-MEMS\TeamCode\Code\MedicalEquipmentHostingSystem\MedicalEquipmentHostingSystem\Controllers\ValuationController.cs:行号 228
2020-06-24 10:24:25.3021 ERROR Exception: '当传递具有新行的 DataRow 集合时，Update 要求有效的 InsertCommand。' happened in Class 'ValuationDao', Method 'UpdateConsumables', Arguments: DataTable =  
    在 System.Data.Common.DbDataAdapter.UpdatedRowStatusErrors(RowUpdatedEventArgs rowUpdatedEvent, BatchCommandInfo[] batchCommands, Int32 commandCount)
   在 System.Data.Common.DbDataAdapter.UpdatedRowStatus(RowUpdatedEventArgs rowUpdatedEvent, BatchCommandInfo[] batchCommands, Int32 commandCount)
   在 System.Data.Common.DbDataAdapter.Update(DataRow[] dataRows, DataTableMapping tableMapping)
   在 System.Data.Common.DbDataAdapter.UpdateFromDataTable(DataTable dataTable, DataTableMapping tableMapping)
   在 System.Data.Common.DbDataAdapter.Update(DataTable dataTable)
   在 BusinessObjects.DataAccess.ValuationDao.UpdateConsumables(DataTable dt) 位置 d:\Projects\FujiFilm-MEMS\TeamCode\Code\MedicalEquipmentHostingSystem\BusinessObjects\DataAccess\ValuationDao.cs:行号 416
2020-06-24 10:24:25.4099 ERROR Exception: '当传递具有新行的 DataRow 集合时，Update 要求有效的 InsertCommand。' happened in Class 'ValuationManager', Method 'SaveValConsumables', Arguments: List`1 = System.Collections.Generic.List`1[BusinessObjects.Domain.ValConsumableInfo] 
    在 System.Data.Common.DbDataAdapter.UpdatedRowStatusErrors(RowUpdatedEventArgs rowUpdatedEvent, BatchCommandInfo[] batchCommands, Int32 commandCount)
   在 System.Data.Common.DbDataAdapter.UpdatedRowStatus(RowUpdatedEventArgs rowUpdatedEvent, BatchCommandInfo[] batchCommands, Int32 commandCount)
   在 System.Data.Common.DbDataAdapter.Update(DataRow[] dataRows, DataTableMapping tableMapping)
   在 System.Data.Common.DbDataAdapter.UpdateFromDataTable(DataTable dataTable, DataTableMapping tableMapping)
   在 System.Data.Common.DbDataAdapter.Update(DataTable dataTable)
   在 BusinessObjects.DataAccess.ValuationDao.UpdateConsumables(DataTable dt) 位置 d:\Projects\FujiFilm-MEMS\TeamCode\Code\MedicalEquipmentHostingSystem\BusinessObjects\DataAccess\ValuationDao.cs:行号 419
   在 BusinessObjects.Manager.ValuationManager.SaveValConsumables(List`1 infos) 位置 d:\Projects\FujiFilm-MEMS\TeamCode\Code\MedicalEquipmentHostingSystem\BusinessObjects\Manager\ValuationManager.cs:行号 69
2020-06-24 10:24:25.4609 ERROR 当传递具有新行的 DataRow 集合时，Update 要求有效的 InsertCommand。 
    在 System.Data.Common.DbDataAdapter.UpdatedRowStatusErrors(RowUpdatedEventArgs rowUpdatedEvent, BatchCommandInfo[] batchCommands, Int32 commandCount)
   在 System.Data.Common.DbDataAdapter.UpdatedRowStatus(RowUpdatedEventArgs rowUpdatedEvent, BatchCommandInfo[] batchCommands, Int32 commandCount)
   在 System.Data.Common.DbDataAdapter.Update(DataRow[] dataRows, DataTableMapping tableMapping)
   在 System.Data.Common.DbDataAdapter.UpdateFromDataTable(DataTable dataTable, DataTableMapping tableMapping)
   在 System.Data.Common.DbDataAdapter.Update(DataTable dataTable)
   在 BusinessObjects.DataAccess.ValuationDao.UpdateConsumables(DataTable dt) 位置 d:\Projects\FujiFilm-MEMS\TeamCode\Code\MedicalEquipmentHostingSystem\BusinessObjects\DataAccess\ValuationDao.cs:行号 419
   在 BusinessObjects.Manager.ValuationManager.SaveValConsumables(List`1 infos) 位置 d:\Projects\FujiFilm-MEMS\TeamCode\Code\MedicalEquipmentHostingSystem\BusinessObjects\Manager\ValuationManager.cs:行号 70
   在 MedicalEquipmentHostingSystem.Controllers.ValuationController.SaveValConsumables(List`1 infos) 位置 d:\Projects\FujiFilm-MEMS\TeamCode\Code\MedicalEquipmentHostingSystem\MedicalEquipmentHostingSystem\Controllers\ValuationController.cs:行号 388
2020-06-24 10:24:44.6236 ERROR Exception: '当传递具有新行的 DataRow 集合时，Update 要求有效的 InsertCommand。' happened in Class 'ValuationDao', Method 'UpdateConsumables', Arguments: DataTable =  
    在 System.Data.Common.DbDataAdapter.UpdatedRowStatusErrors(RowUpdatedEventArgs rowUpdatedEvent, BatchCommandInfo[] batchCommands, Int32 commandCount)
   在 System.Data.Common.DbDataAdapter.UpdatedRowStatus(RowUpdatedEventArgs rowUpdatedEvent, BatchCommandInfo[] batchCommands, Int32 commandCount)
   在 System.Data.Common.DbDataAdapter.Update(DataRow[] dataRows, DataTableMapping tableMapping)
   在 System.Data.Common.DbDataAdapter.UpdateFromDataTable(DataTable dataTable, DataTableMapping tableMapping)
   在 System.Data.Common.DbDataAdapter.Update(DataTable dataTable)
   在 BusinessObjects.DataAccess.ValuationDao.UpdateConsumables(DataTable dt) 位置 d:\Projects\FujiFilm-MEMS\TeamCode\Code\MedicalEquipmentHostingSystem\BusinessObjects\DataAccess\ValuationDao.cs:行号 416
2020-06-24 10:24:44.6548 ERROR Exception: '当传递具有新行的 DataRow 集合时，Update 要求有效的 InsertCommand。' happened in Class 'ValuationManager', Method 'SaveValConsumables', Arguments: List`1 = System.Collections.Generic.List`1[BusinessObjects.Domain.ValConsumableInfo] 
    在 System.Data.Common.DbDataAdapter.UpdatedRowStatusErrors(RowUpdatedEventArgs rowUpdatedEvent, BatchCommandInfo[] batchCommands, Int32 commandCount)
   在 System.Data.Common.DbDataAdapter.UpdatedRowStatus(RowUpdatedEventArgs rowUpdatedEvent, BatchCommandInfo[] batchCommands, Int32 commandCount)
   在 System.Data.Common.DbDataAdapter.Update(DataRow[] dataRows, DataTableMapping tableMapping)
   在 System.Data.Common.DbDataAdapter.UpdateFromDataTable(DataTable dataTable, DataTableMapping tableMapping)
   在 System.Data.Common.DbDataAdapter.Update(DataTable dataTable)
   在 BusinessObjects.DataAccess.ValuationDao.UpdateConsumables(DataTable dt) 位置 d:\Projects\FujiFilm-MEMS\TeamCode\Code\MedicalEquipmentHostingSystem\BusinessObjects\DataAccess\ValuationDao.cs:行号 419
   在 BusinessObjects.Manager.ValuationManager.SaveValConsumables(List`1 infos) 位置 d:\Projects\FujiFilm-MEMS\TeamCode\Code\MedicalEquipmentHostingSystem\BusinessObjects\Manager\ValuationManager.cs:行号 69
2020-06-24 10:26:42.3244 ERROR 当传递具有新行的 DataRow 集合时，Update 要求有效的 InsertCommand。 
    在 System.Data.Common.DbDataAdapter.UpdatedRowStatusErrors(RowUpdatedEventArgs rowUpdatedEvent, BatchCommandInfo[] batchCommands, Int32 commandCount)
   在 System.Data.Common.DbDataAdapter.UpdatedRowStatus(RowUpdatedEventArgs rowUpdatedEvent, BatchCommandInfo[] batchCommands, Int32 commandCount)
   在 System.Data.Common.DbDataAdapter.Update(DataRow[] dataRows, DataTableMapping tableMapping)
   在 System.Data.Common.DbDataAdapter.UpdateFromDataTable(DataTable dataTable, DataTableMapping tableMapping)
   在 System.Data.Common.DbDataAdapter.Update(DataTable dataTable)
   在 BusinessObjects.DataAccess.ValuationDao.UpdateConsumables(DataTable dt) 位置 d:\Projects\FujiFilm-MEMS\TeamCode\Code\MedicalEquipmentHostingSystem\BusinessObjects\DataAccess\ValuationDao.cs:行号 419
   在 BusinessObjects.Manager.ValuationManager.SaveValConsumables(List`1 infos) 位置 d:\Projects\FujiFilm-MEMS\TeamCode\Code\MedicalEquipmentHostingSystem\BusinessObjects\Manager\ValuationManager.cs:行号 70
   在 MedicalEquipmentHostingSystem.Controllers.ValuationController.SaveValConsumables(List`1 infos) 位置 d:\Projects\FujiFilm-MEMS\TeamCode\Code\MedicalEquipmentHostingSystem\MedicalEquipmentHostingSystem\Controllers\ValuationController.cs:行号 388
2020-06-24 10:27:19.7674 ERROR Exception: '未将对象引用设置到对象的实例。' happened in Class 'ValuationManager', Method 'SaveValConsumables', Arguments: List`1 = NULL 
    在 BusinessObjects.Domain.ValConsumableInfo.ConvertValConsumableTable(List`1 infos) 位置 d:\Projects\FujiFilm-MEMS\TeamCode\Code\MedicalEquipmentHostingSystem\BusinessObjects\Domain\ValuationInfo.cs:行号 252
   在 BusinessObjects.Manager.ValuationManager.SaveValConsumables(List`1 infos) 位置 d:\Projects\FujiFilm-MEMS\TeamCode\Code\MedicalEquipmentHostingSystem\BusinessObjects\Manager\ValuationManager.cs:行号 68
2020-06-24 10:27:19.8299 ERROR 未将对象引用设置到对象的实例。 
    在 BusinessObjects.Domain.ValConsumableInfo.ConvertValConsumableTable(List`1 infos) 位置 d:\Projects\FujiFilm-MEMS\TeamCode\Code\MedicalEquipmentHostingSystem\BusinessObjects\Domain\ValuationInfo.cs:行号 252
   在 BusinessObjects.Manager.ValuationManager.SaveValConsumables(List`1 infos) 位置 d:\Projects\FujiFilm-MEMS\TeamCode\Code\MedicalEquipmentHostingSystem\BusinessObjects\Manager\ValuationManager.cs:行号 70
   在 MedicalEquipmentHostingSystem.Controllers.ValuationController.SaveValConsumables(List`1 infos) 位置 d:\Projects\FujiFilm-MEMS\TeamCode\Code\MedicalEquipmentHostingSystem\MedicalEquipmentHostingSystem\Controllers\ValuationController.cs:行号 388
2020-06-24 10:27:23.7688 ERROR Exception: '未将对象引用设置到对象的实例。' happened in Class 'ValuationManager', Method 'SaveValConsumables', Arguments: List`1 = NULL 
    在 BusinessObjects.Domain.ValConsumableInfo.ConvertValConsumableTable(List`1 infos) 位置 d:\Projects\FujiFilm-MEMS\TeamCode\Code\MedicalEquipmentHostingSystem\BusinessObjects\Domain\ValuationInfo.cs:行号 252
   在 BusinessObjects.Manager.ValuationManager.SaveValConsumables(List`1 infos) 位置 d:\Projects\FujiFilm-MEMS\TeamCode\Code\MedicalEquipmentHostingSystem\BusinessObjects\Manager\ValuationManager.cs:行号 68
2020-06-24 10:27:27.7300 ERROR 未将对象引用设置到对象的实例。 
    在 BusinessObjects.Domain.ValConsumableInfo.ConvertValConsumableTable(List`1 infos) 位置 d:\Projects\FujiFilm-MEMS\TeamCode\Code\MedicalEquipmentHostingSystem\BusinessObjects\Domain\ValuationInfo.cs:行号 252
   在 BusinessObjects.Manager.ValuationManager.SaveValConsumables(List`1 infos) 位置 d:\Projects\FujiFilm-MEMS\TeamCode\Code\MedicalEquipmentHostingSystem\BusinessObjects\Manager\ValuationManager.cs:行号 70
   在 MedicalEquipmentHostingSystem.Controllers.ValuationController.SaveValConsumables(List`1 infos) 位置 d:\Projects\FujiFilm-MEMS\TeamCode\Code\MedicalEquipmentHostingSystem\MedicalEquipmentHostingSystem\Controllers\ValuationController.cs:行号 388
2020-06-24 10:28:55.5472 ERROR Exception: '当传递具有新行的 DataRow 集合时，Update 要求有效的 InsertCommand。' happened in Class 'ValuationDao', Method 'UpdateConsumables', Arguments: DataTable =  
    在 System.Data.Common.DbDataAdapter.UpdatedRowStatusErrors(RowUpdatedEventArgs rowUpdatedEvent, BatchCommandInfo[] batchCommands, Int32 commandCount)
   在 System.Data.Common.DbDataAdapter.UpdatedRowStatus(RowUpdatedEventArgs rowUpdatedEvent, BatchCommandInfo[] batchCommands, Int32 commandCount)
   在 System.Data.Common.DbDataAdapter.Update(DataRow[] dataRows, DataTableMapping tableMapping)
   在 System.Data.Common.DbDataAdapter.UpdateFromDataTable(DataTable dataTable, DataTableMapping tableMapping)
   在 System.Data.Common.DbDataAdapter.Update(DataTable dataTable)
   在 BusinessObjects.DataAccess.ValuationDao.UpdateConsumables(DataTable dt) 位置 d:\Projects\FujiFilm-MEMS\TeamCode\Code\MedicalEquipmentHostingSystem\BusinessObjects\DataAccess\ValuationDao.cs:行号 416
2020-06-24 10:28:55.5628 ERROR Exception: '当传递具有新行的 DataRow 集合时，Update 要求有效的 InsertCommand。' happened in Class 'ValuationManager', Method 'SaveValConsumables', Arguments: List`1 = System.Collections.Generic.List`1[BusinessObjects.Domain.ValConsumableInfo] 
    在 System.Data.Common.DbDataAdapter.UpdatedRowStatusErrors(RowUpdatedEventArgs rowUpdatedEvent, BatchCommandInfo[] batchCommands, Int32 commandCount)
   在 System.Data.Common.DbDataAdapter.UpdatedRowStatus(RowUpdatedEventArgs rowUpdatedEvent, BatchCommandInfo[] batchCommands, Int32 commandCount)
   在 System.Data.Common.DbDataAdapter.Update(DataRow[] dataRows, DataTableMapping tableMapping)
   在 System.Data.Common.DbDataAdapter.UpdateFromDataTable(DataTable dataTable, DataTableMapping tableMapping)
   在 System.Data.Common.DbDataAdapter.Update(DataTable dataTable)
   在 BusinessObjects.DataAccess.ValuationDao.UpdateConsumables(DataTable dt) 位置 d:\Projects\FujiFilm-MEMS\TeamCode\Code\MedicalEquipmentHostingSystem\BusinessObjects\DataAccess\ValuationDao.cs:行号 419
   在 BusinessObjects.Manager.ValuationManager.SaveValConsumables(List`1 infos) 位置 d:\Projects\FujiFilm-MEMS\TeamCode\Code\MedicalEquipmentHostingSystem\BusinessObjects\Manager\ValuationManager.cs:行号 69
2020-06-24 10:33:12.8949 ERROR Exception: '当传递具有新行的 DataRow 集合时，Update 要求有效的 InsertCommand。' happened in Class 'ValuationDao', Method 'UpdateConsumables', Arguments: DataTable =  
    在 System.Data.Common.DbDataAdapter.UpdatedRowStatusErrors(RowUpdatedEventArgs rowUpdatedEvent, BatchCommandInfo[] batchCommands, Int32 commandCount)
   在 System.Data.Common.DbDataAdapter.UpdatedRowStatus(RowUpdatedEventArgs rowUpdatedEvent, BatchCommandInfo[] batchCommands, Int32 commandCount)
   在 System.Data.Common.DbDataAdapter.Update(DataRow[] dataRows, DataTableMapping tableMapping)
   在 System.Data.Common.DbDataAdapter.UpdateFromDataTable(DataTable dataTable, DataTableMapping tableMapping)
   在 System.Data.Common.DbDataAdapter.Update(DataTable dataTable)
   在 BusinessObjects.DataAccess.ValuationDao.UpdateConsumables(DataTable dt) 位置 d:\Projects\FujiFilm-MEMS\TeamCode\Code\MedicalEquipmentHostingSystem\BusinessObjects\DataAccess\ValuationDao.cs:行号 416
2020-06-24 10:33:12.9261 ERROR Exception: '当传递具有新行的 DataRow 集合时，Update 要求有效的 InsertCommand。' happened in Class 'ValuationManager', Method 'SaveValConsumables', Arguments: List`1 = System.Collections.Generic.List`1[BusinessObjects.Domain.ValConsumableInfo] 
    在 System.Data.Common.DbDataAdapter.UpdatedRowStatusErrors(RowUpdatedEventArgs rowUpdatedEvent, BatchCommandInfo[] batchCommands, Int32 commandCount)
   在 System.Data.Common.DbDataAdapter.UpdatedRowStatus(RowUpdatedEventArgs rowUpdatedEvent, BatchCommandInfo[] batchCommands, Int32 commandCount)
   在 System.Data.Common.DbDataAdapter.Update(DataRow[] dataRows, DataTableMapping tableMapping)
   在 System.Data.Common.DbDataAdapter.UpdateFromDataTable(DataTable dataTable, DataTableMapping tableMapping)
   在 System.Data.Common.DbDataAdapter.Update(DataTable dataTable)
   在 BusinessObjects.DataAccess.ValuationDao.UpdateConsumables(DataTable dt) 位置 d:\Projects\FujiFilm-MEMS\TeamCode\Code\MedicalEquipmentHostingSystem\BusinessObjects\DataAccess\ValuationDao.cs:行号 419
   在 BusinessObjects.Manager.ValuationManager.SaveValConsumables(List`1 infos) 位置 d:\Projects\FujiFilm-MEMS\TeamCode\Code\MedicalEquipmentHostingSystem\BusinessObjects\Manager\ValuationManager.cs:行号 69
2020-06-24 10:33:12.9917 ERROR 当传递具有新行的 DataRow 集合时，Update 要求有效的 InsertCommand。 
    在 System.Data.Common.DbDataAdapter.UpdatedRowStatusErrors(RowUpdatedEventArgs rowUpdatedEvent, BatchCommandInfo[] batchCommands, Int32 commandCount)
   在 System.Data.Common.DbDataAdapter.UpdatedRowStatus(RowUpdatedEventArgs rowUpdatedEvent, BatchCommandInfo[] batchCommands, Int32 commandCount)
   在 System.Data.Common.DbDataAdapter.Update(DataRow[] dataRows, DataTableMapping tableMapping)
   在 System.Data.Common.DbDataAdapter.UpdateFromDataTable(DataTable dataTable, DataTableMapping tableMapping)
   在 System.Data.Common.DbDataAdapter.Update(DataTable dataTable)
   在 BusinessObjects.DataAccess.ValuationDao.UpdateConsumables(DataTable dt) 位置 d:\Projects\FujiFilm-MEMS\TeamCode\Code\MedicalEquipmentHostingSystem\BusinessObjects\DataAccess\ValuationDao.cs:行号 419
   在 BusinessObjects.Manager.ValuationManager.SaveValConsumables(List`1 infos) 位置 d:\Projects\FujiFilm-MEMS\TeamCode\Code\MedicalEquipmentHostingSystem\BusinessObjects\Manager\ValuationManager.cs:行号 70
   在 MedicalEquipmentHostingSystem.Controllers.ValuationController.SaveValConsumables(List`1 infos) 位置 d:\Projects\FujiFilm-MEMS\TeamCode\Code\MedicalEquipmentHostingSystem\MedicalEquipmentHostingSystem\Controllers\ValuationController.cs:行号 388
2020-06-24 11:11:51.3691 ERROR Exception: 'Invalid column name 'QtyEvel'.' happened in Class 'ValuationDao', Method 'InitSpares', Arguments: None 
    在 System.Data.SqlClient.SqlConnection.OnError(SqlException exception, Boolean breakConnection, Action`1 wrapCloseInAction)
   在 System.Data.SqlClient.SqlInternalConnection.OnError(SqlException exception, Boolean breakConnection, Action`1 wrapCloseInAction)
   在 System.Data.SqlClient.TdsParser.ThrowExceptionAndWarning(TdsParserStateObject stateObj, Boolean callerHasConnectionLock, Boolean asyncClose)
   在 System.Data.SqlClient.TdsParser.TryRun(RunBehavior runBehavior, SqlCommand cmdHandler, SqlDataReader dataStream, BulkCopySimpleResultSet bulkCopyHandler, TdsParserStateObject stateObj, Boolean& dataReady)
   在 System.Data.SqlClient.SqlCommand.RunExecuteNonQueryTds(String methodName, Boolean async, Int32 timeout, Boolean asyncWrite)
   在 System.Data.SqlClient.SqlCommand.InternalExecuteNonQuery(TaskCompletionSource`1 completion, String methodName, Boolean sendToPipe, Int32 timeout, Boolean& usedCache, Boolean asyncWrite, Boolean inRetry)
   在 System.Data.SqlClient.SqlCommand.ExecuteNonQuery()
   在 BusinessObjects.DataAccess.ValuationDao.InitSpares() 位置 d:\Projects\FujiFilm-MEMS\TeamCode\Code\MedicalEquipmentHostingSystem\BusinessObjects\DataAccess\ValuationDao.cs:行号 596
2020-06-24 11:11:51.4576 ERROR Invalid column name 'QtyEvel'. 
    在 System.Data.SqlClient.SqlConnection.OnError(SqlException exception, Boolean breakConnection, Action`1 wrapCloseInAction)
   在 System.Data.SqlClient.SqlInternalConnection.OnError(SqlException exception, Boolean breakConnection, Action`1 wrapCloseInAction)
   在 System.Data.SqlClient.TdsParser.ThrowExceptionAndWarning(TdsParserStateObject stateObj, Boolean callerHasConnectionLock, Boolean asyncClose)
   在 System.Data.SqlClient.TdsParser.TryRun(RunBehavior runBehavior, SqlCommand cmdHandler, SqlDataReader dataStream, BulkCopySimpleResultSet bulkCopyHandler, TdsParserStateObject stateObj, Boolean& dataReady)
   在 System.Data.SqlClient.SqlCommand.RunExecuteNonQueryTds(String methodName, Boolean async, Int32 timeout, Boolean asyncWrite)
   在 System.Data.SqlClient.SqlCommand.InternalExecuteNonQuery(TaskCompletionSource`1 completion, String methodName, Boolean sendToPipe, Int32 timeout, Boolean& usedCache, Boolean asyncWrite, Boolean inRetry)
   在 System.Data.SqlClient.SqlCommand.ExecuteNonQuery()
   在 BusinessObjects.DataAccess.ValuationDao.InitSpares() 位置 d:\Projects\FujiFilm-MEMS\TeamCode\Code\MedicalEquipmentHostingSystem\BusinessObjects\DataAccess\ValuationDao.cs:行号 598
   在 MedicalEquipmentHostingSystem.Controllers.ValuationController.InitValSpares() 位置 d:\Projects\FujiFilm-MEMS\TeamCode\Code\MedicalEquipmentHostingSystem\MedicalEquipmentHostingSystem\Controllers\ValuationController.cs:行号 412
2020-06-24 15:40:45.2439 ERROR Exception: 'Transaction (Process ID 54) was deadlocked on lock resources with another process and has been chosen as the deadlock victim. Rerun the transaction.' happened in Class 'RequestDao', Method 'QueryRequestsList', Arguments: 
    在 System.Data.SqlClient.SqlConnection.OnError(SqlException exception, Boolean breakConnection, Action`1 wrapCloseInAction)
   在 System.Data.SqlClient.SqlInternalConnection.OnError(SqlException exception, Boolean breakConnection, Action`1 wrapCloseInAction)
   在 System.Data.SqlClient.TdsParser.ThrowExceptionAndWarning(TdsParserStateObject stateObj, Boolean callerHasConnectionLock, Boolean asyncClose)
   在 System.Data.SqlClient.TdsParser.TryRun(RunBehavior runBehavior, SqlCommand cmdHandler, SqlDataReader dataStream, BulkCopySimpleResultSet bulkCopyHandler, TdsParserStateObject stateObj, Boolean& dataReady)
   在 System.Data.SqlClient.SqlDataReader.TryHasMoreRows(Boolean& moreRows)
   在 System.Data.SqlClient.SqlDataReader.TryReadInternal(Boolean setTimeout, Boolean& more)
   在 System.Data.SqlClient.SqlDataReader.Read()
   在 System.Data.Common.DataAdapter.FillLoadDataRow(SchemaMapping mapping)
   在 System.Data.Common.DataAdapter.FillFromReader(DataSet dataset, DataTable datatable, String srcTable, DataReaderContainer dataReader, Int32 startRecord, Int32 maxRecords, DataColumn parentChapterColumn, Object parentChapterValue)
   在 System.Data.Common.DataAdapter.Fill(DataTable[] dataTables, IDataReader dataReader, Int32 startRecord, Int32 maxRecords)
   在 System.Data.Common.DbDataAdapter.FillInternal(DataSet dataset, DataTable[] datatables, Int32 startRecord, Int32 maxRecords, String srcTable, IDbCommand command, CommandBehavior behavior)
   在 System.Data.Common.DbDataAdapter.Fill(DataTable[] dataTables, Int32 startRecord, Int32 maxRecords, IDbCommand command, CommandBehavior behavior)
   在 System.Data.Common.DbDataAdapter.Fill(DataTable dataTable)
   在 BusinessObjects.DataAccess.BaseDao.GetDataTable(SqlCommand command, String tableName) 位置 d:\Projects\FujiFilm-MEMS\TeamCode\Code\MedicalEquipmentHostingSystem\BusinessObjects\DataAccess\BaseDao.cs:行号 70
   在 BusinessObjects.DataAccess.RequestDao.QueryRequestsList(List`1 statusList, Int32 requestType, Boolean isRecall, Int32 department, Int32 urgency, Boolean overDue, String filterField, String filterText, String sortField, Boolean sortDirection, String startDate, String endDate, Int32 curRowNum, Int32 pageSize, Int32 requestUserID) 位置 d:\Projects\FujiFilm-MEMS\TeamCode\Code\MedicalEquipmentHostingSystem\BusinessObjects\DataAccess\RequestDao.cs:行号 168
2020-06-24 15:40:45.4380 ERROR Exception: 'Transaction (Process ID 54) was deadlocked on lock resources with another process and has been chosen as the deadlock victim. Rerun the transaction.' happened in Class 'RequestManager', Method 'QueryRequestsList', Arguments: 
    在 System.Data.SqlClient.SqlConnection.OnError(SqlException exception, Boolean breakConnection, Action`1 wrapCloseInAction)
   在 System.Data.SqlClient.SqlInternalConnection.OnError(SqlException exception, Boolean breakConnection, Action`1 wrapCloseInAction)
   在 System.Data.SqlClient.TdsParser.ThrowExceptionAndWarning(TdsParserStateObject stateObj, Boolean callerHasConnectionLock, Boolean asyncClose)
   在 System.Data.SqlClient.TdsParser.TryRun(RunBehavior runBehavior, SqlCommand cmdHandler, SqlDataReader dataStream, BulkCopySimpleResultSet bulkCopyHandler, TdsParserStateObject stateObj, Boolean& dataReady)
   在 System.Data.SqlClient.SqlDataReader.TryHasMoreRows(Boolean& moreRows)
   在 System.Data.SqlClient.SqlDataReader.TryReadInternal(Boolean setTimeout, Boolean& more)
   在 System.Data.SqlClient.SqlDataReader.Read()
   在 System.Data.Common.DataAdapter.FillLoadDataRow(SchemaMapping mapping)
   在 System.Data.Common.DataAdapter.FillFromReader(DataSet dataset, DataTable datatable, String srcTable, DataReaderContainer dataReader, Int32 startRecord, Int32 maxRecords, DataColumn parentChapterColumn, Object parentChapterValue)
   在 System.Data.Common.DataAdapter.Fill(DataTable[] dataTables, IDataReader dataReader, Int32 startRecord, Int32 maxRecords)
   在 System.Data.Common.DbDataAdapter.FillInternal(DataSet dataset, DataTable[] datatables, Int32 startRecord, Int32 maxRecords, String srcTable, IDbCommand command, CommandBehavior behavior)
   在 System.Data.Common.DbDataAdapter.Fill(DataTable[] dataTables, Int32 startRecord, Int32 maxRecords, IDbCommand command, CommandBehavior behavior)
   在 System.Data.Common.DbDataAdapter.Fill(DataTable dataTable)
   在 BusinessObjects.DataAccess.BaseDao.GetDataTable(SqlCommand command, String tableName) 位置 d:\Projects\FujiFilm-MEMS\TeamCode\Code\MedicalEquipmentHostingSystem\BusinessObjects\DataAccess\BaseDao.cs:行号 70
   在 BusinessObjects.DataAccess.RequestDao.QueryRequestsList(List`1 statusList, Int32 requestType, Boolean isRecall, Int32 department, Int32 urgency, Boolean overDue, String filterField, String filterText, String sortField, Boolean sortDirection, String startDate, String endDate, Int32 curRowNum, Int32 pageSize, Int32 requestUserID) 位置 d:\Projects\FujiFilm-MEMS\TeamCode\Code\MedicalEquipmentHostingSystem\BusinessObjects\DataAccess\RequestDao.cs:行号 178
   在 BusinessObjects.Manager.RequestManager.QueryRequestsList(List`1 statusList, Int32 requestType, Boolean isRecall, Int32 department, Int32 urgency, Boolean overDue, String filterField, String filterText, String sortField, Boolean sortDirection, Int32 curRowNum, Int32 pageSize, String startDate, String endDate, Int32 requestUserID) 位置 d:\Projects\FujiFilm-MEMS\TeamCode\Code\MedicalEquipmentHostingSystem\BusinessObjects\Manager\RequestManager.cs:行号 79
2020-06-24 15:40:45.4880 ERROR Exception: 'Transaction (Process ID 54) was deadlocked on lock resources with another process and has been chosen as the deadlock victim. Rerun the transaction.' happened in Class 'RequestManager', Method 'QueryRequestsList', Arguments: 
    在 System.Data.SqlClient.SqlConnection.OnError(SqlException exception, Boolean breakConnection, Action`1 wrapCloseInAction)
   在 System.Data.SqlClient.SqlInternalConnection.OnError(SqlException exception, Boolean breakConnection, Action`1 wrapCloseInAction)
   在 System.Data.SqlClient.TdsParser.ThrowExceptionAndWarning(TdsParserStateObject stateObj, Boolean callerHasConnectionLock, Boolean asyncClose)
   在 System.Data.SqlClient.TdsParser.TryRun(RunBehavior runBehavior, SqlCommand cmdHandler, SqlDataReader dataStream, BulkCopySimpleResultSet bulkCopyHandler, TdsParserStateObject stateObj, Boolean& dataReady)
   在 System.Data.SqlClient.SqlDataReader.TryHasMoreRows(Boolean& moreRows)
   在 System.Data.SqlClient.SqlDataReader.TryReadInternal(Boolean setTimeout, Boolean& more)
   在 System.Data.SqlClient.SqlDataReader.Read()
   在 System.Data.Common.DataAdapter.FillLoadDataRow(SchemaMapping mapping)
   在 System.Data.Common.DataAdapter.FillFromReader(DataSet dataset, DataTable datatable, String srcTable, DataReaderContainer dataReader, Int32 startRecord, Int32 maxRecords, DataColumn parentChapterColumn, Object parentChapterValue)
   在 System.Data.Common.DataAdapter.Fill(DataTable[] dataTables, IDataReader dataReader, Int32 startRecord, Int32 maxRecords)
   在 System.Data.Common.DbDataAdapter.FillInternal(DataSet dataset, DataTable[] datatables, Int32 startRecord, Int32 maxRecords, String srcTable, IDbCommand command, CommandBehavior behavior)
   在 System.Data.Common.DbDataAdapter.Fill(DataTable[] dataTables, Int32 startRecord, Int32 maxRecords, IDbCommand command, CommandBehavior behavior)
   在 System.Data.Common.DbDataAdapter.Fill(DataTable dataTable)
   在 BusinessObjects.DataAccess.BaseDao.GetDataTable(SqlCommand command, String tableName) 位置 d:\Projects\FujiFilm-MEMS\TeamCode\Code\MedicalEquipmentHostingSystem\BusinessObjects\DataAccess\BaseDao.cs:行号 70
   在 BusinessObjects.DataAccess.RequestDao.QueryRequestsList(List`1 statusList, Int32 requestType, Boolean isRecall, Int32 department, Int32 urgency, Boolean overDue, String filterField, String filterText, String sortField, Boolean sortDirection, String startDate, String endDate, Int32 curRowNum, Int32 pageSize, Int32 requestUserID) 位置 d:\Projects\FujiFilm-MEMS\TeamCode\Code\MedicalEquipmentHostingSystem\BusinessObjects\DataAccess\RequestDao.cs:行号 178
   在 BusinessObjects.Manager.RequestManager.QueryRequestsList(List`1 statusList, Int32 requestType, Boolean isRecall, Int32 department, Int32 urgency, Boolean overDue, String filterField, String filterText, String sortField, Boolean sortDirection, Int32 curRowNum, Int32 pageSize, String startDate, String endDate, Int32 requestUserID) 位置 d:\Projects\FujiFilm-MEMS\TeamCode\Code\MedicalEquipmentHostingSystem\BusinessObjects\Manager\RequestManager.cs:行号 92
   在 BusinessObjects.Manager.RequestManager.QueryRequestsList(Int32 status, Int32 requestType, Boolean isRecall, Int32 department, Int32 urgency, Boolean overDue, String filterField, String filterText, String sortField, Boolean sortDirection, Int32 curRowNum, Int32 pageSize, String startDate, String endDate, Int32 requestUserID) 位置 d:\Projects\FujiFilm-MEMS\TeamCode\Code\MedicalEquipmentHostingSystem\BusinessObjects\Manager\RequestManager.cs:行号 55
2020-06-24 15:40:45.5329 ERROR Transaction (Process ID 54) was deadlocked on lock resources with another process and has been chosen as the deadlock victim. Rerun the transaction. 
    在 System.Data.SqlClient.SqlConnection.OnError(SqlException exception, Boolean breakConnection, Action`1 wrapCloseInAction)
   在 System.Data.SqlClient.SqlInternalConnection.OnError(SqlException exception, Boolean breakConnection, Action`1 wrapCloseInAction)
   在 System.Data.SqlClient.TdsParser.ThrowExceptionAndWarning(TdsParserStateObject stateObj, Boolean callerHasConnectionLock, Boolean asyncClose)
   在 System.Data.SqlClient.TdsParser.TryRun(RunBehavior runBehavior, SqlCommand cmdHandler, SqlDataReader dataStream, BulkCopySimpleResultSet bulkCopyHandler, TdsParserStateObject stateObj, Boolean& dataReady)
   在 System.Data.SqlClient.SqlDataReader.TryHasMoreRows(Boolean& moreRows)
   在 System.Data.SqlClient.SqlDataReader.TryReadInternal(Boolean setTimeout, Boolean& more)
   在 System.Data.SqlClient.SqlDataReader.Read()
   在 System.Data.Common.DataAdapter.FillLoadDataRow(SchemaMapping mapping)
   在 System.Data.Common.DataAdapter.FillFromReader(DataSet dataset, DataTable datatable, String srcTable, DataReaderContainer dataReader, Int32 startRecord, Int32 maxRecords, DataColumn parentChapterColumn, Object parentChapterValue)
   在 System.Data.Common.DataAdapter.Fill(DataTable[] dataTables, IDataReader dataReader, Int32 startRecord, Int32 maxRecords)
   在 System.Data.Common.DbDataAdapter.FillInternal(DataSet dataset, DataTable[] datatables, Int32 startRecord, Int32 maxRecords, String srcTable, IDbCommand command, CommandBehavior behavior)
   在 System.Data.Common.DbDataAdapter.Fill(DataTable[] dataTables, Int32 startRecord, Int32 maxRecords, IDbCommand command, CommandBehavior behavior)
   在 System.Data.Common.DbDataAdapter.Fill(DataTable dataTable)
   在 BusinessObjects.DataAccess.BaseDao.GetDataTable(SqlCommand command, String tableName) 位置 d:\Projects\FujiFilm-MEMS\TeamCode\Code\MedicalEquipmentHostingSystem\BusinessObjects\DataAccess\BaseDao.cs:行号 70
   在 BusinessObjects.DataAccess.RequestDao.QueryRequestsList(List`1 statusList, Int32 requestType, Boolean isRecall, Int32 department, Int32 urgency, Boolean overDue, String filterField, String filterText, String sortField, Boolean sortDirection, String startDate, String endDate, Int32 curRowNum, Int32 pageSize, Int32 requestUserID) 位置 d:\Projects\FujiFilm-MEMS\TeamCode\Code\MedicalEquipmentHostingSystem\BusinessObjects\DataAccess\RequestDao.cs:行号 178
   在 BusinessObjects.Manager.RequestManager.QueryRequestsList(List`1 statusList, Int32 requestType, Boolean isRecall, Int32 department, Int32 urgency, Boolean overDue, String filterField, String filterText, String sortField, Boolean sortDirection, Int32 curRowNum, Int32 pageSize, String startDate, String endDate, Int32 requestUserID) 位置 d:\Projects\FujiFilm-MEMS\TeamCode\Code\MedicalEquipmentHostingSystem\BusinessObjects\Manager\RequestManager.cs:行号 92
   在 BusinessObjects.Manager.RequestManager.QueryRequestsList(Int32 status, Int32 requestType, Boolean isRecall, Int32 department, Int32 urgency, Boolean overDue, String filterField, String filterText, String sortField, Boolean sortDirection, Int32 curRowNum, Int32 pageSize, String startDate, String endDate, Int32 requestUserID) 位置 d:\Projects\FujiFilm-MEMS\TeamCode\Code\MedicalEquipmentHostingSystem\BusinessObjects\Manager\RequestManager.cs:行号 56
   在 MedicalEquipmentHostingSystem.Controllers.RequestController.QueryOverview() 位置 d:\Projects\FujiFilm-MEMS\TeamCode\Code\MedicalEquipmentHostingSystem\MedicalEquipmentHostingSystem\Controllers\RequestController.cs:行号 505
