2020-08-24 08:22:16.1051 INFO Create event timer with Period: 60 Minute(s). 
 
2020-08-24 09:09:31.5070 INFO Create event timer with Period: 60 Minute(s). 
 
2020-08-24 09:16:57.4239 INFO Create event timer with Period: 60 Minute(s). 
 
2020-08-24 10:16:57.4004 INFO DoTimerCallback run start at 2020/8/24 10:16:57 
 
2020-08-24 10:16:57.8516 INFO DoTimerCallback run end at 2020/8/24 10:16:57 
 
2020-08-24 11:16:57.8648 INFO DoTimerCallback run start at 2020/8/24 11:16:57 
 
2020-08-24 11:16:57.9158 INFO DoTimerCallback run end at 2020/8/24 11:16:57 
 
2020-08-24 13:36:33.5418 INFO Create event timer with Period: 60 Minute(s). 
 
2020-08-24 14:06:11.3621 INFO Create event timer with Period: 60 Minute(s). 
 
2020-08-24 14:14:41.6745 INFO Create event timer with Period: 60 Minute(s). 
 
2020-08-24 14:22:43.4401 INFO Create event timer with Period: 60 Minute(s). 
 
2020-08-24 14:26:08.4099 INFO Create event timer with Period: 60 Minute(s). 
 
2020-08-24 14:30:38.8170 INFO Create event timer with Period: 60 Minute(s). 
 
2020-08-24 14:36:08.9900 INFO Create event timer with Period: 60 Minute(s). 
 
2020-08-24 14:46:08.8949 INFO Create event timer with Period: 60 Minute(s). 
 
2020-08-24 14:46:29.1795 INFO CalculateContractAmountForcast:396 
 
2020-08-24 14:46:29.7531 INFO CalculateRepair3partyCostForcast:570 
 
2020-08-24 14:46:31.1673 INFO InsertValEquipmentOutput:412 
 
2020-08-24 14:46:31.4481 INFO CalculateComponentsAmountForcast:278 
 
2020-08-24 14:46:32.1727 INFO InsertValComponentOutput:722 
 
2020-08-24 14:46:33.3690 INFO CalculateConsumableAmountForcast:195 
 
2020-08-24 14:46:38.4829 INFO 获取执行结果:88 
 
2020-08-24 14:47:09.6516 INFO CalculateContractAmountForcast:363 
 
2020-08-24 14:47:17.9528 INFO CalculateRepair3partyCostForcast:365 
 
2020-08-24 14:47:29.8598 INFO InsertValEquipmentOutput:380 
 
2020-08-24 14:47:31.2999 INFO CalculateComponentsAmountForcast:669 
 
2020-08-24 14:47:34.7988 INFO InsertValComponentOutput:45 
 
2020-08-24 14:47:37.0645 INFO CalculateConsumableAmountForcast:791 
 
2020-08-24 14:47:57.9276 INFO 获取执行结果:104 
 
2020-08-24 14:48:33.9661 INFO CalculateContractAmountForcast:247 
 
2020-08-24 14:48:34.5157 INFO CalculateRepair3partyCostForcast:547 
 
2020-08-24 14:48:35.9489 INFO InsertValEquipmentOutput:432 
 
2020-08-24 14:48:36.2877 INFO CalculateComponentsAmountForcast:336 
 
2020-08-24 14:48:37.0892 INFO InsertValComponentOutput:800 
 
2020-08-24 14:48:37.9597 INFO CalculateConsumableAmountForcast:869 
 
2020-08-24 14:48:43.8631 INFO 获取执行结果:899 
 
2020-08-24 14:50:11.2537 INFO CalculateContractAmountForcast:217 
 
2020-08-24 14:50:11.7224 INFO CalculateRepair3partyCostForcast:467 
 
2020-08-24 14:50:13.1526 INFO InsertValEquipmentOutput:428 
 
2020-08-24 14:50:13.5094 INFO CalculateComponentsAmountForcast:355 
 
2020-08-24 14:50:14.4168 INFO InsertValComponentOutput:905 
 
2020-08-24 14:50:15.2503 INFO CalculateConsumableAmountForcast:831 
 
2020-08-24 14:50:21.0777 INFO 获取执行结果:823 
 
2020-08-24 14:50:41.8343 INFO CalculateContractAmountForcast:242 
 
2020-08-24 14:50:42.1401 INFO CalculateRepair3partyCostForcast:304 
 
2020-08-24 14:50:43.3114 INFO InsertValEquipmentOutput:170 
 
2020-08-24 14:50:43.5563 INFO CalculateComponentsAmountForcast:242 
 
2020-08-24 14:50:44.2658 INFO InsertValComponentOutput:708 
 
2020-08-24 14:50:45.1133 INFO CalculateConsumableAmountForcast:844 
 
2020-08-24 14:50:50.7739 INFO 获取执行结果:622 
 
2020-08-24 14:53:16.9438 INFO Create event timer with Period: 60 Minute(s). 
 
2020-08-24 14:53:26.8009 INFO CalculateContractAmountForcast:302 
 
2020-08-24 14:53:27.2586 INFO CalculateRepair3partyCostForcast:456 
 
2020-08-24 14:53:28.4099 INFO InsertValEquipmentOutput:149 
 
2020-08-24 14:53:28.8936 INFO CalculateComponentsAmountForcast:481 
 
2020-08-24 14:53:29.8570 INFO InsertValComponentOutput:954 
 
2020-08-24 14:53:31.3401 INFO CalculateConsumableAmountForcast:476 
 
2020-08-24 14:53:37.0636 INFO 获取执行结果:571 
 
2020-08-24 14:53:37.0656 INFO size:65 
 
2020-08-24 14:56:48.8674 INFO Create event timer with Period: 60 Minute(s). 
 
2020-08-24 14:57:07.5599 INFO CalculateContractAmountForcast:232.8561 
 
2020-08-24 14:57:07.9237 INFO CalculateRepair3partyCostForcast:362.7738 
 
2020-08-24 14:57:09.5976 INFO InsertValEquipmentOutput:1672.9813 
 
2020-08-24 14:57:09.8815 INFO CalculateComponentsAmountForcast:281.8246 
 
2020-08-24 14:57:10.9149 INFO InsertValComponentOutput:1032.4046 
 
2020-08-24 14:57:12.1411 INFO CalculateConsumableAmountForcast:1225.2393 
 
2020-08-24 14:57:19.7165 INFO 获取执行结果:7496.4403 
 
2020-08-24 14:57:19.7165 INFO size:65 
 
2020-08-24 14:59:35.8974 INFO Create event timer with Period: 60 Minute(s). 
 
2020-08-24 14:59:58.1038 INFO CalculateContractAmountForcast:307.8357 
 
2020-08-24 14:59:58.5175 INFO CalculateRepair3partyCostForcast:410.7408 
 
2020-08-24 14:59:59.6089 INFO InsertValEquipmentOutput:1090.3246 
 
2020-08-24 14:59:59.8927 INFO CalculateComponentsAmountForcast:281.8242 
 
2020-08-24 15:00:00.7681 INFO InsertValComponentOutput:873.4576 
 
2020-08-24 15:00:01.8005 INFO CalculateConsumableAmountForcast:1031.3597 
 
2020-08-24 15:00:10.8055 INFO 获取执行结果:8975.9986 
 
2020-08-24 15:00:10.8055 INFO size:120 
 
2020-08-24 15:02:45.7996 INFO Create event timer with Period: 60 Minute(s). 
 
2020-08-24 15:03:13.9104 INFO CalculateContractAmountForcast:256.8391 
 
2020-08-24 15:03:14.2792 INFO CalculateRepair3partyCostForcast:367.7733 
 
2020-08-24 15:03:15.4615 INFO InsertValEquipmentOutput:1180.2696 
 
2020-08-24 15:03:15.7643 INFO CalculateComponentsAmountForcast:300.8299 
 
2020-08-24 15:03:16.8657 INFO InsertValComponentOutput:1100.3768 
 
2020-08-24 15:03:18.1969 INFO CalculateConsumableAmountForcast:1327.204 
 
2020-08-24 15:03:34.5893 INFO 获取预测执行结果:16297.4819 
 
2020-08-24 15:03:34.7012 INFO 获取实绩执行结果:110.9306 
 
2020-08-24 15:03:34.7012 INFO size:120 
 
2020-08-24 15:03:57.1541 INFO CalculateContractAmountForcast:212.8633 
 
2020-08-24 15:03:57.4599 INFO CalculateRepair3partyCostForcast:304.8092 
 
2020-08-24 15:03:58.6692 INFO InsertValEquipmentOutput:1208.2717 
 
2020-08-24 15:03:58.9440 INFO CalculateComponentsAmountForcast:273.8292 
 
2020-08-24 15:03:59.7875 INFO InsertValComponentOutput:842.5163 
 
2020-08-24 15:04:00.7179 INFO CalculateConsumableAmountForcast:929.422 
 
2020-08-24 15:04:06.6663 INFO 获取预测执行结果:5927.3374 
 
2020-08-24 15:04:06.7752 INFO 获取实绩执行结果:105.9375 
 
2020-08-24 15:04:06.7752 INFO size:120 
 
2020-08-24 15:06:38.4869 INFO Create event timer with Period: 60 Minute(s). 
 
2020-08-24 15:07:13.1361 INFO CalculateContractAmountForcast:315.8001 
 
2020-08-24 15:07:13.5228 INFO CalculateRepair3partyCostForcast:384.7607 
 
2020-08-24 15:07:14.5352 INFO InsertValEquipmentOutput:1011.3907 
 
2020-08-24 15:07:14.8161 INFO CalculateComponentsAmountForcast:278.8272 
 
2020-08-24 15:07:15.8544 INFO InsertValComponentOutput:1037.3544 
 
2020-08-24 15:07:16.8318 INFO CalculateConsumableAmountForcast:976.3909 
 
2020-08-24 15:07:22.4224 INFO 获取预测执行结果:5559.6313 
 
2020-08-24 15:07:22.5323 INFO 获取实绩执行结果:107.9292 
 
2020-08-24 15:07:26.8397 INFO CalculateContractAmountForcast:227.8579 
 
2020-08-24 15:07:27.1715 INFO CalculateRepair3partyCostForcast:329.7975 
 
2020-08-24 15:07:28.2139 INFO InsertValEquipmentOutput:1041.3571 
 
2020-08-24 15:07:28.4957 INFO CalculateComponentsAmountForcast:278.8242 
 
2020-08-24 15:07:29.2363 INFO InsertValComponentOutput:736.6018 
 
2020-08-24 15:07:30.0558 INFO CalculateConsumableAmountForcast:817.4918 
 
2020-08-24 15:07:35.8344 INFO 获取预测执行结果:5739.6063 
 
2020-08-24 15:07:35.9383 INFO 获取实绩执行结果:101.9379 
 
2020-08-24 15:17:24.4717 INFO Create event timer with Period: 60 Minute(s). 
 
2020-08-24 15:17:35.0971 INFO CalculateContractAmountForcast:211.8682 
 
2020-08-24 15:17:35.4428 INFO CalculateRepair3partyCostForcast:344.7856 
 
2020-08-24 15:17:36.5452 INFO InsertValEquipmentOutput:1100.3381 
 
2020-08-24 15:17:36.8450 INFO CalculateComponentsAmountForcast:298.8127 
 
2020-08-24 15:17:37.5306 INFO InsertValComponentOutput:683.5956 
 
2020-08-24 15:17:38.3611 INFO CalculateConsumableAmountForcast:829.4861 
 
2020-08-24 15:19:07.0232 INFO 获取预测执行结果:88588.1304 
 
2020-08-24 15:19:11.6784 INFO 获取实绩执行结果:2150.8088 
 
2020-08-24 15:22:45.5334 INFO Create event timer with Period: 60 Minute(s). 
 
2020-08-24 15:23:14.1280 INFO CalculateContractAmountForcast:219.8629 
 
2020-08-24 15:23:14.4807 INFO CalculateRepair3partyCostForcast:351.7824 
 
2020-08-24 15:23:15.7730 INFO InsertValEquipmentOutput:1290.2332 
 
2020-08-24 15:23:16.0588 INFO CalculateComponentsAmountForcast:283.8207 
 
2020-08-24 15:23:17.1931 INFO InsertValComponentOutput:1133.3159 
 
2020-08-24 15:23:18.2775 INFO CalculateConsumableAmountForcast:1083.3635 
 
2020-08-24 15:29:15.1116 INFO Create event timer with Period: 60 Minute(s). 
 
2020-08-24 15:29:34.5029 INFO CalculateContractAmountForcast:251.8462 
 
2020-08-24 15:29:34.9216 INFO CalculateRepair3partyCostForcast:416.7408 
 
2020-08-24 15:29:36.4057 INFO InsertValEquipmentOutput:1482.0835 
 
2020-08-24 15:29:36.7015 INFO CalculateComponentsAmountForcast:293.818 
 
2020-08-24 15:29:39.1200 INFO InsertValComponentOutput:2417.5171 
 
2020-08-24 15:29:39.9935 INFO CalculateConsumableAmountForcast:872.4586 
 
2020-08-24 15:30:09.0051 INFO CalculateContractAmountForcast:241.8469 
 
2020-08-24 15:30:09.3439 INFO CalculateRepair3partyCostForcast:337.7885 
 
2020-08-24 15:30:10.5181 INFO InsertValEquipmentOutput:1172.2744 
 
2020-08-24 15:30:10.7750 INFO CalculateComponentsAmountForcast:254.8393 
 
2020-08-24 15:30:11.4626 INFO InsertValComponentOutput:686.5923 
 
2020-08-24 15:30:12.4570 INFO CalculateConsumableAmountForcast:993.3846 
 
2020-08-24 15:34:07.9184 INFO 获取预测执行结果:235426.5048 
 
2020-08-24 15:34:08.0484 INFO 获取实绩执行结果:126.9189 
 
2020-08-24 15:34:10.5828 INFO CalculateContractAmountForcast:222.8594 
 
2020-08-24 15:34:10.9636 INFO CalculateRepair3partyCostForcast:378.7603 
 
2020-08-24 15:34:12.2188 INFO InsertValEquipmentOutput:1253.2613 
 
2020-08-24 15:34:12.5086 INFO CalculateComponentsAmountForcast:288.8359 
 
2020-08-24 15:34:13.1932 INFO InsertValComponentOutput:682.5799 
 
2020-08-24 15:34:14.0887 INFO CalculateConsumableAmountForcast:892.4699 
 
2020-08-24 15:35:02.0137 INFO 获取预测执行结果:47891.0552 
 
2020-08-24 15:35:02.1207 INFO 获取实绩执行结果:103.9313 
 
2020-08-24 15:35:04.6011 INFO CalculateContractAmountForcast:247.8438 
 
2020-08-24 15:35:05.0039 INFO CalculateRepair3partyCostForcast:401.7488 
 
2020-08-24 15:35:06.6249 INFO InsertValEquipmentOutput:1620.0502 
 
2020-08-24 15:35:06.9027 INFO CalculateComponentsAmountForcast:276.8283 
 
2020-08-24 15:35:08.0212 INFO InsertValComponentOutput:1117.4125 
 
2020-08-24 15:35:09.2324 INFO CalculateConsumableAmountForcast:1210.2487 
 
2020-08-24 15:35:55.1626 INFO 获取预测执行结果:45893.2328 
 
2020-08-24 15:35:55.2685 INFO 获取实绩执行结果:104.9347 
 
2020-08-24 15:54:29.5967 INFO Create event timer with Period: 60 Minute(s). 
 
2020-08-24 15:55:09.1701 INFO CalculateContractAmountForcast:250.842 
 
2020-08-24 15:55:09.5249 INFO CalculateRepair3partyCostForcast:353.7769 
 
2020-08-24 15:55:10.6012 INFO InsertValEquipmentOutput:1074.3315 
 
2020-08-24 15:55:10.8800 INFO CalculateComponentsAmountForcast:277.8295 
 
2020-08-24 15:55:11.9684 INFO InsertValComponentOutput:1086.3266 
 
2020-08-24 15:55:13.2296 INFO CalculateConsumableAmountForcast:1260.214 
 
2020-08-24 15:55:31.3803 INFO 获取预测执行结果:18027.8111 
 
2020-08-24 15:55:31.4942 INFO 获取实绩执行结果:111.9291 
 
2020-08-24 15:55:33.6289 INFO CalculateContractAmountForcast:307.8066 
 
2020-08-24 15:55:33.9457 INFO CalculateRepair3partyCostForcast:315.8031 
 
2020-08-24 15:55:35.1130 INFO InsertValEquipmentOutput:1165.2738 
 
2020-08-24 15:55:35.4368 INFO CalculateComponentsAmountForcast:322.7994 
 
2020-08-24 15:55:36.1404 INFO InsertValComponentOutput:701.5651 
 
2020-08-24 15:55:37.0218 INFO CalculateConsumableAmountForcast:880.4538 
 
2020-08-24 15:55:41.9997 INFO 获取预测执行结果:4916.9477 
 
2020-08-24 15:55:42.0997 INFO 获取实绩执行结果:98.9414 
 
2020-08-24 15:55:46.1541 INFO CalculateContractAmountForcast:224.86 
 
2020-08-24 15:55:46.6079 INFO CalculateRepair3partyCostForcast:452.7194 
 
2020-08-24 15:56:15.4779 INFO InsertValEquipmentOutput:28868.0775 
 
2020-08-24 15:56:15.7298 INFO CalculateComponentsAmountForcast:249.8416 
 
2020-08-24 15:56:16.7312 INFO InsertValComponentOutput:1000.3791 
 
2020-08-24 15:56:18.0473 INFO CalculateConsumableAmountForcast:1314.1832 
 
2020-08-24 15:56:23.6509 INFO 获取预测执行结果:5546.557 
 
2020-08-24 15:56:23.7498 INFO 获取实绩执行结果:97.9417 
 
2020-08-24 15:56:45.9590 INFO CalculateContractAmountForcast:245.8461 
 
2020-08-24 15:56:46.3748 INFO CalculateRepair3partyCostForcast:413.7438 
 
2020-08-24 15:56:47.6889 INFO InsertValEquipmentOutput:1312.1847 
 
2020-08-24 15:56:47.9708 INFO CalculateComponentsAmountForcast:278.8244 
 
2020-08-24 15:56:48.8412 INFO InsertValComponentOutput:868.4611 
 
2020-08-24 15:56:49.6507 INFO CalculateConsumableAmountForcast:809.4994 
 
2020-08-24 15:56:55.3252 INFO 获取预测执行结果:5657.481 
 
2020-08-24 15:56:55.4301 INFO 获取实绩执行结果:102.9373 
 
2020-08-24 16:14:17.3508 INFO Create event timer with Period: 60 Minute(s). 
 
